nohup: 忽略输入
starting loading data
2018-12-01 18:33:38
finish loading data
2018-12-01 18:39:32
batch_num 15625
configurations {'keep_prob': 0.7, 'data_path': '../../data/ubuntu/data.pkl', 'word_layers_itg': 2, 'evaluate_step': 15625, 'filter_size': 3, 'filter_h': 3, 'hidden_embedding_dim': 200, 'emb_train': False, 'embedding_file': '../../data/ubuntu/word_embedding.pkl', 'CPU': '/cpu:0', 'epoch': 4, 'lr': 0.001, 'save_path': 'Gcnn_v3_test/version4/', 'word_layers_enc': 2, 'print_step': 1562, '_EOS_': 28270, 'word_embedding_dim': 200, 'batch_size': 64, 'max_turn_num': 4, 'final_n_class': 1, 'word_layers_agg': 2, 'max_turn_len': 50, 'train_steps': 62500, 'output_path': 'Gcnn_v3_output/version4/', 'init_model': 'Gcnn_v3_model/version4/'}
2018-12-01 18:39:48.363559: W tensorflow/core/platform/cpu_feature_guard.cc:45] The TensorFlow library wasn't compiled to use SSE4.1 instructions, but these are available on your machine and could speed up CPU computations.
2018-12-01 18:39:48.363577: W tensorflow/core/platform/cpu_feature_guard.cc:45] The TensorFlow library wasn't compiled to use SSE4.2 instructions, but these are available on your machine and could speed up CPU computations.
2018-12-01 18:39:48.363581: W tensorflow/core/platform/cpu_feature_guard.cc:45] The TensorFlow library wasn't compiled to use AVX instructions, but these are available on your machine and could speed up CPU computations.
2018-12-01 18:39:48.363584: W tensorflow/core/platform/cpu_feature_guard.cc:45] The TensorFlow library wasn't compiled to use AVX2 instructions, but these are available on your machine and could speed up CPU computations.
2018-12-01 18:39:48.363587: W tensorflow/core/platform/cpu_feature_guard.cc:45] The TensorFlow library wasn't compiled to use FMA instructions, but these are available on your machine and could speed up CPU computations.
2018-12-01 18:39:48.475004: I tensorflow/stream_executor/cuda/cuda_gpu_executor.cc:893] successful NUMA node read from SysFS had negative value (-1), but there must be at least one NUMA node, so returning NUMA node zero
2018-12-01 18:39:48.475443: I tensorflow/core/common_runtime/gpu/gpu_device.cc:940] Found device 0 with properties: 
name: GeForce GTX 1070
major: 6 minor: 1 memoryClockRate (GHz) 1.683
pciBusID 0000:02:00.0
Total memory: 7.92GiB
Free memory: 7.83GiB
2018-12-01 18:39:48.475453: I tensorflow/core/common_runtime/gpu/gpu_device.cc:961] DMA: 0 
2018-12-01 18:39:48.475457: I tensorflow/core/common_runtime/gpu/gpu_device.cc:971] 0:   Y 
2018-12-01 18:39:48.475463: I tensorflow/core/common_runtime/gpu/gpu_device.cc:1030] Creating TensorFlow device (/gpu:0) -> (device: 0, name: GeForce GTX 1070, pci bus id: 0000:02:00.0)
starting shuffle train data
finish building train data
2018-12-01 18:40:44.907123: I tensorflow/core/common_runtime/gpu/pool_allocator.cc:247] PoolAllocator: After 1700 get requests, put_count=1328 evicted_count=1000 eviction_rate=0.753012 and unsatisfied allocation rate=0.865882
2018-12-01 18:40:44.907153: I tensorflow/core/common_runtime/gpu/pool_allocator.cc:259] Raising pool_size_limit_ from 100 to 110
2018-12-01 18:40:48.806324: I tensorflow/core/common_runtime/gpu/pool_allocator.cc:247] PoolAllocator: After 850 get requests, put_count=1343 evicted_count=1000 eviction_rate=0.744602 and unsatisfied allocation rate=0.623529
2018-12-01 18:40:48.806353: I tensorflow/core/common_runtime/gpu/pool_allocator.cc:259] Raising pool_size_limit_ from 256 to 281
2018-12-01 18:40:57.422509: I tensorflow/core/common_runtime/gpu/pool_allocator.cc:247] PoolAllocator: After 5956 get requests, put_count=6081 evicted_count=1000 eviction_rate=0.164447 and unsatisfied allocation rate=0.156817
2018-12-01 18:40:57.422548: I tensorflow/core/common_runtime/gpu/pool_allocator.cc:259] Raising pool_size_limit_ from 655 to 720
epoch=1 step: 1562 loss 0.36304998 processed: [0.099968]
epoch=1 step: 3124 loss 0.4769594 processed: [0.199936]
epoch=1 step: 4686 loss 0.32628715 processed: [0.299904]
epoch=1 step: 6248 loss 0.43635833 processed: [0.399872]
epoch=1 step: 7810 loss 0.27880862 processed: [0.49984]
epoch=1 step: 9372 loss 0.30008394 processed: [0.599808]
epoch=1 step: 10934 loss 0.4034185 processed: [0.699776]
epoch=1 step: 12496 loss 0.2826531 processed: [0.799744]
epoch=1 step: 14058 loss 0.3126421 processed: [0.899712]
epoch=1 step: 15620 loss 0.3398137 processed: [0.99968]
('R10_1', 0.735804148248895)
('R10_2', 0.8468108086485189)
('R10_5', 0.9565373922435346)
('R2_1', 0.9253955237314239)
save evaluate_step: 1
2018-12-01 20:06:32
starting shuffle train data
finish building train data
epoch=2 step: 17182 loss 0.4206677 processed: [1.099648]
epoch=2 step: 18744 loss 0.32694304 processed: [1.199616]
epoch=2 step: 20306 loss 0.23639244 processed: [1.299584]
epoch=2 step: 21868 loss 0.19402592 processed: [1.399552]
epoch=2 step: 23430 loss 0.24145432 processed: [1.49952]
epoch=2 step: 24992 loss 0.22349142 processed: [1.599488]
epoch=2 step: 26554 loss 0.31600618 processed: [1.699456]
epoch=2 step: 28116 loss 0.24498981 processed: [1.799424]
epoch=2 step: 29678 loss 0.3270279 processed: [1.899392]
epoch=2 step: 31240 loss 0.24203247 processed: [1.99936]
('R10_1', 0.7433646018761125)
('R10_2', 0.8543712622757366)
('R10_5', 0.9595775746544792)
('R2_1', 0.9287357241434486)
save evaluate_step: 2
2018-12-01 21:33:26
0.27587742
epoch=2 save model
learning rate 0.001
2018-12-01 21:33:29
starting shuffle train data
finish building train data
epoch=3 step: 32802 loss 0.2529957 processed: [2.099328]
epoch=3 step: 34364 loss 0.33742058 processed: [2.199296]
epoch=3 step: 35926 loss 0.2487297 processed: [2.299264]
epoch=3 step: 37488 loss 0.2803185 processed: [2.399232]
epoch=3 step: 39050 loss 0.18097559 processed: [2.4992]
epoch=3 step: 40612 loss 0.21979472 processed: [2.599168]
epoch=3 step: 42174 loss 0.4243124 processed: [2.699136]
epoch=3 step: 43736 loss 0.25551793 processed: [2.799104]
epoch=3 step: 45298 loss 0.22911382 processed: [2.899072]
epoch=3 step: 46860 loss 0.26509202 processed: [2.99904]
('R10_1', 0.7457047422845371)
('R10_2', 0.8551713102786167)
('R10_5', 0.9596375782546953)
('R2_1', 0.9295957757465448)
save evaluate_step: 3
2018-12-01 23:00:10
0.19789639
epoch=3 save model
learning rate 0.00075
2018-12-01 23:00:13
starting shuffle train data
finish building train data
epoch=4 step: 48422 loss 0.22195278 processed: [3.099008]
epoch=4 step: 49984 loss 0.2712893 processed: [3.198976]
epoch=4 step: 51546 loss 0.24159083 processed: [3.298944]
epoch=4 step: 53108 loss 0.18911427 processed: [3.398912]
epoch=4 step: 54670 loss 0.22481084 processed: [3.49888]
epoch=4 step: 56232 loss 0.17482685 processed: [3.598848]
epoch=4 step: 57794 loss 0.27055585 processed: [3.698816]
epoch=4 step: 59356 loss 0.23810317 processed: [3.798784]
epoch=4 step: 60918 loss 0.3022852 processed: [3.898752]
epoch=4 step: 62480 loss 0.23222923 processed: [3.99872]
('R10_1', 0.7368442106526392)
('R10_2', 0.8495309718583115)
('R10_5', 0.9591975518531112)
('R2_1', 0.926135568134088)
save evaluate_step: 4
2018-12-02 00:26:52
0.22637117
epoch=4 save model
learning rate 0.00075
2018-12-02 00:26:56
train time:5.8882 h
