nohup: 忽略输入
starting loading data
2018-12-01 09:54:28
finish loading data
2018-12-01 10:00:16
batch_num 15625
configurations {'keep_prob': 0.7, 'data_path': '../../data/ubuntu/data.pkl', 'word_layers_itg': 2, 'evaluate_step': 15625, 'filter_size': 3, 'filter_h': 3, 'hidden_embedding_dim': 200, 'emb_train': False, 'embedding_file': '../../data/ubuntu/word_embedding.pkl', 'CPU': '/cpu:0', 'epoch': 4, 'lr': 0.001, 'save_path': 'Gcnn_v3_test/version4/', 'word_layers_enc': 2, 'print_step': 1562, '_EOS_': 28270, 'word_embedding_dim': 200, 'batch_size': 64, 'max_turn_num': 5, 'final_n_class': 1, 'word_layers_agg': 2, 'max_turn_len': 50, 'train_steps': 62500, 'output_path': 'Gcnn_v3_output/version4/', 'init_model': 'Gcnn_v3_model/version4/'}
2018-12-01 10:00:37.152208: W tensorflow/core/platform/cpu_feature_guard.cc:45] The TensorFlow library wasn't compiled to use SSE4.1 instructions, but these are available on your machine and could speed up CPU computations.
2018-12-01 10:00:37.152228: W tensorflow/core/platform/cpu_feature_guard.cc:45] The TensorFlow library wasn't compiled to use SSE4.2 instructions, but these are available on your machine and could speed up CPU computations.
2018-12-01 10:00:37.152232: W tensorflow/core/platform/cpu_feature_guard.cc:45] The TensorFlow library wasn't compiled to use AVX instructions, but these are available on your machine and could speed up CPU computations.
2018-12-01 10:00:37.152235: W tensorflow/core/platform/cpu_feature_guard.cc:45] The TensorFlow library wasn't compiled to use AVX2 instructions, but these are available on your machine and could speed up CPU computations.
2018-12-01 10:00:37.152239: W tensorflow/core/platform/cpu_feature_guard.cc:45] The TensorFlow library wasn't compiled to use FMA instructions, but these are available on your machine and could speed up CPU computations.
2018-12-01 10:00:37.262733: I tensorflow/stream_executor/cuda/cuda_gpu_executor.cc:893] successful NUMA node read from SysFS had negative value (-1), but there must be at least one NUMA node, so returning NUMA node zero
2018-12-01 10:00:37.263168: I tensorflow/core/common_runtime/gpu/gpu_device.cc:940] Found device 0 with properties: 
name: GeForce GTX 1070
major: 6 minor: 1 memoryClockRate (GHz) 1.683
pciBusID 0000:02:00.0
Total memory: 7.92GiB
Free memory: 7.83GiB
2018-12-01 10:00:37.263179: I tensorflow/core/common_runtime/gpu/gpu_device.cc:961] DMA: 0 
2018-12-01 10:00:37.263183: I tensorflow/core/common_runtime/gpu/gpu_device.cc:971] 0:   Y 
2018-12-01 10:00:37.263189: I tensorflow/core/common_runtime/gpu/gpu_device.cc:1030] Creating TensorFlow device (/gpu:0) -> (device: 0, name: GeForce GTX 1070, pci bus id: 0000:02:00.0)
starting shuffle train data
finish building train data
2018-12-01 10:01:40.098550: I tensorflow/core/common_runtime/gpu/pool_allocator.cc:247] PoolAllocator: After 2086 get requests, put_count=1358 evicted_count=1000 eviction_rate=0.736377 and unsatisfied allocation rate=0.876318
2018-12-01 10:01:40.098582: I tensorflow/core/common_runtime/gpu/pool_allocator.cc:259] Raising pool_size_limit_ from 100 to 110
2018-12-01 10:01:43.790619: I tensorflow/core/common_runtime/gpu/pool_allocator.cc:247] PoolAllocator: After 1043 get requests, put_count=1355 evicted_count=1000 eviction_rate=0.738007 and unsatisfied allocation rate=0.681687
2018-12-01 10:01:43.790655: I tensorflow/core/common_runtime/gpu/pool_allocator.cc:259] Raising pool_size_limit_ from 256 to 281
2018-12-01 10:01:50.101648: I tensorflow/core/common_runtime/gpu/pool_allocator.cc:247] PoolAllocator: After 3126 get requests, put_count=3253 evicted_count=1000 eviction_rate=0.307409 and unsatisfied allocation rate=0.298145
2018-12-01 10:01:50.101681: I tensorflow/core/common_runtime/gpu/pool_allocator.cc:259] Raising pool_size_limit_ from 655 to 720
epoch=1 step: 1562 loss 0.39027452 processed: [0.099968]
epoch=1 step: 3124 loss 0.27395415 processed: [0.199936]
epoch=1 step: 4686 loss 0.31401002 processed: [0.299904]
epoch=1 step: 6248 loss 0.3393354 processed: [0.399872]
epoch=1 step: 7810 loss 0.6058987 processed: [0.49984]
epoch=1 step: 9372 loss 0.32762432 processed: [0.599808]
epoch=1 step: 10934 loss 0.23922616 processed: [0.699776]
epoch=1 step: 12496 loss 0.3380274 processed: [0.799744]
epoch=1 step: 14058 loss 0.28885522 processed: [0.899712]
epoch=1 step: 15620 loss 0.3682403 processed: [0.99968]
('R10_1', 0.7491249474968498)
('R10_2', 0.8580314818889133)
('R10_5', 0.9614576874612477)
('R2_1', 0.9297357841470488)
save evaluate_step: 1
2018-12-01 11:48:38
starting shuffle train data
finish building train data
epoch=2 step: 17182 loss 0.29598856 processed: [1.099648]
epoch=2 step: 18744 loss 0.44907635 processed: [1.199616]
epoch=2 step: 20306 loss 0.3500371 processed: [1.299584]
epoch=2 step: 21868 loss 0.3180295 processed: [1.399552]
epoch=2 step: 23430 loss 0.37596238 processed: [1.49952]
epoch=2 step: 24992 loss 0.16619006 processed: [1.599488]
epoch=2 step: 26554 loss 0.25926012 processed: [1.699456]
epoch=2 step: 28116 loss 0.21590483 processed: [1.799424]
epoch=2 step: 29678 loss 0.3830249 processed: [1.899392]
epoch=2 step: 31240 loss 0.25880715 processed: [1.99936]
('R10_1', 0.7573054383262996)
('R10_2', 0.865471928315699)
('R10_5', 0.9641578494709683)
('R2_1', 0.9332959977598656)
save evaluate_step: 2
2018-12-01 13:36:59
0.29175347
epoch=2 save model
learning rate 0.001
2018-12-01 13:37:02
starting shuffle train data
finish building train data
epoch=3 step: 32802 loss 0.2775412 processed: [2.099328]
epoch=3 step: 34364 loss 0.25378826 processed: [2.199296]
epoch=3 step: 35926 loss 0.23072223 processed: [2.299264]
epoch=3 step: 37488 loss 0.20850363 processed: [2.399232]
epoch=3 step: 39050 loss 0.23181963 processed: [2.4992]
epoch=3 step: 40612 loss 0.22380373 processed: [2.599168]
epoch=3 step: 42174 loss 0.26082858 processed: [2.699136]
epoch=3 step: 43736 loss 0.27894786 processed: [2.799104]
epoch=3 step: 45298 loss 0.29864752 processed: [2.899072]
epoch=3 step: 46860 loss 0.31350738 processed: [2.99904]
('R10_1', 0.7569254155249315)
('R10_2', 0.8645718743124587)
('R10_5', 0.9645778746724804)
('R2_1', 0.9339160349620977)
save evaluate_step: 3
2018-12-01 15:25:12
0.3582901
epoch=3 save model
learning rate 0.00075
2018-12-01 15:25:16
starting shuffle train data
finish building train data
epoch=4 step: 48422 loss 0.24979441 processed: [3.099008]
epoch=4 step: 49984 loss 0.19882596 processed: [3.198976]
epoch=4 step: 51546 loss 0.3157719 processed: [3.298944]
epoch=4 step: 53108 loss 0.18933752 processed: [3.398912]
epoch=4 step: 54670 loss 0.3042977 processed: [3.49888]
epoch=4 step: 56232 loss 0.16831687 processed: [3.598848]
epoch=4 step: 57794 loss 0.14726126 processed: [3.698816]
epoch=4 step: 59356 loss 0.31222308 processed: [3.798784]
epoch=4 step: 60918 loss 0.23266916 processed: [3.898752]
epoch=4 step: 62480 loss 0.20998755 processed: [3.99872]
('R10_1', 0.750245014700882)
('R10_2', 0.8603716222973379)
('R10_5', 0.9635778146688802)
('R2_1', 0.9310358621517291)
save evaluate_step: 4
2018-12-01 17:13:34
0.19089568
epoch=4 save model
learning rate 0.00075
2018-12-01 17:13:38
train time:7.3196 h
