nohup: 忽略输入
starting loading data
2018-12-04 10:53:33
finish loading data
2018-12-04 10:59:21
batch_num 25000
configurations {'keep_prob': 0.7, 'data_path': '../../data/ubuntu/data.pkl', 'word_layers_itg': 2, 'evaluate_step': 25000, 'filter_size': 3, 'filter_h': 3, 'hidden_embedding_dim': 200, 'emb_train': False, 'embedding_file': '../../data/ubuntu/word_embedding.pkl', 'CPU': '/cpu:0', 'epoch': 4, 'lr': 0.001, 'save_path': 'Gcnn_v3_test/version4/', 'word_layers_enc': 2, 'print_step': 2500, '_EOS_': 28270, 'word_embedding_dim': 200, 'batch_size': 40, 'max_turn_num': 5, 'final_n_class': 1, 'word_layers_agg': 2, 'max_turn_len': 50, 'train_steps': 100000, 'output_path': 'Gcnn_v3_output/version4/', 'init_model': 'Gcnn_v3_model/version4/'}
2018-12-04 10:59:43.248165: W tensorflow/core/platform/cpu_feature_guard.cc:45] The TensorFlow library wasn't compiled to use SSE4.1 instructions, but these are available on your machine and could speed up CPU computations.
2018-12-04 10:59:43.248183: W tensorflow/core/platform/cpu_feature_guard.cc:45] The TensorFlow library wasn't compiled to use SSE4.2 instructions, but these are available on your machine and could speed up CPU computations.
2018-12-04 10:59:43.248187: W tensorflow/core/platform/cpu_feature_guard.cc:45] The TensorFlow library wasn't compiled to use AVX instructions, but these are available on your machine and could speed up CPU computations.
2018-12-04 10:59:43.248191: W tensorflow/core/platform/cpu_feature_guard.cc:45] The TensorFlow library wasn't compiled to use AVX2 instructions, but these are available on your machine and could speed up CPU computations.
2018-12-04 10:59:43.248194: W tensorflow/core/platform/cpu_feature_guard.cc:45] The TensorFlow library wasn't compiled to use FMA instructions, but these are available on your machine and could speed up CPU computations.
2018-12-04 10:59:43.370519: I tensorflow/stream_executor/cuda/cuda_gpu_executor.cc:893] successful NUMA node read from SysFS had negative value (-1), but there must be at least one NUMA node, so returning NUMA node zero
2018-12-04 10:59:43.370961: I tensorflow/core/common_runtime/gpu/gpu_device.cc:940] Found device 0 with properties: 
name: GeForce GTX 1070
major: 6 minor: 1 memoryClockRate (GHz) 1.683
pciBusID 0000:02:00.0
Total memory: 7.92GiB
Free memory: 7.83GiB
2018-12-04 10:59:43.370973: I tensorflow/core/common_runtime/gpu/gpu_device.cc:961] DMA: 0 
2018-12-04 10:59:43.370977: I tensorflow/core/common_runtime/gpu/gpu_device.cc:971] 0:   Y 
2018-12-04 10:59:43.370983: I tensorflow/core/common_runtime/gpu/gpu_device.cc:1030] Creating TensorFlow device (/gpu:0) -> (device: 0, name: GeForce GTX 1070, pci bus id: 0000:02:00.0)
starting shuffle train data
finish building train data
2018-12-04 11:00:39.001224: I tensorflow/core/common_runtime/gpu/pool_allocator.cc:247] PoolAllocator: After 2085 get requests, put_count=1356 evicted_count=1000 eviction_rate=0.737463 and unsatisfied allocation rate=0.877218
2018-12-04 11:00:39.001265: I tensorflow/core/common_runtime/gpu/pool_allocator.cc:259] Raising pool_size_limit_ from 100 to 110
2018-12-04 11:00:41.257622: I tensorflow/core/common_runtime/gpu/pool_allocator.cc:247] PoolAllocator: After 1041 get requests, put_count=1356 evicted_count=1000 eviction_rate=0.737463 and unsatisfied allocation rate=0.680115
2018-12-04 11:00:41.257659: I tensorflow/core/common_runtime/gpu/pool_allocator.cc:259] Raising pool_size_limit_ from 256 to 281
2018-12-04 11:00:45.125959: I tensorflow/core/common_runtime/gpu/pool_allocator.cc:247] PoolAllocator: After 3125 get requests, put_count=3250 evicted_count=1000 eviction_rate=0.307692 and unsatisfied allocation rate=0.29888
2018-12-04 11:00:45.126003: I tensorflow/core/common_runtime/gpu/pool_allocator.cc:259] Raising pool_size_limit_ from 655 to 720
epoch=1 step: 2500 loss 0.3969355 processed: [0.1]
epoch=1 step: 5000 loss 0.38813144 processed: [0.2]
epoch=1 step: 7500 loss 0.3699754 processed: [0.3]
epoch=1 step: 10000 loss 0.45323056 processed: [0.4]
epoch=1 step: 12500 loss 0.3417484 processed: [0.5]
epoch=1 step: 15000 loss 0.2626635 processed: [0.6]
epoch=1 step: 17500 loss 0.41244072 processed: [0.7]
epoch=1 step: 20000 loss 0.2934255 processed: [0.8]
epoch=1 step: 22500 loss 0.29282504 processed: [0.9]
epoch=1 step: 25000 loss 0.24288498 processed: [1.0]
('R10_1', 0.74682)
('R10_2', 0.85522)
('R10_5', 0.96084)
('R2_1', 0.92882)
save evaluate_step: 1
2018-12-04 12:44:34
starting shuffle train data
finish building train data
epoch=2 step: 27500 loss 0.3072241 processed: [1.1]
epoch=2 step: 30000 loss 0.21834613 processed: [1.2]
epoch=2 step: 32500 loss 0.3490633 processed: [1.3]
epoch=2 step: 35000 loss 0.24796364 processed: [1.4]
epoch=2 step: 37500 loss 0.30910647 processed: [1.5]
epoch=2 step: 40000 loss 0.21697599 processed: [1.6]
epoch=2 step: 42500 loss 0.24195278 processed: [1.7]
epoch=2 step: 45000 loss 0.2734844 processed: [1.8]
epoch=2 step: 47500 loss 0.4177996 processed: [1.9]
epoch=2 step: 50000 loss 0.28297555 processed: [2.0]
('R10_1', 0.7551)
('R10_2', 0.86156)
('R10_5', 0.96312)
('R2_1', 0.93098)
save evaluate_step: 2
2018-12-04 14:29:28
0.28297555
epoch=2 save model
learning rate 0.001
2018-12-04 14:29:33
starting shuffle train data
finish building train data
epoch=3 step: 52500 loss 0.17148364 processed: [2.1]
epoch=3 step: 55000 loss 0.29433453 processed: [2.2]
epoch=3 step: 57500 loss 0.2631741 processed: [2.3]
epoch=3 step: 60000 loss 0.39221245 processed: [2.4]
epoch=3 step: 62500 loss 0.37644684 processed: [2.5]
epoch=3 step: 65000 loss 0.2457794 processed: [2.6]
epoch=3 step: 67500 loss 0.26239502 processed: [2.7]
epoch=3 step: 70000 loss 0.42919725 processed: [2.8]
epoch=3 step: 72500 loss 0.28549153 processed: [2.9]
epoch=3 step: 75000 loss 0.30245566 processed: [3.0]
('R10_1', 0.75416)
('R10_2', 0.8627)
('R10_5', 0.96396)
('R2_1', 0.93254)
save evaluate_step: 3
2018-12-04 16:14:16
0.30245566
epoch=3 save model
learning rate 0.00075
2018-12-04 16:14:19
starting shuffle train data
finish building train data
epoch=4 step: 77500 loss 0.13384691 processed: [3.1]
epoch=4 step: 80000 loss 0.18087241 processed: [3.2]
epoch=4 step: 82500 loss 0.19928943 processed: [3.3]
epoch=4 step: 85000 loss 0.28302154 processed: [3.4]
epoch=4 step: 87500 loss 0.4552684 processed: [3.5]
epoch=4 step: 90000 loss 0.1919525 processed: [3.6]
epoch=4 step: 92500 loss 0.22720683 processed: [3.7]
epoch=4 step: 95000 loss 0.2582309 processed: [3.8]
epoch=4 step: 97500 loss 0.1977859 processed: [3.9]
epoch=4 step: 100000 loss 0.2645731 processed: [4.0]
('R10_1', 0.75162)
('R10_2', 0.86094)
('R10_5', 0.9621)
('R2_1', 0.93098)
save evaluate_step: 4
2018-12-04 17:58:30
0.2645731
epoch=4 save model
learning rate 0.00075
2018-12-04 17:58:41
train time:7.0856 h
