nohup: 忽略输入
starting loading data
2018-12-05 10:20:41
finish loading data
2018-12-05 10:26:27
batch_num 25000
configurations {'keep_prob': 0.7, 'data_path': '../../data/ubuntu/data.pkl', 'word_layers_itg': 2, 'evaluate_step': 25000, 'filter_size': 3, 'filter_h': 3, 'hidden_embedding_dim': 200, 'emb_train': False, 'embedding_file': '../../data/ubuntu/word_embedding.pkl', 'CPU': '/cpu:0', 'epoch': 4, 'lr': 0.001, 'save_path': 'Gcnn_v3_test/version4/', 'word_layers_enc': 2, 'print_step': 2500, '_EOS_': 28270, 'word_embedding_dim': 200, 'batch_size': 40, 'max_turn_num': 6, 'final_n_class': 1, 'word_layers_agg': 2, 'max_turn_len': 50, 'train_steps': 100000, 'output_path': 'Gcnn_v3_output/version4/', 'init_model': 'Gcnn_v3_model/version4/'}
2018-12-05 10:26:48.543319: W tensorflow/core/platform/cpu_feature_guard.cc:45] The TensorFlow library wasn't compiled to use SSE4.1 instructions, but these are available on your machine and could speed up CPU computations.
2018-12-05 10:26:48.543336: W tensorflow/core/platform/cpu_feature_guard.cc:45] The TensorFlow library wasn't compiled to use SSE4.2 instructions, but these are available on your machine and could speed up CPU computations.
2018-12-05 10:26:48.543339: W tensorflow/core/platform/cpu_feature_guard.cc:45] The TensorFlow library wasn't compiled to use AVX instructions, but these are available on your machine and could speed up CPU computations.
2018-12-05 10:26:48.543343: W tensorflow/core/platform/cpu_feature_guard.cc:45] The TensorFlow library wasn't compiled to use AVX2 instructions, but these are available on your machine and could speed up CPU computations.
2018-12-05 10:26:48.543346: W tensorflow/core/platform/cpu_feature_guard.cc:45] The TensorFlow library wasn't compiled to use FMA instructions, but these are available on your machine and could speed up CPU computations.
2018-12-05 10:26:48.699926: I tensorflow/stream_executor/cuda/cuda_gpu_executor.cc:893] successful NUMA node read from SysFS had negative value (-1), but there must be at least one NUMA node, so returning NUMA node zero
2018-12-05 10:26:48.700366: I tensorflow/core/common_runtime/gpu/gpu_device.cc:940] Found device 0 with properties: 
name: GeForce GTX 1070
major: 6 minor: 1 memoryClockRate (GHz) 1.683
pciBusID 0000:02:00.0
Total memory: 7.92GiB
Free memory: 7.83GiB
2018-12-05 10:26:48.700377: I tensorflow/core/common_runtime/gpu/gpu_device.cc:961] DMA: 0 
2018-12-05 10:26:48.700381: I tensorflow/core/common_runtime/gpu/gpu_device.cc:971] 0:   Y 
2018-12-05 10:26:48.700387: I tensorflow/core/common_runtime/gpu/gpu_device.cc:1030] Creating TensorFlow device (/gpu:0) -> (device: 0, name: GeForce GTX 1070, pci bus id: 0000:02:00.0)
starting shuffle train data
finish building train data
2018-12-05 10:27:54.449313: I tensorflow/core/common_runtime/gpu/pool_allocator.cc:247] PoolAllocator: After 1235 get requests, put_count=1193 evicted_count=1000 eviction_rate=0.838223 and unsatisfied allocation rate=0.924696
2018-12-05 10:27:54.449347: I tensorflow/core/common_runtime/gpu/pool_allocator.cc:259] Raising pool_size_limit_ from 100 to 110
2018-12-05 10:27:56.818948: I tensorflow/core/common_runtime/gpu/pool_allocator.cc:247] PoolAllocator: After 1235 get requests, put_count=1371 evicted_count=1000 eviction_rate=0.729395 and unsatisfied allocation rate=0.718219
2018-12-05 10:27:56.818980: I tensorflow/core/common_runtime/gpu/pool_allocator.cc:259] Raising pool_size_limit_ from 256 to 281
2018-12-05 10:28:00.130143: I tensorflow/core/common_runtime/gpu/pool_allocator.cc:247] PoolAllocator: After 2470 get requests, put_count=2553 evicted_count=1000 eviction_rate=0.391696 and unsatisfied allocation rate=0.395142
2018-12-05 10:28:00.130175: I tensorflow/core/common_runtime/gpu/pool_allocator.cc:259] Raising pool_size_limit_ from 655 to 720
epoch=1 step: 2500 loss 0.40418312 processed: [0.1]
epoch=1 step: 5000 loss 0.44026446 processed: [0.2]
epoch=1 step: 7500 loss 0.21534522 processed: [0.3]
epoch=1 step: 10000 loss 0.3840203 processed: [0.4]
epoch=1 step: 12500 loss 0.4553363 processed: [0.5]
epoch=1 step: 15000 loss 0.34246042 processed: [0.6]
epoch=1 step: 17500 loss 0.34762397 processed: [0.7]
epoch=1 step: 20000 loss 0.13582611 processed: [0.8]
epoch=1 step: 22500 loss 0.19449148 processed: [0.9]
epoch=1 step: 25000 loss 0.2509668 processed: [1.0]
('R10_1', 0.75498)
('R10_2', 0.86194)
('R10_5', 0.96424)
('R2_1', 0.93162)
save evaluate_step: 1
2018-12-05 12:30:07
starting shuffle train data
finish building train data
epoch=2 step: 27500 loss 0.19456439 processed: [1.1]
epoch=2 step: 30000 loss 0.36093098 processed: [1.2]
epoch=2 step: 32500 loss 0.2517689 processed: [1.3]
epoch=2 step: 35000 loss 0.31613055 processed: [1.4]
epoch=2 step: 37500 loss 0.34357888 processed: [1.5]
epoch=2 step: 40000 loss 0.2406587 processed: [1.6]
epoch=2 step: 42500 loss 0.32908136 processed: [1.7]
epoch=2 step: 45000 loss 0.22612108 processed: [1.8]
epoch=2 step: 47500 loss 0.31667536 processed: [1.9]
epoch=2 step: 50000 loss 0.3954916 processed: [2.0]
('R10_1', 0.76156)
('R10_2', 0.86628)
('R10_5', 0.96514)
('R2_1', 0.93254)
save evaluate_step: 2
2018-12-05 14:33:50
0.3954916
epoch=2 save model
learning rate 0.001
2018-12-05 14:33:54
starting shuffle train data
finish building train data
epoch=3 step: 52500 loss 0.2452739 processed: [2.1]
epoch=3 step: 55000 loss 0.39769557 processed: [2.2]
epoch=3 step: 57500 loss 0.24415365 processed: [2.3]
epoch=3 step: 60000 loss 0.42761403 processed: [2.4]
epoch=3 step: 62500 loss 0.46139193 processed: [2.5]
epoch=3 step: 65000 loss 0.15189858 processed: [2.6]
epoch=3 step: 67500 loss 0.24679706 processed: [2.7]
epoch=3 step: 70000 loss 0.27193612 processed: [2.8]
epoch=3 step: 72500 loss 0.19943124 processed: [2.9]
epoch=3 step: 75000 loss 0.16335261 processed: [3.0]
('R10_1', 0.76416)
('R10_2', 0.86978)
('R10_5', 0.9668)
('R2_1', 0.93598)
save evaluate_step: 3
2018-12-05 16:37:59
0.16335261
epoch=3 save model
learning rate 0.00075
2018-12-05 16:38:03
starting shuffle train data
finish building train data
epoch=4 step: 77500 loss 0.2863603 processed: [3.1]
epoch=4 step: 80000 loss 0.22156914 processed: [3.2]
epoch=4 step: 82500 loss 0.27748293 processed: [3.3]
epoch=4 step: 85000 loss 0.18844925 processed: [3.4]
epoch=4 step: 87500 loss 0.20625192 processed: [3.5]
epoch=4 step: 90000 loss 0.36837482 processed: [3.6]
epoch=4 step: 92500 loss 0.14798033 processed: [3.7]
epoch=4 step: 95000 loss 0.18549149 processed: [3.8]
epoch=4 step: 97500 loss 0.26774406 processed: [3.9]
epoch=4 step: 100000 loss 0.3499993 processed: [4.0]
('R10_1', 0.76062)
('R10_2', 0.8666)
('R10_5', 0.96484)
('R2_1', 0.93428)
save evaluate_step: 4
2018-12-05 18:42:03
0.3499993
epoch=4 save model
learning rate 0.00075
2018-12-05 18:42:07
train time:8.3572 h
