nohup: 忽略输入
starting loading data
2018-11-30 23:45:42
finish loading data
2018-11-30 23:51:27
batch_num 15625
configurations {'keep_prob': 0.7, 'data_path': '../../data/ubuntu/data.pkl', 'word_layers_itg': 2, 'evaluate_step': 15625, 'filter_size': 3, 'filter_h': 3, 'hidden_embedding_dim': 200, 'emb_train': False, 'embedding_file': '../../data/ubuntu/word_embedding.pkl', 'CPU': '/cpu:0', 'epoch': 4, 'lr': 0.001, 'save_path': 'Gcnn_v3_test/version4/', 'word_layers_enc': 2, 'print_step': 1562, '_EOS_': 28270, 'word_embedding_dim': 200, 'batch_size': 64, 'max_turn_num': 7, 'final_n_class': 1, 'word_layers_agg': 2, 'max_turn_len': 50, 'train_steps': 62500, 'output_path': 'Gcnn_v3_output/version4/', 'init_model': 'Gcnn_v3_model/version4/'}
2018-11-30 23:51:49.319462: W tensorflow/core/platform/cpu_feature_guard.cc:45] The TensorFlow library wasn't compiled to use SSE4.1 instructions, but these are available on your machine and could speed up CPU computations.
2018-11-30 23:51:49.319479: W tensorflow/core/platform/cpu_feature_guard.cc:45] The TensorFlow library wasn't compiled to use SSE4.2 instructions, but these are available on your machine and could speed up CPU computations.
2018-11-30 23:51:49.319482: W tensorflow/core/platform/cpu_feature_guard.cc:45] The TensorFlow library wasn't compiled to use AVX instructions, but these are available on your machine and could speed up CPU computations.
2018-11-30 23:51:49.319485: W tensorflow/core/platform/cpu_feature_guard.cc:45] The TensorFlow library wasn't compiled to use AVX2 instructions, but these are available on your machine and could speed up CPU computations.
2018-11-30 23:51:49.319488: W tensorflow/core/platform/cpu_feature_guard.cc:45] The TensorFlow library wasn't compiled to use FMA instructions, but these are available on your machine and could speed up CPU computations.
2018-11-30 23:51:49.438754: I tensorflow/stream_executor/cuda/cuda_gpu_executor.cc:893] successful NUMA node read from SysFS had negative value (-1), but there must be at least one NUMA node, so returning NUMA node zero
2018-11-30 23:51:49.439221: I tensorflow/core/common_runtime/gpu/gpu_device.cc:940] Found device 0 with properties: 
name: GeForce GTX 1070
major: 6 minor: 1 memoryClockRate (GHz) 1.683
pciBusID 0000:02:00.0
Total memory: 7.92GiB
Free memory: 7.83GiB
2018-11-30 23:51:49.439233: I tensorflow/core/common_runtime/gpu/gpu_device.cc:961] DMA: 0 
2018-11-30 23:51:49.439237: I tensorflow/core/common_runtime/gpu/gpu_device.cc:971] 0:   Y 
2018-11-30 23:51:49.439243: I tensorflow/core/common_runtime/gpu/gpu_device.cc:1030] Creating TensorFlow device (/gpu:0) -> (device: 0, name: GeForce GTX 1070, pci bus id: 0000:02:00.0)
starting shuffle train data
finish building train data
2018-11-30 23:52:56.329586: I tensorflow/core/common_runtime/gpu/pool_allocator.cc:247] PoolAllocator: After 1425 get requests, put_count=1205 evicted_count=1000 eviction_rate=0.829876 and unsatisfied allocation rate=0.926316
2018-11-30 23:52:56.329618: I tensorflow/core/common_runtime/gpu/pool_allocator.cc:259] Raising pool_size_limit_ from 100 to 110
2018-11-30 23:53:00.081306: I tensorflow/core/common_runtime/gpu/pool_allocator.cc:247] PoolAllocator: After 1428 get requests, put_count=1359 evicted_count=1000 eviction_rate=0.735835 and unsatisfied allocation rate=0.763305
2018-11-30 23:53:00.081335: I tensorflow/core/common_runtime/gpu/pool_allocator.cc:259] Raising pool_size_limit_ from 233 to 256
2018-11-30 23:53:04.808187: I tensorflow/core/common_runtime/gpu/pool_allocator.cc:247] PoolAllocator: After 1427 get requests, put_count=1756 evicted_count=1000 eviction_rate=0.569476 and unsatisfied allocation rate=0.508059
2018-11-30 23:53:04.808218: I tensorflow/core/common_runtime/gpu/pool_allocator.cc:259] Raising pool_size_limit_ from 596 to 655
epoch=1 step: 1562 loss 0.32573032 processed: [0.099968]
epoch=1 step: 3124 loss 0.30970836 processed: [0.199936]
epoch=1 step: 4686 loss 0.3492415 processed: [0.299904]
epoch=1 step: 6248 loss 0.34033492 processed: [0.399872]
epoch=1 step: 7810 loss 0.2806461 processed: [0.49984]
epoch=1 step: 9372 loss 0.24916264 processed: [0.599808]
epoch=1 step: 10934 loss 0.35276413 processed: [0.699776]
epoch=1 step: 12496 loss 0.28974745 processed: [0.799744]
epoch=1 step: 14058 loss 0.23932478 processed: [0.899712]
epoch=1 step: 15620 loss 0.23167497 processed: [0.99968]
('R10_1', 0.7616456987419246)
('R10_2', 0.8678720723243395)
('R10_5', 0.9648978938736325)
('R2_1', 0.935116106966418)
save evaluate_step: 1
2018-12-01 02:21:24
starting shuffle train data
finish building train data
epoch=2 step: 17182 loss 0.23051795 processed: [1.099648]
epoch=2 step: 18744 loss 0.20125335 processed: [1.199616]
epoch=2 step: 20306 loss 0.18448219 processed: [1.299584]
epoch=2 step: 21868 loss 0.20842002 processed: [1.399552]
epoch=2 step: 23430 loss 0.38020968 processed: [1.49952]
epoch=2 step: 24992 loss 0.22944637 processed: [1.599488]
epoch=2 step: 26554 loss 0.26993975 processed: [1.699456]
epoch=2 step: 28116 loss 0.14015882 processed: [1.799424]
epoch=2 step: 29678 loss 0.17764977 processed: [1.899392]
epoch=2 step: 31240 loss 0.26272875 processed: [1.99936]
('R10_1', 0.7692861571694302)
('R10_2', 0.8723323399403964)
('R10_5', 0.967698061883713)
('R2_1', 0.9375562533752025)
save evaluate_step: 2
2018-12-01 04:50:48
0.25218284
epoch=2 save model
learning rate 0.001
2018-12-01 04:50:52
starting shuffle train data
finish building train data
epoch=3 step: 32802 loss 0.17180474 processed: [2.099328]
epoch=3 step: 34364 loss 0.32135713 processed: [2.199296]
epoch=3 step: 35926 loss 0.35080054 processed: [2.299264]
epoch=3 step: 37488 loss 0.21114853 processed: [2.399232]
epoch=3 step: 39050 loss 0.21876164 processed: [2.4992]
epoch=3 step: 40612 loss 0.19963747 processed: [2.599168]
epoch=3 step: 42174 loss 0.23225291 processed: [2.699136]
epoch=3 step: 43736 loss 0.13687134 processed: [2.799104]
epoch=3 step: 45298 loss 0.23267022 processed: [2.899072]
epoch=3 step: 46860 loss 0.25631988 processed: [2.99904]
('R10_1', 0.7695861751705102)
('R10_2', 0.8743124587475248)
('R10_5', 0.9685181110866652)
('R2_1', 0.9385963157789468)
save evaluate_step: 3
2018-12-01 07:20:28
0.22596537
epoch=3 save model
learning rate 0.00075
2018-12-01 07:20:31
starting shuffle train data
finish building train data
epoch=4 step: 48422 loss 0.23123902 processed: [3.099008]
epoch=4 step: 49984 loss 0.16428488 processed: [3.198976]
epoch=4 step: 51546 loss 0.17814311 processed: [3.298944]
epoch=4 step: 53108 loss 0.30561715 processed: [3.398912]
epoch=4 step: 54670 loss 0.15909308 processed: [3.49888]
epoch=4 step: 56232 loss 0.18996036 processed: [3.598848]
epoch=4 step: 57794 loss 0.22143695 processed: [3.698816]
epoch=4 step: 59356 loss 0.18989849 processed: [3.798784]
epoch=4 step: 60918 loss 0.20386934 processed: [3.898752]
epoch=4 step: 62480 loss 0.21789314 processed: [3.99872]
('R10_1', 0.7615056903414205)
('R10_2', 0.8707722463347801)
('R10_5', 0.9667580054803289)
('R2_1', 0.9363561813708823)
save evaluate_step: 4
2018-12-01 09:50:01
0.2373579
epoch=4 save model
learning rate 0.00075
2018-12-01 09:50:05
train time:10.0730 h
