nohup: 忽略输入
starting loading data
2018-11-29 16:27:20
finish loading data
2018-11-29 16:32:54
batch_num 15625
configurations {'keep_prob': 0.7, 'data_path': '../../data/ubuntu/data.pkl', 'word_layers_itg': 2, 'evaluate_step': 15625, 'filter_size': 3, 'filter_h': 3, 'hidden_embedding_dim': 200, 'emb_train': False, 'embedding_file': '../../data/ubuntu/word_embedding.pkl', 'CPU': '/cpu:0', 'epoch': 5, 'lr': 0.001, 'save_path': 'Gcnn_v3_test/version4/', 'word_layers_enc': 2, 'print_step': 1562, '_EOS_': 28270, 'word_embedding_dim': 200, 'batch_size': 64, 'max_turn_num': 9, 'final_n_class': 1, 'word_layers_agg': 2, 'max_turn_len': 50, 'train_steps': 78125, 'output_path': 'Gcnn_v3_output/version4/', 'init_model': 'Gcnn_v3_model/version4/'}
2018-11-29 16:33:21.562613: W tensorflow/core/platform/cpu_feature_guard.cc:45] The TensorFlow library wasn't compiled to use SSE4.1 instructions, but these are available on your machine and could speed up CPU computations.
2018-11-29 16:33:21.562631: W tensorflow/core/platform/cpu_feature_guard.cc:45] The TensorFlow library wasn't compiled to use SSE4.2 instructions, but these are available on your machine and could speed up CPU computations.
2018-11-29 16:33:21.562635: W tensorflow/core/platform/cpu_feature_guard.cc:45] The TensorFlow library wasn't compiled to use AVX instructions, but these are available on your machine and could speed up CPU computations.
2018-11-29 16:33:21.562638: W tensorflow/core/platform/cpu_feature_guard.cc:45] The TensorFlow library wasn't compiled to use AVX2 instructions, but these are available on your machine and could speed up CPU computations.
2018-11-29 16:33:21.562641: W tensorflow/core/platform/cpu_feature_guard.cc:45] The TensorFlow library wasn't compiled to use FMA instructions, but these are available on your machine and could speed up CPU computations.
2018-11-29 16:33:21.669881: I tensorflow/stream_executor/cuda/cuda_gpu_executor.cc:893] successful NUMA node read from SysFS had negative value (-1), but there must be at least one NUMA node, so returning NUMA node zero
2018-11-29 16:33:21.670317: I tensorflow/core/common_runtime/gpu/gpu_device.cc:940] Found device 0 with properties: 
name: GeForce GTX 1070
major: 6 minor: 1 memoryClockRate (GHz) 1.683
pciBusID 0000:02:00.0
Total memory: 7.92GiB
Free memory: 7.83GiB
2018-11-29 16:33:21.670329: I tensorflow/core/common_runtime/gpu/gpu_device.cc:961] DMA: 0 
2018-11-29 16:33:21.670333: I tensorflow/core/common_runtime/gpu/gpu_device.cc:971] 0:   Y 
2018-11-29 16:33:21.670339: I tensorflow/core/common_runtime/gpu/gpu_device.cc:1030] Creating TensorFlow device (/gpu:0) -> (device: 0, name: GeForce GTX 1070, pci bus id: 0000:02:00.0)
starting shuffle train data
finish building train data
2018-11-29 16:34:23.236102: I tensorflow/core/common_runtime/gpu/pool_allocator.cc:247] PoolAllocator: After 1810 get requests, put_count=1234 evicted_count=1000 eviction_rate=0.810373 and unsatisfied allocation rate=0.925967
2018-11-29 16:34:23.236130: I tensorflow/core/common_runtime/gpu/pool_allocator.cc:259] Raising pool_size_limit_ from 100 to 110
2018-11-29 16:34:26.939591: I tensorflow/core/common_runtime/gpu/pool_allocator.cc:247] PoolAllocator: After 1815 get requests, put_count=1349 evicted_count=1000 eviction_rate=0.74129 and unsatisfied allocation rate=0.81708
2018-11-29 16:34:26.939680: I tensorflow/core/common_runtime/gpu/pool_allocator.cc:259] Raising pool_size_limit_ from 193 to 212
2018-11-29 16:34:30.737020: I tensorflow/core/common_runtime/gpu/pool_allocator.cc:247] PoolAllocator: After 1811 get requests, put_count=1536 evicted_count=1000 eviction_rate=0.651042 and unsatisfied allocation rate=0.722253
2018-11-29 16:34:30.737062: I tensorflow/core/common_runtime/gpu/pool_allocator.cc:259] Raising pool_size_limit_ from 372 to 409
2018-11-29 16:34:36.139963: I tensorflow/core/common_runtime/gpu/pool_allocator.cc:247] PoolAllocator: After 3623 get requests, put_count=3091 evicted_count=1000 eviction_rate=0.32352 and unsatisfied allocation rate=0.444659
2018-11-29 16:34:36.139991: I tensorflow/core/common_runtime/gpu/pool_allocator.cc:259] Raising pool_size_limit_ from 871 to 958
epoch=1 step: 1562 loss 0.35860443 processed: [0.099968]
epoch=1 step: 3124 loss 0.2686634 processed: [0.199936]
epoch=1 step: 4686 loss 0.35129994 processed: [0.299904]
epoch=1 step: 6248 loss 0.38430774 processed: [0.399872]
epoch=1 step: 7810 loss 0.3473118 processed: [0.49984]
epoch=1 step: 9372 loss 0.37854058 processed: [0.599808]
epoch=1 step: 10934 loss 0.2638682 processed: [0.699776]
epoch=1 step: 12496 loss 0.41366237 processed: [0.799744]
epoch=1 step: 14058 loss 0.25297302 processed: [0.899712]
epoch=1 step: 15620 loss 0.31349248 processed: [0.99968]
('R10_1', 0.7634058043482609)
('R10_2', 0.8694321659299558)
('R10_5', 0.9667180030801849)
('R2_1', 0.9357761465687942)
save evaluate_step: 1
2018-11-29 19:45:19
starting shuffle train data
finish building train data
epoch=2 step: 17182 loss 0.3605838 processed: [1.099648]
epoch=2 step: 18744 loss 0.2651856 processed: [1.199616]
epoch=2 step: 20306 loss 0.40388367 processed: [1.299584]
epoch=2 step: 21868 loss 0.22994891 processed: [1.399552]
epoch=2 step: 23430 loss 0.32751918 processed: [1.49952]
epoch=2 step: 24992 loss 0.34703067 processed: [1.599488]
epoch=2 step: 26554 loss 0.34157643 processed: [1.699456]
epoch=2 step: 28116 loss 0.32296064 processed: [1.799424]
epoch=2 step: 29678 loss 0.15825336 processed: [1.899392]
epoch=2 step: 31240 loss 0.20193037 processed: [1.99936]
('R10_1', 0.7725863551813109)
('R10_2', 0.874892493549613)
('R10_5', 0.9688581314878892)
('R2_1', 0.9396563793827629)
save evaluate_step: 2
2018-11-29 22:58:28
0.29605123
epoch=2 save model
learning rate 0.001
2018-11-29 22:58:30
starting shuffle train data
finish building train data
epoch=3 step: 32802 loss 0.3053635 processed: [2.099328]
epoch=3 step: 34364 loss 0.16173539 processed: [2.199296]
epoch=3 step: 35926 loss 0.2998052 processed: [2.299264]
epoch=3 step: 37488 loss 0.20397297 processed: [2.399232]
epoch=3 step: 39050 loss 0.23095247 processed: [2.4992]
epoch=3 step: 40612 loss 0.23066503 processed: [2.599168]
epoch=3 step: 42174 loss 0.45301914 processed: [2.699136]
epoch=3 step: 43736 loss 0.31340325 processed: [2.799104]
epoch=3 step: 45298 loss 0.3483004 processed: [2.899072]
epoch=3 step: 46860 loss 0.30773914 processed: [2.99904]
('R10_1', 0.7746064763885833)
('R10_2', 0.8785127107626458)
('R10_5', 0.9696781806908414)
('R2_1', 0.9394763685821149)
save evaluate_step: 3
2018-11-30 02:11:47
0.24358734
epoch=3 save model
learning rate 0.00075
2018-11-30 02:11:49
starting shuffle train data
finish building train data
epoch=4 step: 48422 loss 0.24694562 processed: [3.099008]
epoch=4 step: 49984 loss 0.20107235 processed: [3.198976]
epoch=4 step: 51546 loss 0.23652077 processed: [3.298944]
epoch=4 step: 53108 loss 0.20060384 processed: [3.398912]
epoch=4 step: 54670 loss 0.16195276 processed: [3.49888]
epoch=4 step: 56232 loss 0.29500666 processed: [3.598848]
epoch=4 step: 57794 loss 0.19301274 processed: [3.698816]
epoch=4 step: 59356 loss 0.1885974 processed: [3.798784]
epoch=4 step: 60918 loss 0.19162941 processed: [3.898752]
epoch=4 step: 62480 loss 0.27451342 processed: [3.99872]
('R10_1', 0.768666119967198)
('R10_2', 0.8745524731483889)
('R10_5', 0.9682380942856571)
('R2_1', 0.9379962797767866)
save evaluate_step: 4
2018-11-30 05:24:36
0.32313418
epoch=4 save model
learning rate 0.00075
2018-11-30 05:24:37
starting shuffle train data
finish building train data
epoch=5 step: 64042 loss 0.08874132 processed: [4.098688]
epoch=5 step: 65604 loss 0.15837419 processed: [4.198656]
epoch=5 step: 67166 loss 0.22863606 processed: [4.298624]
epoch=5 step: 68728 loss 0.15070726 processed: [4.398592]
epoch=5 step: 70290 loss 0.1858791 processed: [4.49856]
epoch=5 step: 71852 loss 0.19116941 processed: [4.598528]
epoch=5 step: 73414 loss 0.12525977 processed: [4.698496]
epoch=5 step: 74976 loss 0.14490378 processed: [4.798464]
epoch=5 step: 76538 loss 0.094521955 processed: [4.898432]
epoch=5 step: 78100 loss 0.107896745 processed: [4.9984]
('R10_1', 0.7540652439146349)
('R10_2', 0.8675120507230434)
('R10_5', 0.9662979778786728)
('R2_1', 0.9341960517631058)
save evaluate_step: 5
2018-11-30 08:36:53
0.19276029
epoch=5 save model
learning rate 0.000375
2018-11-30 08:36:54
train time:16.1595 h
