nohup: 忽略输入
starting loading data
2018-12-27 15:01:54
finish loading data
2018-12-27 15:04:25
batch_num 15625
configurations {'data_path': '../../data/douban/data.pkl', 'word_layers_itg': 2, 'evaluate_step': 15625, 'filter_size': 8, 'filter_h': 3, 'train_steps': 78125, 'emb_train': False, 'CPU': '/cpu:0', 'embedding_file': '../../data/douban/word_embedding.pkl', 'hidden_embedding_dim': 200, 'epoch': 5, 'lr': 0.001, 'save_path': 'Gcnn_v14_test/version/', 'word_layers_enc': 2, 'print_step': 1562, '_EOS_': 1, 'word_embedding_dim': 200, 'batch_size': 64, 'max_turn_num': 10, 'final_n_class': 1, 'word_layers_agg': 2, 'max_turn_len': 50, 'output_path': 'Gcnn_v14_output/version/', 'init_model': 'Gcnn_v14_model/version/'}
2018-12-27 15:04:25.509002: W tensorflow/core/platform/cpu_feature_guard.cc:45] The TensorFlow library wasn't compiled to use SSE4.1 instructions, but these are available on your machine and could speed up CPU computations.
2018-12-27 15:04:25.509019: W tensorflow/core/platform/cpu_feature_guard.cc:45] The TensorFlow library wasn't compiled to use SSE4.2 instructions, but these are available on your machine and could speed up CPU computations.
2018-12-27 15:04:25.509022: W tensorflow/core/platform/cpu_feature_guard.cc:45] The TensorFlow library wasn't compiled to use AVX instructions, but these are available on your machine and could speed up CPU computations.
2018-12-27 15:04:25.509026: W tensorflow/core/platform/cpu_feature_guard.cc:45] The TensorFlow library wasn't compiled to use AVX2 instructions, but these are available on your machine and could speed up CPU computations.
2018-12-27 15:04:25.509029: W tensorflow/core/platform/cpu_feature_guard.cc:45] The TensorFlow library wasn't compiled to use FMA instructions, but these are available on your machine and could speed up CPU computations.
2018-12-27 15:04:26.607033: I tensorflow/stream_executor/cuda/cuda_gpu_executor.cc:893] successful NUMA node read from SysFS had negative value (-1), but there must be at least one NUMA node, so returning NUMA node zero
2018-12-27 15:04:26.607436: I tensorflow/core/common_runtime/gpu/gpu_device.cc:940] Found device 0 with properties: 
name: GeForce GTX 1070
major: 6 minor: 1 memoryClockRate (GHz) 1.683
pciBusID 0000:01:00.0
Total memory: 7.92GiB
Free memory: 7.83GiB
2018-12-27 15:04:26.607448: I tensorflow/core/common_runtime/gpu/gpu_device.cc:961] DMA: 0 
2018-12-27 15:04:26.607453: I tensorflow/core/common_runtime/gpu/gpu_device.cc:971] 0:   Y 
2018-12-27 15:04:26.607461: I tensorflow/core/common_runtime/gpu/gpu_device.cc:1030] Creating TensorFlow device (/gpu:0) -> (device: 0, name: GeForce GTX 1070, pci bus id: 0000:01:00.0)
starting shuffle train data
finish building train data
2018-12-27 15:05:52.183043: I tensorflow/core/common_runtime/gpu/pool_allocator.cc:247] PoolAllocator: After 2445 get requests, put_count=1481 evicted_count=1000 eviction_rate=0.675219 and unsatisfied allocation rate=0.844172
2018-12-27 15:05:52.183072: I tensorflow/core/common_runtime/gpu/pool_allocator.cc:259] Raising pool_size_limit_ from 100 to 110
2018-12-27 15:05:54.803056: I tensorflow/core/common_runtime/gpu/pool_allocator.cc:247] PoolAllocator: After 0 get requests, put_count=1017 evicted_count=1000 eviction_rate=0.983284 and unsatisfied allocation rate=0
2018-12-27 15:05:57.781731: I tensorflow/core/common_runtime/gpu/pool_allocator.cc:247] PoolAllocator: After 2444 get requests, put_count=2693 evicted_count=2000 eviction_rate=0.742666 and unsatisfied allocation rate=0.727905
2018-12-27 15:05:57.781782: I tensorflow/core/common_runtime/gpu/pool_allocator.cc:259] Raising pool_size_limit_ from 309 to 339
2018-12-27 15:06:00.836258: I tensorflow/core/common_runtime/gpu/pool_allocator.cc:247] PoolAllocator: After 2453 get requests, put_count=1956 evicted_count=1000 eviction_rate=0.511247 and unsatisfied allocation rate=0.630249
2018-12-27 15:06:00.836306: I tensorflow/core/common_runtime/gpu/pool_allocator.cc:259] Raising pool_size_limit_ from 542 to 596
2018-12-27 15:06:04.903733: I tensorflow/core/common_runtime/gpu/pool_allocator.cc:247] PoolAllocator: After 2448 get requests, put_count=2623 evicted_count=1000 eviction_rate=0.381243 and unsatisfied allocation rate=0.379902
2018-12-27 15:06:04.903772: I tensorflow/core/common_runtime/gpu/pool_allocator.cc:259] Raising pool_size_limit_ from 1158 to 1273
epoch=1 step: 1562 loss 0.3216728 processed: [0.099968] gs 1562 learning_rate 0.00096000003
epoch=1 step: 3124 loss 0.332635 processed: [0.199936] gs 3124 learning_rate 0.0008847359
epoch=1 step: 4686 loss 0.26697567 processed: [0.299904] gs 4686 learning_rate 0.0008153726
epoch=1 step: 6248 loss 0.2522253 processed: [0.399872] gs 6248 learning_rate 0.00075144734
epoch=1 step: 7810 loss 0.34933683 processed: [0.49984] gs 7810 learning_rate 0.0006925339
epoch=1 step: 9372 loss 0.33616772 processed: [0.599808] gs 9372 learning_rate 0.00063823926
epoch=1 step: 10934 loss 0.377074 processed: [0.699776] gs 10934 learning_rate 0.0005882013
epoch=1 step: 12496 loss 0.272067 processed: [0.799744] gs 12496 learning_rate 0.0005420862
epoch=1 step: 14058 loss 0.39602447 processed: [0.899712] gs 14058 learning_rate 0.00049958663
epoch=1 step: 15620 loss 0.24205482 processed: [0.99968] gs 15620 learning_rate 0.00046041902
total num: 665
MAP: 0.541708019813
MRR: 0.584767275331
P@1: 0.403007518797
('R10_1:', 0.2431674424155626)
('R10_2', 0.4128654970760232)
('R10_5', 0.759544098341091)
('ave:', 0.4908433086290301)
save evaluate_step: 1
2018-12-27 17:24:09
starting shuffle train data
finish building train data
epoch=2 step: 17182 loss 0.31902575 processed: [1.099648] gs 17182 learning_rate 0.00042432215
epoch=2 step: 18744 loss 0.24848488 processed: [1.199616] gs 18744 learning_rate 0.00039105528
epoch=2 step: 20306 loss 0.40968192 processed: [1.299584] gs 20306 learning_rate 0.00036039655
epoch=2 step: 21868 loss 0.3613115 processed: [1.399552] gs 21868 learning_rate 0.0003321414
epoch=2 step: 23430 loss 0.27364337 processed: [1.49952] gs 23430 learning_rate 0.00030610152
epoch=2 step: 24992 loss 0.27160022 processed: [1.599488] gs 24992 learning_rate 0.00028210317
epoch=2 step: 26554 loss 0.38552445 processed: [1.699456] gs 26554 learning_rate 0.00025998626
epoch=2 step: 28116 loss 0.28418624 processed: [1.799424] gs 28116 learning_rate 0.00023960331
epoch=2 step: 29678 loss 0.27422455 processed: [1.899392] gs 29678 learning_rate 0.00022081842
epoch=2 step: 31240 loss 0.4260455 processed: [1.99936] gs 31240 learning_rate 0.00020350624
total num: 665
MAP: 0.535474435569
MRR: 0.579863945578
P@1: 0.4
('R10_1:', 0.23521183912161348)
('R10_2', 0.40597326649958204)
('R10_5', 0.7595154553049293)
('ave:', 0.48600649034560434)
save evaluate_step: 2
2018-12-27 19:42:23
0.35612044
epoch=1 save model
2018-12-27 19:42:25
starting shuffle train data
finish building train data
epoch=3 step: 32802 loss 0.21501693 processed: [2.099328] gs 32802 learning_rate 0.00018755133
epoch=3 step: 34364 loss 0.23442176 processed: [2.199296] gs 34364 learning_rate 0.00018004929
epoch=3 step: 35926 loss 0.29084992 processed: [2.299264] gs 35926 learning_rate 0.00016593341
epoch=3 step: 37488 loss 0.36011064 processed: [2.399232] gs 37488 learning_rate 0.00015292423
epoch=3 step: 39050 loss 0.24698149 processed: [2.4992] gs 39050 learning_rate 0.00014093496
epoch=3 step: 40612 loss 0.20425144 processed: [2.599168] gs 40612 learning_rate 0.00012988565
epoch=3 step: 42174 loss 0.23942095 processed: [2.699136] gs 42174 learning_rate 0.00011970262
epoch=3 step: 43736 loss 0.29755762 processed: [2.799104] gs 43736 learning_rate 0.000110317924
epoch=3 step: 45298 loss 0.2186217 processed: [2.899072] gs 45298 learning_rate 0.000101669
epoch=3 step: 46860 loss 0.26658505 processed: [2.99904] gs 46860 learning_rate 9.369814e-05
total num: 665
MAP: 0.55015802166
MRR: 0.595622986037
P@1: 0.41954887218
('R10_1:', 0.24804391932211478)
('R10_2', 0.42007280105024447)
('R10_5', 0.7705072204320329)
('ave:', 0.5006589701136185)
save evaluate_step: 3
2018-12-27 21:59:31
0.38545942
epoch=2 save model
2018-12-27 21:59:36
starting shuffle train data
finish building train data
epoch=4 step: 48422 loss 0.35955584 processed: [3.099008] gs 48422 learning_rate 8.63522e-05
epoch=4 step: 49984 loss 0.25109193 processed: [3.198976] gs 49984 learning_rate 7.958218e-05
epoch=4 step: 51546 loss 0.29649812 processed: [3.298944] gs 51546 learning_rate 7.334295e-05
epoch=4 step: 53108 loss 0.20646389 processed: [3.398912] gs 53108 learning_rate 6.759285e-05
epoch=4 step: 54670 loss 0.3692807 processed: [3.49888] gs 54670 learning_rate 6.229357e-05
epoch=4 step: 56232 loss 0.38403657 processed: [3.598848] gs 56232 learning_rate 5.7409747e-05
epoch=4 step: 57794 loss 0.22165453 processed: [3.698816] gs 57794 learning_rate 5.2908825e-05
epoch=4 step: 59356 loss 0.2505188 processed: [3.798784] gs 59356 learning_rate 4.8760765e-05
epoch=4 step: 60918 loss 0.27732545 processed: [3.898752] gs 60918 learning_rate 4.4937926e-05
epoch=4 step: 62480 loss 0.19120024 processed: [3.99872] gs 62480 learning_rate 4.1414787e-05
total num: 665
MAP: 0.548088069995
MRR: 0.591296097386
P@1: 0.415037593985
('R10_1:', 0.24779329275569875)
('R10_2', 0.412253252178064)
('R10_5', 0.7570235111588498)
('ave:', 0.49524863624322807)
save evaluate_step: 4
2018-12-28 00:17:06
0.2891314
epoch=3 save model
2018-12-28 00:17:08
starting shuffle train data
finish building train data
epoch=5 step: 64042 loss 0.17312616 processed: [4.098688] gs 64042 learning_rate 3.8167866e-05
epoch=5 step: 65604 loss 0.25133884 processed: [4.198656] gs 65604 learning_rate 3.5175504e-05
epoch=5 step: 67166 loss 0.3942109 processed: [4.298624] gs 67166 learning_rate 3.3768483e-05
epoch=5 step: 68728 loss 0.2100287 processed: [4.398592] gs 68728 learning_rate 3.112103e-05
epoch=5 step: 70290 loss 0.31251287 processed: [4.49856] gs 70290 learning_rate 2.8681141e-05
epoch=5 step: 71852 loss 0.21153662 processed: [4.598528] gs 71852 learning_rate 2.6432539e-05
epoch=5 step: 73414 loss 0.263013 processed: [4.698496] gs 73414 learning_rate 2.4360228e-05
epoch=5 step: 74976 loss 0.22273538 processed: [4.798464] gs 74976 learning_rate 2.2450386e-05
epoch=5 step: 76538 loss 0.33136278 processed: [4.898432] gs 76538 learning_rate 2.0690273e-05
epoch=5 step: 78100 loss 0.16773382 processed: [4.9984] gs 78100 learning_rate 1.9068155e-05
total num: 665
MAP: 0.542990611212
MRR: 0.586837928154
P@1: 0.410526315789
('R10_1:', 0.24353264112662604)
('R10_2', 0.40430839002267555)
('R10_5', 0.7502064685523335)
('ave:', 0.4897337258095476)
save evaluate_step: 5
2018-12-28 02:33:56
0.3170178
epoch=4 save model
2018-12-28 02:33:58
train time:11.5344 h
