nohup: 忽略输入
con_v [None, 800]
alphas: [None, 200, 200]
betas: [None, 200, 200]
premise_attns: [None, 200, 200]
hypothesis_attns: [None, 200, 200]
v2: [None, 800]
conv_2: [None, 1600]
starting loading data
2019-01-02 16:06:48
finish loading data
2019-01-02 16:12:22
batch_num 25000
configurations {'data_path': '../../data/ubuntu/data.pkl', 'word_layers_itg': 2, 'evaluate_step': 25000, 'filter_size': 3, 'filter_h': 3, 'hidden_embedding_dim': 200, 'emb_train': False, 'embedding_file': '../../data/ubuntu/word_embedding.pkl', 'CPU': '/cpu:0', 'epoch': 6, 'lr': 0.001, 'save_path': 'Gcnn_v_test/version/', 'word_layers_enc': 2, 'print_step': 2500, '_EOS_': 28270, 'word_embedding_dim': 200, 'batch_size': 40, 'max_turn_num': 10, 'final_n_class': 1, 'word_layers_agg': 2, 'max_single_len': 200, 'rnn_size': 200, 'max_turn_len': 50, 'train_steps': 150000, 'output_path': 'Gcnn_v_output/version/', 'init_model': 'Gcnn_v_model/version/'}
2019-01-02 16:13:04.802799: W tensorflow/core/platform/cpu_feature_guard.cc:45] The TensorFlow library wasn't compiled to use SSE4.1 instructions, but these are available on your machine and could speed up CPU computations.
2019-01-02 16:13:04.802816: W tensorflow/core/platform/cpu_feature_guard.cc:45] The TensorFlow library wasn't compiled to use SSE4.2 instructions, but these are available on your machine and could speed up CPU computations.
2019-01-02 16:13:04.802820: W tensorflow/core/platform/cpu_feature_guard.cc:45] The TensorFlow library wasn't compiled to use AVX instructions, but these are available on your machine and could speed up CPU computations.
2019-01-02 16:13:04.802824: W tensorflow/core/platform/cpu_feature_guard.cc:45] The TensorFlow library wasn't compiled to use AVX2 instructions, but these are available on your machine and could speed up CPU computations.
2019-01-02 16:13:04.802827: W tensorflow/core/platform/cpu_feature_guard.cc:45] The TensorFlow library wasn't compiled to use FMA instructions, but these are available on your machine and could speed up CPU computations.
2019-01-02 16:13:04.925422: I tensorflow/stream_executor/cuda/cuda_gpu_executor.cc:893] successful NUMA node read from SysFS had negative value (-1), but there must be at least one NUMA node, so returning NUMA node zero
2019-01-02 16:13:04.925850: I tensorflow/core/common_runtime/gpu/gpu_device.cc:940] Found device 0 with properties: 
name: GeForce GTX 1070
major: 6 minor: 1 memoryClockRate (GHz) 1.683
pciBusID 0000:01:00.0
Total memory: 7.92GiB
Free memory: 7.80GiB
2019-01-02 16:13:04.925862: I tensorflow/core/common_runtime/gpu/gpu_device.cc:961] DMA: 0 
2019-01-02 16:13:04.925866: I tensorflow/core/common_runtime/gpu/gpu_device.cc:971] 0:   Y 
2019-01-02 16:13:04.925872: I tensorflow/core/common_runtime/gpu/gpu_device.cc:1030] Creating TensorFlow device (/gpu:0) -> (device: 0, name: GeForce GTX 1070, pci bus id: 0000:01:00.0)
starting shuffle train data
finish building train data
2019-01-02 16:14:54.553266: W tensorflow/core/common_runtime/bfc_allocator.cc:217] Allocator (GPU_0_bfc) ran out of memory trying to allocate 3.78GiB. The caller indicates that this is not a failure, but may mean that there could be performance gains if more memory is available.
2019-01-02 16:14:54.555226: I tensorflow/core/common_runtime/gpu/pool_allocator.cc:247] PoolAllocator: After 15010 get requests, put_count=6094 evicted_count=1000 eviction_rate=0.164096 and unsatisfied allocation rate=0.667288
2019-01-02 16:14:54.555240: I tensorflow/core/common_runtime/gpu/pool_allocator.cc:259] Raising pool_size_limit_ from 100 to 110
2019-01-02 16:14:55.263282: I tensorflow/core/common_runtime/gpu/pool_allocator.cc:247] PoolAllocator: After 134 get requests, put_count=1144 evicted_count=1000 eviction_rate=0.874126 and unsatisfied allocation rate=0.0149254
2019-01-02 16:14:55.263313: I tensorflow/core/common_runtime/gpu/pool_allocator.cc:259] Raising pool_size_limit_ from 133 to 146
2019-01-02 16:14:55.900087: I tensorflow/core/common_runtime/gpu/pool_allocator.cc:247] PoolAllocator: After 132 get requests, put_count=1144 evicted_count=1000 eviction_rate=0.874126 and unsatisfied allocation rate=0.030303
2019-01-02 16:14:55.900126: I tensorflow/core/common_runtime/gpu/pool_allocator.cc:259] Raising pool_size_limit_ from 176 to 193
2019-01-02 16:14:56.543385: I tensorflow/core/common_runtime/gpu/pool_allocator.cc:247] PoolAllocator: After 100 get requests, put_count=1119 evicted_count=1000 eviction_rate=0.893655 and unsatisfied allocation rate=0
2019-01-02 16:14:57.204146: I tensorflow/core/common_runtime/gpu/pool_allocator.cc:247] PoolAllocator: After 138 get requests, put_count=1159 evicted_count=1000 eviction_rate=0.862813 and unsatisfied allocation rate=0
2019-01-02 16:14:57.892617: I tensorflow/core/common_runtime/gpu/pool_allocator.cc:247] PoolAllocator: After 138 get requests, put_count=1161 evicted_count=1000 eviction_rate=0.861326 and unsatisfied allocation rate=0
2019-01-02 16:14:58.558032: I tensorflow/core/common_runtime/gpu/pool_allocator.cc:247] PoolAllocator: After 876 get requests, put_count=2901 evicted_count=2000 eviction_rate=0.689417 and unsatisfied allocation rate=0
2019-01-02 16:14:59.225281: I tensorflow/core/common_runtime/gpu/pool_allocator.cc:247] PoolAllocator: After 1732 get requests, put_count=3760 evicted_count=2000 eviction_rate=0.531915 and unsatisfied allocation rate=0
2019-01-02 16:14:59.872002: I tensorflow/core/common_runtime/gpu/pool_allocator.cc:247] PoolAllocator: After 2718 get requests, put_count=4748 evicted_count=2000 eviction_rate=0.42123 and unsatisfied allocation rate=0
2019-01-02 16:15:00.520136: I tensorflow/core/common_runtime/gpu/pool_allocator.cc:247] PoolAllocator: After 3864 get requests, put_count=6897 evicted_count=3000 eviction_rate=0.434972 and unsatisfied allocation rate=0
2019-01-02 16:15:01.165637: I tensorflow/core/common_runtime/gpu/pool_allocator.cc:247] PoolAllocator: After 5034 get requests, put_count=8071 evicted_count=3000 eviction_rate=0.371701 and unsatisfied allocation rate=0
2019-01-02 16:15:01.817377: I tensorflow/core/common_runtime/gpu/pool_allocator.cc:247] PoolAllocator: After 6322 get requests, put_count=9362 evicted_count=3000 eviction_rate=0.320444 and unsatisfied allocation rate=0
2019-01-02 16:15:02.472464: I tensorflow/core/common_runtime/gpu/pool_allocator.cc:247] PoolAllocator: After 7826 get requests, put_count=11870 evicted_count=4000 eviction_rate=0.336984 and unsatisfied allocation rate=0
2019-01-02 16:15:03.118610: I tensorflow/core/common_runtime/gpu/pool_allocator.cc:247] PoolAllocator: After 8196 get requests, put_count=12245 evicted_count=4000 eviction_rate=0.326664 and unsatisfied allocation rate=0
2019-01-02 16:15:03.759701: I tensorflow/core/common_runtime/gpu/pool_allocator.cc:247] PoolAllocator: After 8438 get requests, put_count=13492 evicted_count=5000 eviction_rate=0.37059 and unsatisfied allocation rate=0
2019-01-02 16:15:04.552899: I tensorflow/core/common_runtime/gpu/pool_allocator.cc:247] PoolAllocator: After 9540 get requests, put_count=14598 evicted_count=5000 eviction_rate=0.342513 and unsatisfied allocation rate=0.000104822
2019-01-02 16:15:05.210914: I tensorflow/core/common_runtime/gpu/pool_allocator.cc:247] PoolAllocator: After 11408 get requests, put_count=17472 evicted_count=6000 eviction_rate=0.343407 and unsatisfied allocation rate=8.76578e-05
2019-01-02 16:15:05.871203: I tensorflow/core/common_runtime/gpu/pool_allocator.cc:247] PoolAllocator: After 13548 get requests, put_count=20619 evicted_count=7000 eviction_rate=0.339493 and unsatisfied allocation rate=7.38116e-05
2019-01-02 16:15:06.533895: I tensorflow/core/common_runtime/gpu/pool_allocator.cc:247] PoolAllocator: After 15626 get requests, put_count=22704 evicted_count=7000 eviction_rate=0.308316 and unsatisfied allocation rate=6.39959e-05
2019-01-02 16:15:07.188379: I tensorflow/core/common_runtime/gpu/pool_allocator.cc:247] PoolAllocator: After 15916 get requests, put_count=24002 evicted_count=8000 eviction_rate=0.333306 and unsatisfied allocation rate=6.28299e-05
2019-01-02 16:15:08.077010: I tensorflow/core/common_runtime/gpu/pool_allocator.cc:247] PoolAllocator: After 31036 get requests, put_count=31162 evicted_count=9000 eviction_rate=0.288813 and unsatisfied allocation rate=0.288987
2019-01-02 16:15:08.077046: I tensorflow/core/common_runtime/gpu/pool_allocator.cc:259] Raising pool_size_limit_ from 1053 to 1158
2019-01-02 16:15:08.827861: I tensorflow/core/common_runtime/gpu/pool_allocator.cc:247] PoolAllocator: After 3294 get requests, put_count=4409 evicted_count=1000 eviction_rate=0.226809 and unsatisfied allocation rate=0
2019-01-02 16:15:09.506871: I tensorflow/core/common_runtime/gpu/pool_allocator.cc:247] PoolAllocator: After 7596 get requests, put_count=10723 evicted_count=3000 eviction_rate=0.279772 and unsatisfied allocation rate=0
2019-01-02 16:15:10.164971: I tensorflow/core/common_runtime/gpu/pool_allocator.cc:247] PoolAllocator: After 8642 get requests, put_count=12781 evicted_count=4000 eviction_rate=0.312965 and unsatisfied allocation rate=0.000115714
2019-01-02 16:15:11.005101: I tensorflow/core/common_runtime/gpu/pool_allocator.cc:247] PoolAllocator: After 13142 get requests, put_count=19296 evicted_count=6000 eviction_rate=0.310945 and unsatisfied allocation rate=0
2019-01-02 16:15:11.683615: I tensorflow/core/common_runtime/gpu/pool_allocator.cc:247] PoolAllocator: After 14588 get requests, put_count=21757 evicted_count=7000 eviction_rate=0.321736 and unsatisfied allocation rate=0
2019-01-02 16:15:12.701037: I tensorflow/core/common_runtime/gpu/pool_allocator.cc:247] PoolAllocator: After 3602 get requests, put_count=4806 evicted_count=1000 eviction_rate=0.208073 and unsatisfied allocation rate=0
2019-01-02 16:15:13.530367: I tensorflow/core/common_runtime/gpu/pool_allocator.cc:247] PoolAllocator: After 9088 get requests, put_count=13313 evicted_count=4000 eviction_rate=0.300458 and unsatisfied allocation rate=0
2019-01-02 16:15:14.254535: I tensorflow/core/common_runtime/gpu/pool_allocator.cc:247] PoolAllocator: After 13228 get requests, put_count=19475 evicted_count=6000 eviction_rate=0.308087 and unsatisfied allocation rate=0
2019-01-02 16:15:15.299178: I tensorflow/core/common_runtime/gpu/pool_allocator.cc:247] PoolAllocator: After 4984 get requests, put_count=7283 evicted_count=2000 eviction_rate=0.274612 and unsatisfied allocation rate=0
2019-01-02 16:15:16.175909: I tensorflow/core/common_runtime/gpu/pool_allocator.cc:247] PoolAllocator: After 10714 get requests, put_count=16043 evicted_count=5000 eviction_rate=0.311662 and unsatisfied allocation rate=0
2019-01-02 16:15:17.426670: I tensorflow/core/common_runtime/gpu/pool_allocator.cc:247] PoolAllocator: After 6266 get requests, put_count=9664 evicted_count=3000 eviction_rate=0.31043 and unsatisfied allocation rate=0
2019-01-02 16:15:18.716684: I tensorflow/core/common_runtime/gpu/pool_allocator.cc:247] PoolAllocator: After 4338 get requests, put_count=6820 evicted_count=2000 eviction_rate=0.293255 and unsatisfied allocation rate=0
2019-01-02 16:15:20.061641: I tensorflow/core/common_runtime/gpu/pool_allocator.cc:247] PoolAllocator: After 6992 get requests, put_count=10575 evicted_count=3000 eviction_rate=0.283688 and unsatisfied allocation rate=0
epoch=1 step: 2500 loss 0.46437436 processed: [0.1] gs 2500 learning_rate 0.0004608
epoch=1 step: 5000 loss 0.24409148 processed: [0.2] gs 5000 learning_rate 0.0004076863
epoch=1 step: 7500 loss 0.35142842 processed: [0.3] gs 7500 learning_rate 0.00037572367
epoch=1 step: 10000 loss 0.3754904 processed: [0.4] gs 10000 learning_rate 0.00033241624
epoch=1 step: 12500 loss 0.30655995 processed: [0.5] gs 12500 learning_rate 0.0003063548
epoch=1 step: 15000 loss 0.42866662 processed: [0.6] gs 15000 learning_rate 0.0002710431
epoch=1 step: 17500 loss 0.35654107 processed: [0.7] gs 17500 learning_rate 0.00024979332
epoch=1 step: 20000 loss 0.36290473 processed: [0.8] gs 20000 learning_rate 0.00022100113
epoch=1 step: 22500 loss 0.3191188 processed: [0.9] gs 22500 learning_rate 0.00020367463
epoch=1 step: 25000 loss 0.30742732 processed: [1.0] gs 25000 learning_rate 0.00018019827
