nohup: 忽略输入
starting loading data
2019-01-05 22:28:11
finish loading data
2019-01-05 22:30:49
batch_num 15625
configurations {'data_path': '../../data/douban/data.pkl', 'word_layers_itg': 2, 'evaluate_step': 15625, 'filter_size': 8, 'filter_h': 3, 'train_steps': 78125, 'emb_train': False, 'CPU': '/cpu:0', 'embedding_file': '../../data/douban/word_embedding.pkl', 'hidden_embedding_dim': 200, 'epoch': 5, 'lr': 0.001, 'save_path': 'Gcnn_v14_test/version/', 'word_layers_enc': 2, 'print_step': 1562, '_EOS_': 1, 'word_embedding_dim': 200, 'batch_size': 64, 'max_turn_num': 10, 'final_n_class': 1, 'word_layers_agg': 2, 'max_turn_len': 50, 'output_path': 'Gcnn_v14_output/version/', 'init_model': 'Gcnn_v14_model/version/'}
2019-01-05 22:30:49.863529: W tensorflow/core/platform/cpu_feature_guard.cc:45] The TensorFlow library wasn't compiled to use SSE4.1 instructions, but these are available on your machine and could speed up CPU computations.
2019-01-05 22:30:49.863546: W tensorflow/core/platform/cpu_feature_guard.cc:45] The TensorFlow library wasn't compiled to use SSE4.2 instructions, but these are available on your machine and could speed up CPU computations.
2019-01-05 22:30:49.863550: W tensorflow/core/platform/cpu_feature_guard.cc:45] The TensorFlow library wasn't compiled to use AVX instructions, but these are available on your machine and could speed up CPU computations.
2019-01-05 22:30:49.863554: W tensorflow/core/platform/cpu_feature_guard.cc:45] The TensorFlow library wasn't compiled to use AVX2 instructions, but these are available on your machine and could speed up CPU computations.
2019-01-05 22:30:49.863557: W tensorflow/core/platform/cpu_feature_guard.cc:45] The TensorFlow library wasn't compiled to use FMA instructions, but these are available on your machine and could speed up CPU computations.
2019-01-05 22:30:49.981428: I tensorflow/stream_executor/cuda/cuda_gpu_executor.cc:893] successful NUMA node read from SysFS had negative value (-1), but there must be at least one NUMA node, so returning NUMA node zero
2019-01-05 22:30:49.981871: I tensorflow/core/common_runtime/gpu/gpu_device.cc:940] Found device 0 with properties: 
name: GeForce GTX 1070
major: 6 minor: 1 memoryClockRate (GHz) 1.683
pciBusID 0000:01:00.0
Total memory: 7.92GiB
Free memory: 7.80GiB
2019-01-05 22:30:49.981883: I tensorflow/core/common_runtime/gpu/gpu_device.cc:961] DMA: 0 
2019-01-05 22:30:49.981887: I tensorflow/core/common_runtime/gpu/gpu_device.cc:971] 0:   Y 
2019-01-05 22:30:49.981893: I tensorflow/core/common_runtime/gpu/gpu_device.cc:1030] Creating TensorFlow device (/gpu:0) -> (device: 0, name: GeForce GTX 1070, pci bus id: 0000:01:00.0)
starting shuffle train data
finish building train data
2019-01-05 22:32:17.278641: I tensorflow/core/common_runtime/gpu/pool_allocator.cc:247] PoolAllocator: After 2445 get requests, put_count=1455 evicted_count=1000 eviction_rate=0.687285 and unsatisfied allocation rate=0.854806
2019-01-05 22:32:17.278668: I tensorflow/core/common_runtime/gpu/pool_allocator.cc:259] Raising pool_size_limit_ from 100 to 110
2019-01-05 22:32:19.900132: I tensorflow/core/common_runtime/gpu/pool_allocator.cc:247] PoolAllocator: After 0 get requests, put_count=1019 evicted_count=1000 eviction_rate=0.981354 and unsatisfied allocation rate=0
2019-01-05 22:32:22.884924: I tensorflow/core/common_runtime/gpu/pool_allocator.cc:247] PoolAllocator: After 2444 get requests, put_count=2724 evicted_count=2000 eviction_rate=0.734214 and unsatisfied allocation rate=0.716039
2019-01-05 22:32:22.884958: I tensorflow/core/common_runtime/gpu/pool_allocator.cc:259] Raising pool_size_limit_ from 339 to 372
2019-01-05 22:32:25.946692: I tensorflow/core/common_runtime/gpu/pool_allocator.cc:247] PoolAllocator: After 2447 get requests, put_count=3006 evicted_count=2000 eviction_rate=0.665336 and unsatisfied allocation rate=0.610952
2019-01-05 22:32:25.946720: I tensorflow/core/common_runtime/gpu/pool_allocator.cc:259] Raising pool_size_limit_ from 596 to 655
2019-01-05 22:32:31.001559: I tensorflow/core/common_runtime/gpu/pool_allocator.cc:247] PoolAllocator: After 4891 get requests, put_count=4640 evicted_count=1000 eviction_rate=0.215517 and unsatisfied allocation rate=0.281742
2019-01-05 22:32:31.001597: I tensorflow/core/common_runtime/gpu/pool_allocator.cc:259] Raising pool_size_limit_ from 1400 to 1540
epoch=1 step: 1562 loss 0.2651462 processed: [0.099968] gs 1562 learning_rate 0.0008847359
epoch=1 step: 3124 loss 0.3502374 processed: [0.199936] gs 3124 learning_rate 0.00078275765
epoch=1 step: 4686 loss 0.35935092 processed: [0.299904] gs 4686 learning_rate 0.0006925339
epoch=1 step: 6248 loss 0.40400273 processed: [0.399872] gs 6248 learning_rate 0.0006127096
epoch=1 step: 7810 loss 0.39473704 processed: [0.49984] gs 7810 learning_rate 0.0005420862
epoch=1 step: 9372 loss 0.43518764 processed: [0.599808] gs 9372 learning_rate 0.0004796032
epoch=1 step: 10934 loss 0.21207692 processed: [0.699776] gs 10934 learning_rate 0.00042432215
epoch=1 step: 12496 loss 0.33549386 processed: [0.799744] gs 12496 learning_rate 0.00037541304
epoch=1 step: 14058 loss 0.24458711 processed: [0.899712] gs 14058 learning_rate 0.00031885577
epoch=1 step: 15620 loss 0.36267367 processed: [0.99968] gs 15620 learning_rate 0.00028210317
total num: 665
MAP: 0.535816886083
MRR: 0.580398615587
P@1: 0.390977443609
('R10_1:', 0.23090106217925757)
('R10_2', 0.40899510681465556)
('R10_5', 0.7516099773242634)
('ave:', 0.48311651526618254)
save evaluate_step: 1
2019-01-06 00:49:53
starting shuffle train data
finish building train data
epoch=2 step: 17182 loss 0.36181897 processed: [1.099648] gs 17182 learning_rate 0.0002495868
epoch=2 step: 18744 loss 0.24608979 processed: [1.199616] gs 18744 learning_rate 0.00022081842
epoch=2 step: 20306 loss 0.34867465 processed: [1.299584] gs 20306 learning_rate 0.00019536598
epoch=2 step: 21868 loss 0.22645147 processed: [1.399552] gs 21868 learning_rate 0.00017284731
epoch=2 step: 23430 loss 0.3215531 processed: [1.49952] gs 23430 learning_rate 0.00015292423
epoch=2 step: 24992 loss 0.3127898 processed: [1.599488] gs 24992 learning_rate 0.00013529755
epoch=2 step: 26554 loss 0.33329526 processed: [1.699456] gs 26554 learning_rate 0.0001149145
epoch=2 step: 28116 loss 0.29677308 processed: [1.799424] gs 28116 learning_rate 0.000101669
epoch=2 step: 29678 loss 0.43874997 processed: [1.899392] gs 29678 learning_rate 8.995021e-05
epoch=2 step: 31240 loss 0.45716888 processed: [1.99936] gs 31240 learning_rate 7.958218e-05
total num: 665
MAP: 0.539371861958
MRR: 0.581178541592
P@1: 0.390977443609
('R10_1:', 0.2333321398734932)
('R10_2', 0.4189951068146555)
('R10_5', 0.7630636114094763)
('ave:', 0.4878197842095157)
save evaluate_step: 2
2019-01-06 03:07:59
starting shuffle train data
finish building train data
epoch=3 step: 32802 loss 0.21100827 processed: [2.099328] gs 32802 learning_rate 7.0409216e-05
epoch=3 step: 34364 loss 0.29647866 processed: [2.199296] gs 34364 learning_rate 6.229357e-05
epoch=3 step: 35926 loss 0.34680235 processed: [2.299264] gs 35926 learning_rate 5.5113356e-05
epoch=3 step: 37488 loss 0.18008575 processed: [2.399232] gs 37488 learning_rate 4.8760765e-05
epoch=3 step: 39050 loss 0.3230854 processed: [2.4992] gs 39050 learning_rate 4.1414787e-05
epoch=3 step: 40612 loss 0.26161462 processed: [2.599168] gs 40612 learning_rate 3.6641148e-05
epoch=3 step: 42174 loss 0.23705627 processed: [2.699136] gs 42174 learning_rate 3.2417745e-05
epoch=3 step: 43736 loss 0.23681682 processed: [2.799104] gs 43736 learning_rate 2.8681141e-05
epoch=3 step: 45298 loss 0.20326778 processed: [2.899072] gs 45298 learning_rate 2.5375239e-05
epoch=3 step: 46860 loss 0.30428118 processed: [2.99904] gs 46860 learning_rate 2.2450386e-05
total num: 665
MAP: 0.542740675148
MRR: 0.587283088674
P@1: 0.401503759398
('R10_1:', 0.24029955841985903)
('R10_2', 0.41135099653896645)
('R10_5', 0.7664470700560928)
('ave:', 0.4916041913725482)
save evaluate_step: 3
2019-01-06 05:25:46
0.27540666
epoch=2 save model
2019-01-06 05:25:48
starting shuffle train data
finish building train data
epoch=4 step: 48422 loss 0.1878258 processed: [3.099008] gs 48422 learning_rate 1.9862662e-05
epoch=4 step: 49984 loss 0.17253864 processed: [3.198976] gs 49984 learning_rate 1.7573211e-05
epoch=4 step: 51546 loss 0.21489838 processed: [3.298944] gs 51546 learning_rate 1.4925744e-05
epoch=4 step: 53108 loss 0.2073512 processed: [3.398912] gs 53108 learning_rate 1.3205343e-05
epoch=4 step: 54670 loss 0.24259056 processed: [3.49888] gs 54670 learning_rate 1.1683241e-05
epoch=4 step: 56232 loss 0.33185846 processed: [3.598848] gs 56232 learning_rate 1.0336584e-05
epoch=4 step: 57794 loss 0.30995166 processed: [3.698816] gs 57794 learning_rate 9.145147e-06
epoch=4 step: 59356 loss 0.21400899 processed: [3.798784] gs 59356 learning_rate 8.09104e-06
epoch=4 step: 60918 loss 0.3344758 processed: [3.898752] gs 60918 learning_rate 7.158434e-06
epoch=4 step: 62480 loss 0.34444082 processed: [3.99872] gs 62480 learning_rate 6.333324e-06
total num: 665
MAP: 0.541738705939
MRR: 0.585034013605
P@1: 0.398496240602
('R10_1:', 0.23904642558777886)
('R10_2', 0.41210287623821457)
('R10_5', 0.7654445637904287)
('ave:', 0.4903104709604067)
save evaluate_step: 4
2019-01-06 07:43:28
0.2386736
epoch=3 save model
2019-01-06 07:43:30
starting shuffle train data
finish building train data
epoch=5 step: 64042 loss 0.16217086 processed: [4.098688] gs 64042 learning_rate 5.379187e-06
epoch=5 step: 65604 loss 0.29679364 processed: [4.198656] gs 65604 learning_rate 4.75916e-06
epoch=5 step: 67166 loss 0.23824795 processed: [4.298624] gs 67166 learning_rate 4.2105994e-06
epoch=5 step: 68728 loss 0.20815589 processed: [4.398592] gs 68728 learning_rate 3.7252687e-06
epoch=5 step: 70290 loss 0.19188339 processed: [4.49856] gs 70290 learning_rate 3.295879e-06
epoch=5 step: 71852 loss 0.2577576 processed: [4.598528] gs 71852 learning_rate 2.9159826e-06
