nohup: 忽略输入
starting loading data
2018-11-25 10:10:35
finish loading data
2018-11-25 10:13:13
batch_num 15625
configurations {'keep_prob': 0.8, 'data_path': '../../data/douban/data.pkl', 'word_layers_itg': 2, 'evaluate_step': 15625, 'filter_size': 3, 'filter_h': 3, 'hidden_embedding_dim': 200, 'emb_train': False, 'embedding_file': '../../data/douban/word_embedding.pkl', 'CPU': '/cpu:0', 'epoch': 8, 'lr': 0.001, 'save_path': 'Gcnn_v3_test/version_2/', 'word_layers_enc': 2, 'print_step': 1562, '_EOS_': 1, 'word_embedding_dim': 200, 'batch_size': 64, 'max_turn_num': 10, 'final_n_class': 1, 'word_layers_agg': 2, 'max_turn_len': 50, 'train_steps': 125000, 'output_path': 'Gcnn_v3_output/version_2/', 'init_model': 'Gcnn_v3_model/version_2/'}
2018-11-25 10:13:13.978943: W tensorflow/core/platform/cpu_feature_guard.cc:45] The TensorFlow library wasn't compiled to use SSE4.1 instructions, but these are available on your machine and could speed up CPU computations.
2018-11-25 10:13:13.978960: W tensorflow/core/platform/cpu_feature_guard.cc:45] The TensorFlow library wasn't compiled to use SSE4.2 instructions, but these are available on your machine and could speed up CPU computations.
2018-11-25 10:13:13.978964: W tensorflow/core/platform/cpu_feature_guard.cc:45] The TensorFlow library wasn't compiled to use AVX instructions, but these are available on your machine and could speed up CPU computations.
2018-11-25 10:13:13.978967: W tensorflow/core/platform/cpu_feature_guard.cc:45] The TensorFlow library wasn't compiled to use AVX2 instructions, but these are available on your machine and could speed up CPU computations.
2018-11-25 10:13:13.978970: W tensorflow/core/platform/cpu_feature_guard.cc:45] The TensorFlow library wasn't compiled to use FMA instructions, but these are available on your machine and could speed up CPU computations.
2018-11-25 10:13:14.397210: I tensorflow/stream_executor/cuda/cuda_gpu_executor.cc:893] successful NUMA node read from SysFS had negative value (-1), but there must be at least one NUMA node, so returning NUMA node zero
2018-11-25 10:13:14.397651: I tensorflow/core/common_runtime/gpu/gpu_device.cc:940] Found device 0 with properties: 
name: GeForce GTX 1070
major: 6 minor: 1 memoryClockRate (GHz) 1.683
pciBusID 0000:02:00.0
Total memory: 7.92GiB
Free memory: 7.83GiB
2018-11-25 10:13:14.397662: I tensorflow/core/common_runtime/gpu/gpu_device.cc:961] DMA: 0 
2018-11-25 10:13:14.397666: I tensorflow/core/common_runtime/gpu/gpu_device.cc:971] 0:   Y 
2018-11-25 10:13:14.397675: I tensorflow/core/common_runtime/gpu/gpu_device.cc:1030] Creating TensorFlow device (/gpu:0) -> (device: 0, name: GeForce GTX 1070, pci bus id: 0000:02:00.0)
starting shuffle train data
finish building train data
2018-11-25 10:14:48.325882: I tensorflow/core/common_runtime/gpu/pool_allocator.cc:247] PoolAllocator: After 2006 get requests, put_count=1249 evicted_count=1000 eviction_rate=0.800641 and unsatisfied allocation rate=0.925723
2018-11-25 10:14:48.325912: I tensorflow/core/common_runtime/gpu/pool_allocator.cc:259] Raising pool_size_limit_ from 100 to 110
2018-11-25 10:14:51.846768: I tensorflow/core/common_runtime/gpu/pool_allocator.cc:247] PoolAllocator: After 2010 get requests, put_count=2345 evicted_count=2000 eviction_rate=0.852878 and unsatisfied allocation rate=0.836318
2018-11-25 10:14:51.846801: I tensorflow/core/common_runtime/gpu/pool_allocator.cc:259] Raising pool_size_limit_ from 176 to 193
2018-11-25 10:14:55.480015: I tensorflow/core/common_runtime/gpu/pool_allocator.cc:247] PoolAllocator: After 0 get requests, put_count=1030 evicted_count=1000 eviction_rate=0.970874 and unsatisfied allocation rate=0
2018-11-25 10:15:00.205372: I tensorflow/core/common_runtime/gpu/pool_allocator.cc:247] PoolAllocator: After 2009 get requests, put_count=1865 evicted_count=1000 eviction_rate=0.536193 and unsatisfied allocation rate=0.598805
2018-11-25 10:15:00.205402: I tensorflow/core/common_runtime/gpu/pool_allocator.cc:259] Raising pool_size_limit_ from 655 to 720
2018-11-25 10:15:09.333426: I tensorflow/core/common_runtime/gpu/pool_allocator.cc:247] PoolAllocator: After 8031 get requests, put_count=7795 evicted_count=1000 eviction_rate=0.128287 and unsatisfied allocation rate=0.171336
2018-11-25 10:15:09.333467: I tensorflow/core/common_runtime/gpu/pool_allocator.cc:259] Raising pool_size_limit_ from 1540 to 1694
epoch=0 step: 1562 loss 0.41457725 processed: [0.099968]
epoch=0 step: 3124 loss 0.5374041 processed: [0.199936]
epoch=0 step: 4686 loss 0.30938154 processed: [0.299904]
epoch=0 step: 6248 loss 0.30580932 processed: [0.399872]
epoch=0 step: 7810 loss 0.42277354 processed: [0.49984]
epoch=0 step: 9372 loss 0.29551506 processed: [0.599808]
epoch=0 step: 10934 loss 0.27099353 processed: [0.699776]
epoch=0 step: 12496 loss 0.3605758 processed: [0.799744]
epoch=0 step: 14058 loss 0.25684664 processed: [0.899712]
epoch=0 step: 15620 loss 0.344357 processed: [0.99968]
val_loss 1.347686
total num: 665
MAP: 0.524840988289
MRR: 0.564054779807
P@1: 0.377443609023
('R10_1:', 0.22358276643990924)
('R10_2', 0.38706528225325215)
('R10_5', 0.7452691251939374)
('ave:', 0.47037609183420875)
save evaluate_step: 1
2018-11-25 13:00:42
learning rate: 0.001
starting shuffle train data
finish building train data
epoch=1 step: 17182 loss 0.220372 processed: [1.099648]
epoch=1 step: 18744 loss 0.24698979 processed: [1.199616]
epoch=1 step: 20306 loss 0.15311119 processed: [1.299584]
epoch=1 step: 21868 loss 0.2710108 processed: [1.399552]
epoch=1 step: 23430 loss 0.29997548 processed: [1.49952]
epoch=1 step: 24992 loss 0.2625839 processed: [1.599488]
epoch=1 step: 26554 loss 0.22138415 processed: [1.699456]
epoch=1 step: 28116 loss 0.38679165 processed: [1.799424]
epoch=1 step: 29678 loss 0.2930614 processed: [1.899392]
epoch=1 step: 31240 loss 0.28764358 processed: [1.99936]
val_loss 1.4072373
total num: 665
MAP: 0.53431599383
MRR: 0.578794008832
P@1: 0.389473684211
('R10_1:', 0.2260138441341448)
('R10_2', 0.41603413295142594)
('R10_5', 0.7551044277360072)
('ave:', 0.48328934861561795)
save evaluate_step: 2
2018-11-25 15:47:52
learning rate: 0.001
0.2768795
epoch=2 save model
2018-11-25 15:47:55
starting shuffle train data
finish building train data
epoch=2 step: 32802 loss 0.17594734 processed: [2.099328]
epoch=2 step: 34364 loss 0.1992053 processed: [2.199296]
epoch=2 step: 35926 loss 0.31446117 processed: [2.299264]
epoch=2 step: 37488 loss 0.1951415 processed: [2.399232]
epoch=2 step: 39050 loss 0.23088486 processed: [2.4992]
epoch=2 step: 40612 loss 0.15452254 processed: [2.599168]
epoch=2 step: 42174 loss 0.22308302 processed: [2.699136]
epoch=2 step: 43736 loss 0.2584017 processed: [2.799104]
epoch=2 step: 45298 loss 0.18066627 processed: [2.899072]
epoch=2 step: 46860 loss 0.36498567 processed: [2.99904]
val_loss 1.4514806
total num: 665
MAP: 0.537978977821
MRR: 0.581305645065
P@1: 0.381954887218
('R10_1:', 0.21929705215419495)
('R10_2', 0.4245697577276523)
('R10_5', 0.7692540875999524)
('ave:', 0.4857267345975796)
save evaluate_step: 3
2018-11-25 18:34:43
learning rate: 0.0005
0.2538312
epoch=3 save model
2018-11-25 18:34:45
starting shuffle train data
finish building train data
epoch=3 step: 48422 loss 0.17039905 processed: [3.099008]
epoch=3 step: 49984 loss 0.16192773 processed: [3.198976]
epoch=3 step: 51546 loss 0.18044885 processed: [3.298944]
epoch=3 step: 53108 loss 0.29293743 processed: [3.398912]
epoch=3 step: 54670 loss 0.17027684 processed: [3.49888]
epoch=3 step: 56232 loss 0.23981671 processed: [3.598848]
epoch=3 step: 57794 loss 0.22669761 processed: [3.698816]
epoch=3 step: 59356 loss 0.1615787 processed: [3.798784]
epoch=3 step: 60918 loss 0.23014575 processed: [3.898752]
epoch=3 step: 62480 loss 0.23778343 processed: [3.99872]
val_loss 1.4335794
total num: 665
MAP: 0.537613574516
MRR: 0.580506026972
P@1: 0.375939849624
('R10_1:', 0.21726697696622504)
('R10_2', 0.4200226757369613)
('R10_5', 0.7743668695548397)
('ave:', 0.4842859955617815)
save evaluate_step: 4
2018-11-25 21:22:59
learning rate: 0.0005
0.1702505
epoch=4 save model
2018-11-25 21:23:02
starting shuffle train data
finish building train data
epoch=4 step: 64042 loss 0.19477595 processed: [4.098688]
epoch=4 step: 65604 loss 0.18791474 processed: [4.198656]
epoch=4 step: 67166 loss 0.094894655 processed: [4.298624]
epoch=4 step: 68728 loss 0.2217119 processed: [4.398592]
epoch=4 step: 70290 loss 0.047834475 processed: [4.49856]
epoch=4 step: 71852 loss 0.11483787 processed: [4.598528]
epoch=4 step: 73414 loss 0.13364391 processed: [4.698496]
epoch=4 step: 74976 loss 0.082651675 processed: [4.798464]
epoch=4 step: 76538 loss 0.08606391 processed: [4.898432]
epoch=4 step: 78100 loss 0.05644683 processed: [4.9984]
val_loss 1.9235169
total num: 665
MAP: 0.544372021086
MRR: 0.583485499463
P@1: 0.384962406015
('R10_1:', 0.22949755340732775)
('R10_2', 0.41598758801766317)
('R10_5', 0.7719859171738875)
('ave:', 0.488381830860535)
save evaluate_step: 5
2018-11-26 00:09:34
learning rate: 0.00025
0.20908037
epoch=5 save model
2018-11-26 00:09:36
starting shuffle train data
finish building train data
epoch=5 step: 79662 loss 0.06435733 processed: [5.098368]
epoch=5 step: 81224 loss 0.07999307 processed: [5.198336]
epoch=5 step: 82786 loss 0.10479769 processed: [5.298304]
epoch=5 step: 84348 loss 0.09146011 processed: [5.398272]
epoch=5 step: 85910 loss 0.060598128 processed: [5.49824]
epoch=5 step: 87472 loss 0.07243064 processed: [5.598208]
epoch=5 step: 89034 loss 0.09421754 processed: [5.698176]
epoch=5 step: 90596 loss 0.15147305 processed: [5.798144]
epoch=5 step: 92158 loss 0.09242152 processed: [5.898112]
epoch=5 step: 93720 loss 0.17896123 processed: [5.99808]
val_loss 2.810803
total num: 665
MAP: 0.528940934867
MRR: 0.566434538728
P@1: 0.36992481203
('R10_1:', 0.2208008115526913)
('R10_2', 0.3983434777419739)
('R10_5', 0.7530994152046786)
('ave:', 0.4729239983540987)
save evaluate_step: 6
2018-11-26 02:56:05
learning rate: 0.00025
0.07741
epoch=6 save model
2018-11-26 02:56:08
starting shuffle train data
finish building train data
epoch=6 step: 95282 loss 0.07627691 processed: [6.098048]
epoch=6 step: 96844 loss 0.026957147 processed: [6.198016]
epoch=6 step: 98406 loss 0.019895641 processed: [6.297984]
epoch=6 step: 99968 loss 0.086821645 processed: [6.397952]
epoch=6 step: 101530 loss 0.1412798 processed: [6.49792]
epoch=6 step: 103092 loss 0.23392516 processed: [6.597888]
epoch=6 step: 104654 loss 0.07364464 processed: [6.697856]
epoch=6 step: 106216 loss 0.063523084 processed: [6.797824]
epoch=6 step: 107778 loss 0.11093353 processed: [6.897792]
epoch=6 step: 109340 loss 0.029129526 processed: [6.99776]
val_loss 3.9232132
total num: 665
MAP: 0.53957681027
MRR: 0.578113139993
P@1: 0.387969924812
('R10_1:', 0.23333213987349322)
('R10_2', 0.4042081393961093)
('R10_5', 0.7741162429884236)
('ave:', 0.4862193995555148)
save evaluate_step: 7
2018-11-26 05:42:27
learning rate: 0.000125
0.26186633
epoch=7 save model
2018-11-26 05:42:28
starting shuffle train data
finish building train data
epoch=7 step: 110902 loss 0.035201535 processed: [7.097728]
epoch=7 step: 112464 loss 0.02474168 processed: [7.197696]
epoch=7 step: 114026 loss 0.02416974 processed: [7.297664]
epoch=7 step: 115588 loss 0.026851097 processed: [7.397632]
epoch=7 step: 117150 loss 0.034107763 processed: [7.4976]
epoch=7 step: 118712 loss 0.021812432 processed: [7.597568]
epoch=7 step: 120274 loss 0.011609473 processed: [7.697536]
epoch=7 step: 121836 loss 0.07382531 processed: [7.797504]
epoch=7 step: 123398 loss 0.03902852 processed: [7.897472]
epoch=7 step: 124960 loss 0.01327015 processed: [7.99744]
val_loss 4.54645
total num: 665
MAP: 0.53760073914
MRR: 0.576891633847
P@1: 0.387969924812
('R10_1:', 0.23187850578828018)
('R10_2', 0.4035565103234276)
('R10_5', 0.7684270199307797)
('ave:', 0.48438738897350425)
save evaluate_step: 8
2018-11-26 08:28:34
learning rate: 0.000125
0.022933263
epoch=8 save model
2018-11-26 08:28:37
train time:22.3005 h
