nohup: 忽略输入
starting loading data
2019-01-10 21:03:20
finish loading data
2019-01-10 21:05:53
batch_num 15625
configurations {'data_path': '../../data/douban/data.pkl', 'word_layers_itg': 2, 'evaluate_step': 15625, 'filter_size': 8, 'filter_h': 3, 'train_steps': 125000, 'emb_train': False, 'CPU': '/cpu:0', 'embedding_file': '../../data/douban/word_embedding.pkl', 'hidden_embedding_dim': 200, 'epoch': 8, 'lr': 0.001, 'save_path': 'Gcnn_v14_test/version/', 'word_layers_enc': 2, 'print_step': 1562, '_EOS_': 1, 'word_embedding_dim': 200, 'batch_size': 64, 'max_turn_num': 10, 'final_n_class': 1, 'word_layers_agg': 2, 'max_turn_len': 50, 'output_path': 'Gcnn_v14_output/version/', 'init_model': 'Gcnn_v14_model/version/'}
2019-01-10 21:05:53.838966: W tensorflow/core/platform/cpu_feature_guard.cc:45] The TensorFlow library wasn't compiled to use SSE4.1 instructions, but these are available on your machine and could speed up CPU computations.
2019-01-10 21:05:53.838984: W tensorflow/core/platform/cpu_feature_guard.cc:45] The TensorFlow library wasn't compiled to use SSE4.2 instructions, but these are available on your machine and could speed up CPU computations.
2019-01-10 21:05:53.838987: W tensorflow/core/platform/cpu_feature_guard.cc:45] The TensorFlow library wasn't compiled to use AVX instructions, but these are available on your machine and could speed up CPU computations.
2019-01-10 21:05:53.838990: W tensorflow/core/platform/cpu_feature_guard.cc:45] The TensorFlow library wasn't compiled to use AVX2 instructions, but these are available on your machine and could speed up CPU computations.
2019-01-10 21:05:53.838993: W tensorflow/core/platform/cpu_feature_guard.cc:45] The TensorFlow library wasn't compiled to use FMA instructions, but these are available on your machine and could speed up CPU computations.
2019-01-10 21:05:53.939918: I tensorflow/stream_executor/cuda/cuda_gpu_executor.cc:893] successful NUMA node read from SysFS had negative value (-1), but there must be at least one NUMA node, so returning NUMA node zero
2019-01-10 21:05:53.940357: I tensorflow/core/common_runtime/gpu/gpu_device.cc:940] Found device 0 with properties: 
name: GeForce GTX 1070
major: 6 minor: 1 memoryClockRate (GHz) 1.683
pciBusID 0000:01:00.0
Total memory: 7.92GiB
Free memory: 7.80GiB
2019-01-10 21:05:53.940367: I tensorflow/core/common_runtime/gpu/gpu_device.cc:961] DMA: 0 
2019-01-10 21:05:53.940371: I tensorflow/core/common_runtime/gpu/gpu_device.cc:971] 0:   Y 
2019-01-10 21:05:53.940377: I tensorflow/core/common_runtime/gpu/gpu_device.cc:1030] Creating TensorFlow device (/gpu:0) -> (device: 0, name: GeForce GTX 1070, pci bus id: 0000:01:00.0)
starting shuffle train data
finish building train data
2019-01-10 21:07:21.120767: W tensorflow/core/common_runtime/bfc_allocator.cc:217] Allocator (GPU_0_bfc) ran out of memory trying to allocate 3.78GiB. The caller indicates that this is not a failure, but may mean that there could be performance gains if more memory is available.
2019-01-10 21:07:21.125373: I tensorflow/core/common_runtime/gpu/pool_allocator.cc:247] PoolAllocator: After 2448 get requests, put_count=1459 evicted_count=1000 eviction_rate=0.685401 and unsatisfied allocation rate=0.85335
2019-01-10 21:07:21.125386: I tensorflow/core/common_runtime/gpu/pool_allocator.cc:259] Raising pool_size_limit_ from 100 to 110
2019-01-10 21:07:24.289386: I tensorflow/core/common_runtime/gpu/pool_allocator.cc:247] PoolAllocator: After 0 get requests, put_count=1019 evicted_count=1000 eviction_rate=0.981354 and unsatisfied allocation rate=0
2019-01-10 21:07:27.943073: I tensorflow/core/common_runtime/gpu/pool_allocator.cc:247] PoolAllocator: After 2448 get requests, put_count=2728 evicted_count=2000 eviction_rate=0.733138 and unsatisfied allocation rate=0.714869
2019-01-10 21:07:27.943105: I tensorflow/core/common_runtime/gpu/pool_allocator.cc:259] Raising pool_size_limit_ from 339 to 372
2019-01-10 21:07:31.746264: I tensorflow/core/common_runtime/gpu/pool_allocator.cc:247] PoolAllocator: After 2448 get requests, put_count=3009 evicted_count=2000 eviction_rate=0.664673 and unsatisfied allocation rate=0.609886
2019-01-10 21:07:31.746301: I tensorflow/core/common_runtime/gpu/pool_allocator.cc:259] Raising pool_size_limit_ from 596 to 655
2019-01-10 21:07:37.980708: I tensorflow/core/common_runtime/gpu/pool_allocator.cc:247] PoolAllocator: After 4896 get requests, put_count=4646 evicted_count=1000 eviction_rate=0.215239 and unsatisfied allocation rate=0.28125
2019-01-10 21:07:37.980739: I tensorflow/core/common_runtime/gpu/pool_allocator.cc:259] Raising pool_size_limit_ from 1400 to 1540
epoch=1 step: 1562 loss 0.4749704 processed: [0.099968] gs 1562 learning_rate 0.00096000003
epoch=1 step: 3124 loss 0.45600423 processed: [0.199936] gs 3124 learning_rate 0.0008847359
epoch=1 step: 4686 loss 0.3754158 processed: [0.299904] gs 4686 learning_rate 0.0008153726
epoch=1 step: 6248 loss 0.2595604 processed: [0.399872] gs 6248 learning_rate 0.00075144734
epoch=1 step: 7810 loss 0.3712514 processed: [0.49984] gs 7810 learning_rate 0.0006925339
epoch=1 step: 9372 loss 0.2834977 processed: [0.599808] gs 9372 learning_rate 0.00063823926
epoch=1 step: 10934 loss 0.31889886 processed: [0.699776] gs 10934 learning_rate 0.0005882013
epoch=1 step: 12496 loss 0.25585663 processed: [0.799744] gs 12496 learning_rate 0.0005420862
epoch=1 step: 14058 loss 0.39447296 processed: [0.899712] gs 14058 learning_rate 0.00049958663
epoch=1 step: 15620 loss 0.3899197 processed: [0.99968] gs 15620 learning_rate 0.00046041902
total num: 665
MAP: 0.538764729047
MRR: 0.57888053467
P@1: 0.393984962406
('R10_1:', 0.23700202888172803)
('R10_2', 0.4070008354218878)
('R10_5', 0.7490643274853802)
('ave:', 0.4841162363186246)
save evaluate_step: 1
2019-01-11 00:01:23
starting shuffle train data
finish building train data
epoch=2 step: 17182 loss 0.29754514 processed: [1.099648] gs 17182 learning_rate 0.00042432215
epoch=2 step: 18744 loss 0.29177806 processed: [1.199616] gs 18744 learning_rate 0.00039105528
epoch=2 step: 20306 loss 0.3795531 processed: [1.299584] gs 20306 learning_rate 0.00036039655
epoch=2 step: 21868 loss 0.30072263 processed: [1.399552] gs 21868 learning_rate 0.0003321414
epoch=2 step: 23430 loss 0.30631143 processed: [1.49952] gs 23430 learning_rate 0.00030610152
epoch=2 step: 24992 loss 0.35516393 processed: [1.599488] gs 24992 learning_rate 0.00028210317
epoch=2 step: 26554 loss 0.35631585 processed: [1.699456] gs 26554 learning_rate 0.00025998626
epoch=2 step: 28116 loss 0.2601009 processed: [1.799424] gs 28116 learning_rate 0.00023960331
epoch=2 step: 29678 loss 0.31090593 processed: [1.899392] gs 29678 learning_rate 0.00022081842
epoch=2 step: 31240 loss 0.28683174 processed: [1.99936] gs 31240 learning_rate 0.00020350624
total num: 665
MAP: 0.542151100304
MRR: 0.579825754863
P@1: 0.392481203008
('R10_1:', 0.2357381549110871)
('R10_2', 0.4137570115765601)
('R10_5', 0.7559207542666192)
('ave:', 0.4866456631548004)
save evaluate_step: 2
2019-01-11 02:55:48
starting shuffle train data
finish building train data
epoch=3 step: 32802 loss 0.326693 processed: [2.099328] gs 32802 learning_rate 0.00018755133
epoch=3 step: 34364 loss 0.23821704 processed: [2.199296] gs 34364 learning_rate 0.00018004929
epoch=3 step: 35926 loss 0.20574017 processed: [2.299264] gs 35926 learning_rate 0.00016593341
epoch=3 step: 37488 loss 0.28839362 processed: [2.399232] gs 37488 learning_rate 0.00015292423
epoch=3 step: 39050 loss 0.28413665 processed: [2.4992] gs 39050 learning_rate 0.00014093496
epoch=3 step: 40612 loss 0.4119339 processed: [2.599168] gs 40612 learning_rate 0.00012988565
epoch=3 step: 42174 loss 0.18513706 processed: [2.699136] gs 42174 learning_rate 0.00011970262
epoch=3 step: 43736 loss 0.19196862 processed: [2.799104] gs 43736 learning_rate 0.000110317924
epoch=3 step: 45298 loss 0.45493686 processed: [2.899072] gs 45298 learning_rate 0.000101669
epoch=3 step: 46860 loss 0.23453742 processed: [2.99904] gs 46860 learning_rate 9.369814e-05
total num: 665
MAP: 0.537371005935
MRR: 0.583112543263
P@1: 0.403007518797
('R10_1:', 0.2359637188208616)
('R10_2', 0.39797827903091054)
('R10_5', 0.7607721685165297)
('ave:', 0.4863675390605513)
save evaluate_step: 3
2019-01-11 05:50:12
0.37606353
epoch=2 save model
2019-01-11 05:50:14
starting shuffle train data
finish building train data
epoch=4 step: 48422 loss 0.21501605 processed: [3.099008] gs 48422 learning_rate 8.63522e-05
epoch=4 step: 49984 loss 0.22484063 processed: [3.198976] gs 49984 learning_rate 7.958218e-05
epoch=4 step: 51546 loss 0.16036074 processed: [3.298944] gs 51546 learning_rate 7.334295e-05
epoch=4 step: 53108 loss 0.22797532 processed: [3.398912] gs 53108 learning_rate 6.759285e-05
epoch=4 step: 54670 loss 0.21445858 processed: [3.49888] gs 54670 learning_rate 6.229357e-05
epoch=4 step: 56232 loss 0.30722842 processed: [3.598848] gs 56232 learning_rate 5.7409747e-05
epoch=4 step: 57794 loss 0.26238334 processed: [3.698816] gs 57794 learning_rate 5.2908825e-05
epoch=4 step: 59356 loss 0.11244902 processed: [3.798784] gs 59356 learning_rate 4.8760765e-05
epoch=4 step: 60918 loss 0.12503013 processed: [3.898752] gs 60918 learning_rate 4.4937926e-05
epoch=4 step: 62480 loss 0.19222881 processed: [3.99872] gs 62480 learning_rate 4.1414787e-05
total num: 665
MAP: 0.539888025525
MRR: 0.586185105621
P@1: 0.406015037594
('R10_1:', 0.23912161355770364)
('R10_2', 0.4043943191311611)
('R10_5', 0.7559458169232609)
('ave:', 0.4885916530586984)
save evaluate_step: 4
2019-01-11 08:44:37
0.2231273
epoch=3 save model
2019-01-11 08:44:38
starting shuffle train data
finish building train data
epoch=5 step: 64042 loss 0.2042511 processed: [4.098688] gs 64042 learning_rate 3.8167866e-05
