nohup: 忽略输入
starting loading data
2019-01-11 09:35:25
finish loading data
2019-01-11 09:39:54
batch_num 15625
configurations {'data_path': '../../data/douban/data.pkl', 'word_layers_itg': 2, 'evaluate_step': 15625, 'filter_size': 8, 'filter_h': 3, 'train_steps': 125000, 'emb_train': False, 'CPU': '/cpu:0', 'embedding_file': '../../data/douban/word_embedding.pkl', 'hidden_embedding_dim': 200, 'epoch': 8, 'lr': 0.001, 'save_path': 'Gcnn_v14_test/version/', 'word_layers_enc': 2, 'print_step': 1562, '_EOS_': 1, 'word_embedding_dim': 200, 'batch_size': 64, 'max_turn_num': 10, 'final_n_class': 1, 'word_layers_agg': 2, 'max_turn_len': 50, 'output_path': 'Gcnn_v14_output/version/', 'init_model': 'Gcnn_v14_model/version/'}
2019-01-11 09:39:54.238351: W tensorflow/core/platform/cpu_feature_guard.cc:45] The TensorFlow library wasn't compiled to use SSE4.1 instructions, but these are available on your machine and could speed up CPU computations.
2019-01-11 09:39:54.238372: W tensorflow/core/platform/cpu_feature_guard.cc:45] The TensorFlow library wasn't compiled to use SSE4.2 instructions, but these are available on your machine and could speed up CPU computations.
2019-01-11 09:39:54.238378: W tensorflow/core/platform/cpu_feature_guard.cc:45] The TensorFlow library wasn't compiled to use AVX instructions, but these are available on your machine and could speed up CPU computations.
2019-01-11 09:39:54.238383: W tensorflow/core/platform/cpu_feature_guard.cc:45] The TensorFlow library wasn't compiled to use AVX2 instructions, but these are available on your machine and could speed up CPU computations.
2019-01-11 09:39:54.238388: W tensorflow/core/platform/cpu_feature_guard.cc:45] The TensorFlow library wasn't compiled to use FMA instructions, but these are available on your machine and could speed up CPU computations.
2019-01-11 09:39:54.368557: I tensorflow/stream_executor/cuda/cuda_gpu_executor.cc:893] successful NUMA node read from SysFS had negative value (-1), but there must be at least one NUMA node, so returning NUMA node zero
2019-01-11 09:39:54.369088: I tensorflow/core/common_runtime/gpu/gpu_device.cc:940] Found device 0 with properties: 
name: GeForce GTX 1070
major: 6 minor: 1 memoryClockRate (GHz) 1.683
pciBusID 0000:01:00.0
Total memory: 7.92GiB
Free memory: 7.80GiB
2019-01-11 09:39:54.369104: I tensorflow/core/common_runtime/gpu/gpu_device.cc:961] DMA: 0 
2019-01-11 09:39:54.369110: I tensorflow/core/common_runtime/gpu/gpu_device.cc:971] 0:   Y 
2019-01-11 09:39:54.369119: I tensorflow/core/common_runtime/gpu/gpu_device.cc:1030] Creating TensorFlow device (/gpu:0) -> (device: 0, name: GeForce GTX 1070, pci bus id: 0000:01:00.0)
starting shuffle train data
finish building train data
2019-01-11 09:42:09.529856: I tensorflow/core/common_runtime/gpu/pool_allocator.cc:247] PoolAllocator: After 2444 get requests, put_count=1452 evicted_count=1000 eviction_rate=0.688705 and unsatisfied allocation rate=0.855974
2019-01-11 09:42:09.529892: I tensorflow/core/common_runtime/gpu/pool_allocator.cc:259] Raising pool_size_limit_ from 100 to 110
2019-01-11 09:42:09.797439: W tensorflow/core/common_runtime/bfc_allocator.cc:217] Allocator (GPU_0_bfc) ran out of memory trying to allocate 3.78GiB. The caller indicates that this is not a failure, but may mean that there could be performance gains if more memory is available.
2019-01-11 09:42:12.114586: I tensorflow/core/common_runtime/gpu/pool_allocator.cc:247] PoolAllocator: After 0 get requests, put_count=1019 evicted_count=1000 eviction_rate=0.981354 and unsatisfied allocation rate=0
2019-01-11 09:42:15.139142: I tensorflow/core/common_runtime/gpu/pool_allocator.cc:247] PoolAllocator: After 2444 get requests, put_count=2721 evicted_count=2000 eviction_rate=0.735024 and unsatisfied allocation rate=0.717267
2019-01-11 09:42:15.139180: I tensorflow/core/common_runtime/gpu/pool_allocator.cc:259] Raising pool_size_limit_ from 339 to 372
2019-01-11 09:42:18.232428: I tensorflow/core/common_runtime/gpu/pool_allocator.cc:247] PoolAllocator: After 2446 get requests, put_count=2988 evicted_count=2000 eviction_rate=0.669344 and unsatisfied allocation rate=0.618152
2019-01-11 09:42:18.232469: I tensorflow/core/common_runtime/gpu/pool_allocator.cc:259] Raising pool_size_limit_ from 596 to 655
2019-01-11 09:42:23.331665: I tensorflow/core/common_runtime/gpu/pool_allocator.cc:247] PoolAllocator: After 4889 get requests, put_count=4639 evicted_count=1000 eviction_rate=0.215564 and unsatisfied allocation rate=0.281653
2019-01-11 09:42:23.331703: I tensorflow/core/common_runtime/gpu/pool_allocator.cc:259] Raising pool_size_limit_ from 1400 to 1540
epoch=1 step: 1562 loss 0.3912645 processed: [0.099968] gs 1562 learning_rate 0.00096000003
epoch=1 step: 3124 loss 0.37598944 processed: [0.199936] gs 3124 learning_rate 0.0008847359
epoch=1 step: 4686 loss 0.3044833 processed: [0.299904] gs 4686 learning_rate 0.0008153726
epoch=1 step: 6248 loss 0.29613107 processed: [0.399872] gs 6248 learning_rate 0.00075144734
epoch=1 step: 7810 loss 0.3159709 processed: [0.49984] gs 7810 learning_rate 0.0006925339
epoch=1 step: 9372 loss 0.3940012 processed: [0.599808] gs 9372 learning_rate 0.00063823926
epoch=1 step: 10934 loss 0.43579364 processed: [0.699776] gs 10934 learning_rate 0.0005882013
epoch=1 step: 12496 loss 0.35706794 processed: [0.799744] gs 12496 learning_rate 0.0005420862
epoch=1 step: 14058 loss 0.41039127 processed: [0.899712] gs 14058 learning_rate 0.00049958663
epoch=1 step: 15620 loss 0.39014655 processed: [0.99968] gs 15620 learning_rate 0.00046041902
total num: 665
MAP: 0.537094717851
MRR: 0.581825993555
P@1: 0.406015037594
('R10_1:', 0.2393471774674781)
('R10_2', 0.4064136531805703)
('R10_5', 0.7326375462465688)
('ave:', 0.48388902098247605)
save evaluate_step: 1
2019-01-11 12:02:09
starting shuffle train data
finish building train data
epoch=2 step: 17182 loss 0.36175844 processed: [1.099648] gs 17182 learning_rate 0.00042432215
epoch=2 step: 18744 loss 0.2983992 processed: [1.199616] gs 18744 learning_rate 0.00039105528
epoch=2 step: 20306 loss 0.3539698 processed: [1.299584] gs 20306 learning_rate 0.00036039655
epoch=2 step: 21868 loss 0.2922221 processed: [1.399552] gs 21868 learning_rate 0.0003321414
epoch=2 step: 23430 loss 0.42431977 processed: [1.49952] gs 23430 learning_rate 0.00030610152
epoch=2 step: 24992 loss 0.24451762 processed: [1.599488] gs 24992 learning_rate 0.00028210317
epoch=2 step: 26554 loss 0.40162483 processed: [1.699456] gs 26554 learning_rate 0.00025998626
epoch=2 step: 28116 loss 0.34540704 processed: [1.799424] gs 28116 learning_rate 0.00023960331
epoch=2 step: 29678 loss 0.24949557 processed: [1.899392] gs 29678 learning_rate 0.00022081842
epoch=2 step: 31240 loss 0.2808757 processed: [1.99936] gs 31240 learning_rate 0.00020350624
total num: 665
MAP: 0.539335477062
MRR: 0.578999283924
P@1: 0.395488721805
('R10_1:', 0.23320682659028513)
('R10_2', 0.407641723356009)
('R10_5', 0.7473457453156703)
('ave:', 0.48366962967541044)
save evaluate_step: 2
2019-01-11 14:22:20
starting shuffle train data
finish building train data
epoch=3 step: 32802 loss 0.25847933 processed: [2.099328] gs 32802 learning_rate 0.00018755133
epoch=3 step: 34364 loss 0.25935563 processed: [2.199296] gs 34364 learning_rate 0.00018004929
epoch=3 step: 35926 loss 0.27741575 processed: [2.299264] gs 35926 learning_rate 0.00016593341
epoch=3 step: 37488 loss 0.44545376 processed: [2.399232] gs 37488 learning_rate 0.00015292423
epoch=3 step: 39050 loss 0.2343805 processed: [2.4992] gs 39050 learning_rate 0.00014093496
epoch=3 step: 40612 loss 0.21601927 processed: [2.599168] gs 40612 learning_rate 0.00012988565
epoch=3 step: 42174 loss 0.19502372 processed: [2.699136] gs 42174 learning_rate 0.00011970262
epoch=3 step: 43736 loss 0.31136146 processed: [2.799104] gs 43736 learning_rate 0.000110317924
epoch=3 step: 45298 loss 0.23267825 processed: [2.899072] gs 45298 learning_rate 0.000101669
epoch=3 step: 46860 loss 0.3142153 processed: [2.99904] gs 46860 learning_rate 9.369814e-05
total num: 665
MAP: 0.541093980463
MRR: 0.582585630744
P@1: 0.404511278195
('R10_1:', 0.23776823009905712)
('R10_2', 0.4110609857978278)
('R10_5', 0.7480976250149185)
('ave:', 0.4875196217190115)
save evaluate_step: 3
2019-01-11 16:43:05
0.2927391
epoch=2 save model
2019-01-11 16:43:06
starting shuffle train data
finish building train data
epoch=4 step: 48422 loss 0.32371354 processed: [3.099008] gs 48422 learning_rate 8.63522e-05
epoch=4 step: 49984 loss 0.1787193 processed: [3.198976] gs 49984 learning_rate 7.958218e-05
epoch=4 step: 51546 loss 0.24822548 processed: [3.298944] gs 51546 learning_rate 7.334295e-05
epoch=4 step: 53108 loss 0.20245796 processed: [3.398912] gs 53108 learning_rate 6.759285e-05
epoch=4 step: 54670 loss 0.15884662 processed: [3.49888] gs 54670 learning_rate 6.229357e-05
epoch=4 step: 56232 loss 0.2794487 processed: [3.598848] gs 56232 learning_rate 5.7409747e-05
epoch=4 step: 57794 loss 0.25690252 processed: [3.698816] gs 57794 learning_rate 5.2908825e-05
epoch=4 step: 59356 loss 0.29581583 processed: [3.798784] gs 59356 learning_rate 4.8760765e-05
epoch=4 step: 60918 loss 0.18292166 processed: [3.898752] gs 60918 learning_rate 4.4937926e-05
epoch=4 step: 62480 loss 0.15859778 processed: [3.99872] gs 62480 learning_rate 4.1414787e-05
total num: 665
MAP: 0.545111668533
MRR: 0.585988184748
P@1: 0.404511278195
('R10_1:', 0.2410263754624656)
('R10_2', 0.41359708795799005)
('R10_5', 0.7532855949397305)
('ave:', 0.49058669830598145)
save evaluate_step: 4
2019-01-11 19:04:10
0.2265724
epoch=3 save model
2019-01-11 19:04:11
starting shuffle train data
finish building train data
epoch=5 step: 64042 loss 0.13268007 processed: [4.098688] gs 64042 learning_rate 3.8167866e-05
epoch=5 step: 65604 loss 0.24419677 processed: [4.198656] gs 65604 learning_rate 3.5175504e-05
