nohup: 忽略输入
starting loading data
2018-11-14 16:57:15
finish loading data
2018-11-14 17:02:50
batch_num 25000
configurations {'data_path': '../../data/ubuntu/data.pkl', 'word_layers_itg': 2, 'evaluate_step': 25000, 'filter_size': 3, 'filter_h': 3, 'train_steps': 125000, 'emb_train': False, 'CPU': '/cpu:0', 'embedding_file': '../../data/ubuntu/word_embedding.pkl', 'hidden_embedding_dim': 200, 'epoch': 5, 'print_step': 2500, 'save_path': 'Gcnn_v3_test/version/', 'word_layers_enc': 2, '_EOS_': 28270, 'word_embedding_dim': 200, 'batch_size': 40, 'max_turn_num': 10, 'final_n_class': 1, 'word_layers_agg': 2, 'max_turn_len': 50, 'output_path': 'Gcnn_v3_output/version/', 'init_model': 'Gcnn_v3_model/version/'}
2018-11-14 17:03:18.122858: W tensorflow/core/platform/cpu_feature_guard.cc:45] The TensorFlow library wasn't compiled to use SSE4.1 instructions, but these are available on your machine and could speed up CPU computations.
2018-11-14 17:03:18.122875: W tensorflow/core/platform/cpu_feature_guard.cc:45] The TensorFlow library wasn't compiled to use SSE4.2 instructions, but these are available on your machine and could speed up CPU computations.
2018-11-14 17:03:18.122879: W tensorflow/core/platform/cpu_feature_guard.cc:45] The TensorFlow library wasn't compiled to use AVX instructions, but these are available on your machine and could speed up CPU computations.
2018-11-14 17:03:18.122882: W tensorflow/core/platform/cpu_feature_guard.cc:45] The TensorFlow library wasn't compiled to use AVX2 instructions, but these are available on your machine and could speed up CPU computations.
2018-11-14 17:03:18.122885: W tensorflow/core/platform/cpu_feature_guard.cc:45] The TensorFlow library wasn't compiled to use FMA instructions, but these are available on your machine and could speed up CPU computations.
2018-11-14 17:03:18.229699: I tensorflow/stream_executor/cuda/cuda_gpu_executor.cc:893] successful NUMA node read from SysFS had negative value (-1), but there must be at least one NUMA node, so returning NUMA node zero
2018-11-14 17:03:18.230136: I tensorflow/core/common_runtime/gpu/gpu_device.cc:940] Found device 0 with properties: 
name: GeForce GTX 1070
major: 6 minor: 1 memoryClockRate (GHz) 1.683
pciBusID 0000:02:00.0
Total memory: 7.92GiB
Free memory: 7.83GiB
2018-11-14 17:03:18.230148: I tensorflow/core/common_runtime/gpu/gpu_device.cc:961] DMA: 0 
2018-11-14 17:03:18.230152: I tensorflow/core/common_runtime/gpu/gpu_device.cc:971] 0:   Y 
2018-11-14 17:03:18.230158: I tensorflow/core/common_runtime/gpu/gpu_device.cc:1030] Creating TensorFlow device (/gpu:0) -> (device: 0, name: GeForce GTX 1070, pci bus id: 0000:02:00.0)
starting shuffle train data
finish building train data
2018-11-14 17:04:30.413708: I tensorflow/core/common_runtime/gpu/pool_allocator.cc:247] PoolAllocator: After 2003 get requests, put_count=1249 evicted_count=1000 eviction_rate=0.800641 and unsatisfied allocation rate=0.925612
2018-11-14 17:04:30.413733: I tensorflow/core/common_runtime/gpu/pool_allocator.cc:259] Raising pool_size_limit_ from 100 to 110
2018-11-14 17:04:32.737925: I tensorflow/core/common_runtime/gpu/pool_allocator.cc:247] PoolAllocator: After 2007 get requests, put_count=2339 evicted_count=2000 eviction_rate=0.855066 and unsatisfied allocation rate=0.839063
2018-11-14 17:04:32.737956: I tensorflow/core/common_runtime/gpu/pool_allocator.cc:259] Raising pool_size_limit_ from 176 to 193
2018-11-14 17:04:35.146822: I tensorflow/core/common_runtime/gpu/pool_allocator.cc:247] PoolAllocator: After 0 get requests, put_count=1030 evicted_count=1000 eviction_rate=0.970874 and unsatisfied allocation rate=0
2018-11-14 17:04:38.289034: I tensorflow/core/common_runtime/gpu/pool_allocator.cc:247] PoolAllocator: After 2003 get requests, put_count=1857 evicted_count=1000 eviction_rate=0.538503 and unsatisfied allocation rate=0.601598
2018-11-14 17:04:38.289084: I tensorflow/core/common_runtime/gpu/pool_allocator.cc:259] Raising pool_size_limit_ from 655 to 720
2018-11-14 17:04:44.314642: I tensorflow/core/common_runtime/gpu/pool_allocator.cc:247] PoolAllocator: After 6018 get requests, put_count=6214 evicted_count=1000 eviction_rate=0.160927 and unsatisfied allocation rate=0.156863
2018-11-14 17:04:44.314681: I tensorflow/core/common_runtime/gpu/pool_allocator.cc:259] Raising pool_size_limit_ from 1540 to 1694
epoch=0 step: 2500 loss 0.36938077 processed: [0.1]
epoch=0 step: 5000 loss 0.41571695 processed: [0.2]
epoch=0 step: 7500 loss 0.3261198 processed: [0.3]
epoch=0 step: 10000 loss 0.29481795 processed: [0.4]
epoch=0 step: 12500 loss 0.40982214 processed: [0.5]
epoch=0 step: 15000 loss 0.3273623 processed: [0.6]
epoch=0 step: 17500 loss 0.22011647 processed: [0.7]
epoch=0 step: 20000 loss 0.3100941 processed: [0.8]
epoch=0 step: 22500 loss 0.43022102 processed: [0.9]
epoch=0 step: 25000 loss 0.27572802 processed: [1.0]
('R10_1', 0.76818)
('R2_1', 0.9369)
save evaluate_step: 1
2018-11-14 20:53:07
starting shuffle train data
finish building train data
epoch=1 step: 27500 loss 0.19571361 processed: [1.1]
epoch=1 step: 30000 loss 0.38142356 processed: [1.2]
epoch=1 step: 32500 loss 0.3865222 processed: [1.3]
epoch=1 step: 35000 loss 0.26468992 processed: [1.4]
epoch=1 step: 37500 loss 0.35396066 processed: [1.5]
epoch=1 step: 40000 loss 0.22295672 processed: [1.6]
epoch=1 step: 42500 loss 0.13530228 processed: [1.7]
epoch=1 step: 45000 loss 0.3357362 processed: [1.8]
epoch=1 step: 47500 loss 0.23788823 processed: [1.9]
epoch=1 step: 50000 loss 0.27036858 processed: [2.0]
('R10_1', 0.7756)
('R2_1', 0.9415)
save evaluate_step: 2
2018-11-15 00:43:31
0.27036858
epoch=1 save model
2018-11-15 00:43:43
starting shuffle train data
finish building train data
epoch=2 step: 52500 loss 0.17572016 processed: [2.1]
epoch=2 step: 55000 loss 0.21141662 processed: [2.2]
epoch=2 step: 57500 loss 0.19117709 processed: [2.3]
epoch=2 step: 60000 loss 0.12683429 processed: [2.4]
epoch=2 step: 62500 loss 0.3138487 processed: [2.5]
epoch=2 step: 65000 loss 0.13644485 processed: [2.6]
epoch=2 step: 67500 loss 0.20854025 processed: [2.7]
epoch=2 step: 70000 loss 0.17426519 processed: [2.8]
epoch=2 step: 72500 loss 0.19467959 processed: [2.9]
epoch=2 step: 75000 loss 0.29228017 processed: [3.0]
('R10_1', 0.77614)
('R2_1', 0.93962)
save evaluate_step: 3
2018-11-15 04:34:09
0.29228017
epoch=2 save model
2018-11-15 04:34:10
starting shuffle train data
finish building train data
epoch=3 step: 77500 loss 0.13742544 processed: [3.1]
epoch=3 step: 80000 loss 0.15428972 processed: [3.2]
epoch=3 step: 82500 loss 0.22319217 processed: [3.3]
epoch=3 step: 85000 loss 0.27377227 processed: [3.4]
epoch=3 step: 87500 loss 0.2551971 processed: [3.5]
epoch=3 step: 90000 loss 0.22741431 processed: [3.6]
epoch=3 step: 92500 loss 0.2849096 processed: [3.7]
epoch=3 step: 95000 loss 0.20211995 processed: [3.8]
epoch=3 step: 97500 loss 0.32198462 processed: [3.9]
epoch=3 step: 100000 loss 0.32371756 processed: [4.0]
('R10_1', 0.76712)
('R2_1', 0.9385)
save evaluate_step: 4
2018-11-15 08:24:17
0.32371756
epoch=3 save model
2018-11-15 08:24:19
starting shuffle train data
finish building train data
epoch=4 step: 102500 loss 0.21968895 processed: [4.1]
epoch=4 step: 105000 loss 0.13842337 processed: [4.2]
epoch=4 step: 107500 loss 0.08293601 processed: [4.3]
epoch=4 step: 110000 loss 0.26625037 processed: [4.4]
epoch=4 step: 112500 loss 0.108620286 processed: [4.5]
epoch=4 step: 115000 loss 0.26280916 processed: [4.6]
epoch=4 step: 117500 loss 0.111892104 processed: [4.7]
epoch=4 step: 120000 loss 0.2605212 processed: [4.8]
epoch=4 step: 122500 loss 0.2923676 processed: [4.9]
epoch=4 step: 125000 loss 0.2170171 processed: [5.0]
('R10_1', 0.7631)
('R2_1', 0.93812)
save evaluate_step: 5
2018-11-15 12:15:13
0.2170171
epoch=4 save model
2018-11-15 12:15:14
train time:19.2999 h
beging test starting loading data
2018-11-15 12:15:19
finish loading data
finish building test batches
2018-11-15 12:21:29
2018-11-15 12:21:29.711333: I tensorflow/core/common_runtime/gpu/gpu_device.cc:1030] Creating TensorFlow device (/gpu:0) -> (device: 0, name: GeForce GTX 1070, pci bus id: 0000:02:00.0)
sucess init Gcnn_v3_model/version/
('R10_1', 0.77466)
('R2_1', 0.93958)
test time:0.5477 h
