nohup: 忽略输入
starting loading data
2018-11-19 09:30:52
finish loading data
2018-11-19 09:33:30
batch_num 15625
configurations {'keep_prob': 0.7, 'data_path': '../../data/douban/data.pkl', 'word_layers_itg': 4, 'evaluate_step': 15625, 'filter_size': 3, 'filter_h': 3, 'train_steps': 93750, 'emb_train': False, 'CPU': '/cpu:0', 'embedding_file': '../../data/douban/word_embedding.pkl', 'hidden_embedding_dim': 200, 'epoch': 6, 'print_step': 1562, 'save_path': 'Gcnn_v3_test/version2/', 'word_layers_enc': 2, '_EOS_': 1, 'word_embedding_dim': 200, 'batch_size': 64, 'max_turn_num': 9, 'final_n_class': 1, 'word_layers_agg': 2, 'max_turn_len': 50, 'output_path': 'Gcnn_v3_output/version2/', 'init_model': 'Gcnn_v3_model/version2/'}
2018-11-19 09:33:30.177908: W tensorflow/core/platform/cpu_feature_guard.cc:45] The TensorFlow library wasn't compiled to use SSE4.1 instructions, but these are available on your machine and could speed up CPU computations.
2018-11-19 09:33:30.177918: W tensorflow/core/platform/cpu_feature_guard.cc:45] The TensorFlow library wasn't compiled to use SSE4.2 instructions, but these are available on your machine and could speed up CPU computations.
2018-11-19 09:33:30.177921: W tensorflow/core/platform/cpu_feature_guard.cc:45] The TensorFlow library wasn't compiled to use AVX instructions, but these are available on your machine and could speed up CPU computations.
2018-11-19 09:33:30.177925: W tensorflow/core/platform/cpu_feature_guard.cc:45] The TensorFlow library wasn't compiled to use AVX2 instructions, but these are available on your machine and could speed up CPU computations.
2018-11-19 09:33:30.177928: W tensorflow/core/platform/cpu_feature_guard.cc:45] The TensorFlow library wasn't compiled to use FMA instructions, but these are available on your machine and could speed up CPU computations.
2018-11-19 09:33:30.286241: I tensorflow/stream_executor/cuda/cuda_gpu_executor.cc:893] successful NUMA node read from SysFS had negative value (-1), but there must be at least one NUMA node, so returning NUMA node zero
2018-11-19 09:33:30.286679: I tensorflow/core/common_runtime/gpu/gpu_device.cc:940] Found device 0 with properties: 
name: GeForce GTX 1070
major: 6 minor: 1 memoryClockRate (GHz) 1.683
pciBusID 0000:01:00.0
Total memory: 7.92GiB
Free memory: 7.79GiB
2018-11-19 09:33:30.286689: I tensorflow/core/common_runtime/gpu/gpu_device.cc:961] DMA: 0 
2018-11-19 09:33:30.286693: I tensorflow/core/common_runtime/gpu/gpu_device.cc:971] 0:   Y 
2018-11-19 09:33:30.286699: I tensorflow/core/common_runtime/gpu/gpu_device.cc:1030] Creating TensorFlow device (/gpu:0) -> (device: 0, name: GeForce GTX 1070, pci bus id: 0000:01:00.0)
starting shuffle train data
finish building train data
2018-11-19 09:34:56.674643: I tensorflow/core/common_runtime/gpu/pool_allocator.cc:247] PoolAllocator: After 1850 get requests, put_count=1237 evicted_count=1000 eviction_rate=0.808407 and unsatisfied allocation rate=0.925946
2018-11-19 09:34:56.674671: I tensorflow/core/common_runtime/gpu/pool_allocator.cc:259] Raising pool_size_limit_ from 100 to 110
2018-11-19 09:35:00.413093: I tensorflow/core/common_runtime/gpu/pool_allocator.cc:247] PoolAllocator: After 1855 get requests, put_count=1352 evicted_count=1000 eviction_rate=0.739645 and unsatisfied allocation rate=0.819407
2018-11-19 09:35:00.413178: I tensorflow/core/common_runtime/gpu/pool_allocator.cc:259] Raising pool_size_limit_ from 193 to 212
2018-11-19 09:35:04.217916: I tensorflow/core/common_runtime/gpu/pool_allocator.cc:247] PoolAllocator: After 1852 get requests, put_count=1544 evicted_count=1000 eviction_rate=0.647668 and unsatisfied allocation rate=0.724082
2018-11-19 09:35:04.217952: I tensorflow/core/common_runtime/gpu/pool_allocator.cc:259] Raising pool_size_limit_ from 372 to 409
2018-11-19 09:35:09.143243: I tensorflow/core/common_runtime/gpu/pool_allocator.cc:247] PoolAllocator: After 3702 get requests, put_count=2932 evicted_count=1000 eviction_rate=0.341064 and unsatisfied allocation rate=0.497569
2018-11-19 09:35:09.143293: I tensorflow/core/common_runtime/gpu/pool_allocator.cc:259] Raising pool_size_limit_ from 792 to 871
epoch=0 step: 1562 loss 0.43833834 processed: [0.099968]
epoch=0 step: 3124 loss 0.28364062 processed: [0.199936]
epoch=0 step: 4686 loss 0.39630216 processed: [0.299904]
epoch=0 step: 6248 loss 0.5235831 processed: [0.399872]
epoch=0 step: 7810 loss 0.2943378 processed: [0.49984]
epoch=0 step: 9372 loss 0.32775462 processed: [0.599808]
epoch=0 step: 10934 loss 0.3268336 processed: [0.699776]
epoch=0 step: 12496 loss 0.23222971 processed: [0.799744]
epoch=0 step: 14058 loss 0.34656423 processed: [0.899712]
epoch=0 step: 15620 loss 0.33319914 processed: [0.99968]
starting shuffle train data
finish building train data
epoch=1 step: 17182 loss 0.31880775 processed: [1.099648]
epoch=1 step: 18744 loss 0.26039335 processed: [1.199616]
epoch=1 step: 20306 loss 0.24742952 processed: [1.299584]
epoch=1 step: 21868 loss 0.3420982 processed: [1.399552]
epoch=1 step: 23430 loss 0.283673 processed: [1.49952]
epoch=1 step: 24992 loss 0.18286002 processed: [1.599488]
epoch=1 step: 26554 loss 0.26455563 processed: [1.699456]
epoch=1 step: 28116 loss 0.3207608 processed: [1.799424]
epoch=1 step: 29678 loss 0.33428183 processed: [1.899392]
epoch=1 step: 31240 loss 0.30414164 processed: [1.99936]
0.44148636
epoch=1 save model
2018-11-19 14:35:59
starting shuffle train data
finish building train data
epoch=2 step: 32802 loss 0.39302844 processed: [2.099328]
epoch=2 step: 34364 loss 0.20481694 processed: [2.199296]
epoch=2 step: 35926 loss 0.19121924 processed: [2.299264]
epoch=2 step: 37488 loss 0.18434727 processed: [2.399232]
epoch=2 step: 39050 loss 0.35997415 processed: [2.4992]
epoch=2 step: 40612 loss 0.22324616 processed: [2.599168]
epoch=2 step: 42174 loss 0.2245895 processed: [2.699136]
epoch=2 step: 43736 loss 0.281717 processed: [2.799104]
epoch=2 step: 45298 loss 0.1867543 processed: [2.899072]
epoch=2 step: 46860 loss 0.24431403 processed: [2.99904]
0.23889099
epoch=2 save model
2018-11-19 17:07:25
starting shuffle train data
finish building train data
epoch=3 step: 48422 loss 0.14029728 processed: [3.099008]
epoch=3 step: 49984 loss 0.21474078 processed: [3.198976]
epoch=3 step: 51546 loss 0.2648428 processed: [3.298944]
epoch=3 step: 53108 loss 0.18370098 processed: [3.398912]
epoch=3 step: 54670 loss 0.22942983 processed: [3.49888]
epoch=3 step: 56232 loss 0.1397317 processed: [3.598848]
epoch=3 step: 57794 loss 0.23337786 processed: [3.698816]
epoch=3 step: 59356 loss 0.21561241 processed: [3.798784]
epoch=3 step: 60918 loss 0.17119694 processed: [3.898752]
epoch=3 step: 62480 loss 0.19319186 processed: [3.99872]
0.37333724
epoch=3 save model
2018-11-19 19:37:31
starting shuffle train data
finish building train data
epoch=4 step: 64042 loss 0.13898566 processed: [4.098688]
epoch=4 step: 65604 loss 0.13305773 processed: [4.198656]
epoch=4 step: 67166 loss 0.13835603 processed: [4.298624]
epoch=4 step: 68728 loss 0.23659441 processed: [4.398592]
epoch=4 step: 70290 loss 0.15094301 processed: [4.49856]
epoch=4 step: 71852 loss 0.14496252 processed: [4.598528]
epoch=4 step: 73414 loss 0.22968072 processed: [4.698496]
epoch=4 step: 74976 loss 0.17908147 processed: [4.798464]
epoch=4 step: 76538 loss 0.19346705 processed: [4.898432]
epoch=4 step: 78100 loss 0.19801615 processed: [4.9984]
0.19078289
epoch=4 save model
2018-11-19 22:07:11
starting shuffle train data
finish building train data
epoch=5 step: 79662 loss 0.1962742 processed: [5.098368]
epoch=5 step: 81224 loss 0.18733943 processed: [5.198336]
epoch=5 step: 82786 loss 0.18436281 processed: [5.298304]
epoch=5 step: 84348 loss 0.21875203 processed: [5.398272]
epoch=5 step: 85910 loss 0.12416305 processed: [5.49824]
epoch=5 step: 87472 loss 0.15855193 processed: [5.598208]
epoch=5 step: 89034 loss 0.110804796 processed: [5.698176]
epoch=5 step: 90596 loss 0.06444176 processed: [5.798144]
epoch=5 step: 92158 loss 0.19070616 processed: [5.898112]
epoch=5 step: 93720 loss 0.15481225 processed: [5.99808]
0.16051519
epoch=5 save model
2018-11-20 00:37:22
train time:15.1083 h
beging test starting loading data
2018-11-20 00:37:25
finish loading data
finish building test batches
2018-11-20 00:40:05
2018-11-20 00:40:05.165298: I tensorflow/core/common_runtime/gpu/gpu_device.cc:1030] Creating TensorFlow device (/gpu:0) -> (device: 0, name: GeForce GTX 1070, pci bus id: 0000:01:00.0)
sucess init Gcnn_v3_model/version2/ model.6
total num: 665
MAP: 0.532451627699
MRR: 0.577244301229
P@1: 0.386466165414
('R10_1:', 0.2270915383697338)
('R10_2', 0.4058622747344551)
('R10_5', 0.7580474997016353)
test time:0.0490 h
