nohup: 忽略输入
starting loading data
2018-11-13 09:41:56
finish loading data
2018-11-13 09:47:31
batch_num 25000
configurations {'data_path': '../../data/ubuntu/data.pkl', 'word_layers_itg': 2, 'evaluate_step': 25000, 'filter_size': 3, 'filter_h': 3, 'train_steps': 125000, 'emb_train': False, 'CPU': '/cpu:0', 'embedding_file': '../../data/ubuntu/word_embedding.pkl', 'hidden_embedding_dim': 200, 'epoch': 5, 'print_step': 2500, 'save_path': 'Gcnn_v3_test/version/', 'word_layers_enc': 2, '_EOS_': 28270, 'word_embedding_dim': 200, 'batch_size': 40, 'max_turn_num': 10, 'final_n_class': 1, 'word_layers_agg': 2, 'max_turn_len': 50, 'output_path': 'Gcnn_v3_output/version/', 'init_model': 'Gcnn_v3_model/version/'}
2018-11-13 09:47:59.449827: W tensorflow/core/platform/cpu_feature_guard.cc:45] The TensorFlow library wasn't compiled to use SSE4.1 instructions, but these are available on your machine and could speed up CPU computations.
2018-11-13 09:47:59.449845: W tensorflow/core/platform/cpu_feature_guard.cc:45] The TensorFlow library wasn't compiled to use SSE4.2 instructions, but these are available on your machine and could speed up CPU computations.
2018-11-13 09:47:59.449848: W tensorflow/core/platform/cpu_feature_guard.cc:45] The TensorFlow library wasn't compiled to use AVX instructions, but these are available on your machine and could speed up CPU computations.
2018-11-13 09:47:59.449852: W tensorflow/core/platform/cpu_feature_guard.cc:45] The TensorFlow library wasn't compiled to use AVX2 instructions, but these are available on your machine and could speed up CPU computations.
2018-11-13 09:47:59.449855: W tensorflow/core/platform/cpu_feature_guard.cc:45] The TensorFlow library wasn't compiled to use FMA instructions, but these are available on your machine and could speed up CPU computations.
2018-11-13 09:47:59.557603: I tensorflow/stream_executor/cuda/cuda_gpu_executor.cc:893] successful NUMA node read from SysFS had negative value (-1), but there must be at least one NUMA node, so returning NUMA node zero
2018-11-13 09:47:59.558040: I tensorflow/core/common_runtime/gpu/gpu_device.cc:940] Found device 0 with properties: 
name: GeForce GTX 1070
major: 6 minor: 1 memoryClockRate (GHz) 1.683
pciBusID 0000:02:00.0
Total memory: 7.92GiB
Free memory: 7.83GiB
2018-11-13 09:47:59.558052: I tensorflow/core/common_runtime/gpu/gpu_device.cc:961] DMA: 0 
2018-11-13 09:47:59.558057: I tensorflow/core/common_runtime/gpu/gpu_device.cc:971] 0:   Y 
2018-11-13 09:47:59.558062: I tensorflow/core/common_runtime/gpu/gpu_device.cc:1030] Creating TensorFlow device (/gpu:0) -> (device: 0, name: GeForce GTX 1070, pci bus id: 0000:02:00.0)
starting shuffle train data
finish building train data
2018-11-13 09:49:11.678266: I tensorflow/core/common_runtime/gpu/pool_allocator.cc:247] PoolAllocator: After 2001 get requests, put_count=1247 evicted_count=1000 eviction_rate=0.801925 and unsatisfied allocation rate=0.926537
2018-11-13 09:49:11.678294: I tensorflow/core/common_runtime/gpu/pool_allocator.cc:259] Raising pool_size_limit_ from 100 to 110
2018-11-13 09:49:14.036085: I tensorflow/core/common_runtime/gpu/pool_allocator.cc:247] PoolAllocator: After 2001 get requests, put_count=2339 evicted_count=2000 eviction_rate=0.855066 and unsatisfied allocation rate=0.838581
2018-11-13 09:49:14.036137: I tensorflow/core/common_runtime/gpu/pool_allocator.cc:259] Raising pool_size_limit_ from 176 to 193
2018-11-13 09:49:16.424284: I tensorflow/core/common_runtime/gpu/pool_allocator.cc:247] PoolAllocator: After 0 get requests, put_count=1030 evicted_count=1000 eviction_rate=0.970874 and unsatisfied allocation rate=0
2018-11-13 09:49:19.551971: I tensorflow/core/common_runtime/gpu/pool_allocator.cc:247] PoolAllocator: After 2003 get requests, put_count=1861 evicted_count=1000 eviction_rate=0.537346 and unsatisfied allocation rate=0.599601
2018-11-13 09:49:19.552056: I tensorflow/core/common_runtime/gpu/pool_allocator.cc:259] Raising pool_size_limit_ from 655 to 720
2018-11-13 09:49:25.577330: I tensorflow/core/common_runtime/gpu/pool_allocator.cc:247] PoolAllocator: After 6028 get requests, put_count=6225 evicted_count=1000 eviction_rate=0.160643 and unsatisfied allocation rate=0.156437
2018-11-13 09:49:25.577366: I tensorflow/core/common_runtime/gpu/pool_allocator.cc:259] Raising pool_size_limit_ from 1540 to 1694
epoch=0 step: 2500 loss 0.468901 processed: [0.1]
epoch=0 step: 5000 loss 0.4968276 processed: [0.2]
epoch=0 step: 7500 loss 0.25621006 processed: [0.3]
epoch=0 step: 10000 loss 0.31219608 processed: [0.4]
epoch=0 step: 12500 loss 0.35844433 processed: [0.5]
epoch=0 step: 15000 loss 0.52491426 processed: [0.6]
epoch=0 step: 17500 loss 0.22021921 processed: [0.7]
epoch=0 step: 20000 loss 0.32668084 processed: [0.8]
epoch=0 step: 22500 loss 0.23557161 processed: [0.9]
epoch=0 step: 25000 loss 0.38165137 processed: [1.0]
('R10_1', 0.76658)
('R2_1', 0.93712)
save evaluate_step: 1
2018-11-13 13:38:54
starting shuffle train data
finish building train data
epoch=1 step: 27500 loss 0.2986502 processed: [1.1]
epoch=1 step: 30000 loss 0.3220534 processed: [1.2]
epoch=1 step: 32500 loss 0.29467875 processed: [1.3]
epoch=1 step: 35000 loss 0.25689328 processed: [1.4]
epoch=1 step: 37500 loss 0.2257792 processed: [1.5]
epoch=1 step: 40000 loss 0.26315796 processed: [1.6]
epoch=1 step: 42500 loss 0.12730552 processed: [1.7]
epoch=1 step: 45000 loss 0.43607906 processed: [1.8]
epoch=1 step: 47500 loss 0.20500134 processed: [1.9]
epoch=1 step: 50000 loss 0.3978811 processed: [2.0]
('R10_1', 0.7724)
('R2_1', 0.93984)
save evaluate_step: 2
2018-11-13 17:30:01
0.3978811
epoch=1 save model
2018-11-13 17:30:12
starting shuffle train data
finish building train data
epoch=2 step: 52500 loss 0.14371674 processed: [2.1]
epoch=2 step: 55000 loss 0.2651092 processed: [2.2]
epoch=2 step: 57500 loss 0.19918385 processed: [2.3]
epoch=2 step: 60000 loss 0.21929845 processed: [2.4]
epoch=2 step: 62500 loss 0.19435932 processed: [2.5]
epoch=2 step: 65000 loss 0.20169777 processed: [2.6]
epoch=2 step: 67500 loss 0.16851024 processed: [2.7]
epoch=2 step: 70000 loss 0.13079563 processed: [2.8]
epoch=2 step: 72500 loss 0.1904242 processed: [2.9]
epoch=2 step: 75000 loss 0.21477303 processed: [3.0]
('R10_1', 0.77156)
('R2_1', 0.93888)
save evaluate_step: 3
2018-11-13 21:19:44
0.21477303
epoch=2 save model
2018-11-13 21:19:46
starting shuffle train data
finish building train data
epoch=3 step: 77500 loss 0.11037387 processed: [3.1]
epoch=3 step: 80000 loss 0.23743589 processed: [3.2]
epoch=3 step: 82500 loss 0.30544826 processed: [3.3]
epoch=3 step: 85000 loss 0.12830995 processed: [3.4]
epoch=3 step: 87500 loss 0.2928447 processed: [3.5]
epoch=3 step: 90000 loss 0.24563754 processed: [3.6]
epoch=3 step: 92500 loss 0.13873635 processed: [3.7]
epoch=3 step: 95000 loss 0.20781282 processed: [3.8]
epoch=3 step: 97500 loss 0.13372116 processed: [3.9]
epoch=3 step: 100000 loss 0.19532531 processed: [4.0]
('R10_1', 0.76974)
('R2_1', 0.93916)
save evaluate_step: 4
2018-11-14 01:08:57
0.19532531
epoch=3 save model
2018-11-14 01:08:59
starting shuffle train data
finish building train data
epoch=4 step: 102500 loss 0.19292784 processed: [4.1]
epoch=4 step: 105000 loss 0.1472717 processed: [4.2]
epoch=4 step: 107500 loss 0.36990985 processed: [4.3]
epoch=4 step: 110000 loss 0.16407289 processed: [4.4]
epoch=4 step: 112500 loss 0.17384142 processed: [4.5]
epoch=4 step: 115000 loss 0.107177675 processed: [4.6]
epoch=4 step: 117500 loss 0.13784368 processed: [4.7]
epoch=4 step: 120000 loss 0.17191145 processed: [4.8]
epoch=4 step: 122500 loss 0.15305476 processed: [4.9]
epoch=4 step: 125000 loss 0.18051383 processed: [5.0]
('R10_1', 0.75886)
('R2_1', 0.93542)
save evaluate_step: 5
2018-11-14 04:58:10
0.18051383
epoch=4 save model
2018-11-14 04:58:12
train time:19.2712 h
