nohup: 忽略输入
starting loading data
2018-11-26 15:07:02
finish loading data
2018-11-26 15:12:47
batch_num 15625
configurations {'data_path': '../../data/ubuntu/data.pkl', 'word_layers_itg': 2, 'evaluate_step': 15625, 'filter_size': 3, 'filter_h': 3, 'train_steps': 125000, 'emb_train': False, 'CPU': '/cpu:0', 'embedding_file': '../../data/ubuntu/word_embedding.pkl', 'hidden_embedding_dim': 200, 'epoch': 8, 'lr': 0.001, 'save_path': 'Gcnn_v10_test/version_1/', 'word_layers_enc': 2, 'print_step': 1562, '_EOS_': 28270, 'word_embedding_dim': 200, 'batch_size': 64, 'max_turn_num': 10, 'final_n_class': 1, 'word_layers_agg': 2, 'max_turn_len': 50, 'output_path': 'Gcnn_v10_output/version_1/', 'init_model': 'Gcnn_v10_model/version_1/'}
2018-11-26 15:13:16.297785: W tensorflow/core/platform/cpu_feature_guard.cc:45] The TensorFlow library wasn't compiled to use SSE4.1 instructions, but these are available on your machine and could speed up CPU computations.
2018-11-26 15:13:16.297801: W tensorflow/core/platform/cpu_feature_guard.cc:45] The TensorFlow library wasn't compiled to use SSE4.2 instructions, but these are available on your machine and could speed up CPU computations.
2018-11-26 15:13:16.297805: W tensorflow/core/platform/cpu_feature_guard.cc:45] The TensorFlow library wasn't compiled to use AVX instructions, but these are available on your machine and could speed up CPU computations.
2018-11-26 15:13:16.297808: W tensorflow/core/platform/cpu_feature_guard.cc:45] The TensorFlow library wasn't compiled to use AVX2 instructions, but these are available on your machine and could speed up CPU computations.
2018-11-26 15:13:16.297811: W tensorflow/core/platform/cpu_feature_guard.cc:45] The TensorFlow library wasn't compiled to use FMA instructions, but these are available on your machine and could speed up CPU computations.
2018-11-26 15:13:16.423819: I tensorflow/stream_executor/cuda/cuda_gpu_executor.cc:893] successful NUMA node read from SysFS had negative value (-1), but there must be at least one NUMA node, so returning NUMA node zero
2018-11-26 15:13:16.424255: I tensorflow/core/common_runtime/gpu/gpu_device.cc:940] Found device 0 with properties: 
name: GeForce GTX 1070
major: 6 minor: 1 memoryClockRate (GHz) 1.683
pciBusID 0000:01:00.0
Total memory: 7.92GiB
Free memory: 7.79GiB
2018-11-26 15:13:16.424266: I tensorflow/core/common_runtime/gpu/gpu_device.cc:961] DMA: 0 
2018-11-26 15:13:16.424271: I tensorflow/core/common_runtime/gpu/gpu_device.cc:971] 0:   Y 
2018-11-26 15:13:16.424277: I tensorflow/core/common_runtime/gpu/gpu_device.cc:1030] Creating TensorFlow device (/gpu:0) -> (device: 0, name: GeForce GTX 1070, pci bus id: 0000:01:00.0)
starting shuffle train data
finish building train data
2018-11-26 15:14:38.387879: I tensorflow/core/common_runtime/gpu/pool_allocator.cc:247] PoolAllocator: After 13932 get requests, put_count=4706 evicted_count=1000 eviction_rate=0.212495 and unsatisfied allocation rate=0.741171
2018-11-26 15:14:38.387915: I tensorflow/core/common_runtime/gpu/pool_allocator.cc:259] Raising pool_size_limit_ from 100 to 110
2018-11-26 15:14:38.416527: W tensorflow/core/common_runtime/bfc_allocator.cc:217] Allocator (GPU_0_bfc) ran out of memory trying to allocate 3.78GiB. The caller indicates that this is not a failure, but may mean that there could be performance gains if more memory is available.
2018-11-26 15:14:39.051150: I tensorflow/core/common_runtime/gpu/pool_allocator.cc:247] PoolAllocator: After 15513 get requests, put_count=11631 evicted_count=6000 eviction_rate=0.515863 and unsatisfied allocation rate=0.637917
2018-11-26 15:14:39.051186: I tensorflow/core/common_runtime/gpu/pool_allocator.cc:259] Raising pool_size_limit_ from 160 to 176
2018-11-26 15:14:39.717212: I tensorflow/core/common_runtime/gpu/pool_allocator.cc:247] PoolAllocator: After 15491 get requests, put_count=11582 evicted_count=6000 eviction_rate=0.518045 and unsatisfied allocation rate=0.641017
2018-11-26 15:14:39.717241: I tensorflow/core/common_runtime/gpu/pool_allocator.cc:259] Raising pool_size_limit_ from 233 to 256
2018-11-26 15:14:40.383004: I tensorflow/core/common_runtime/gpu/pool_allocator.cc:247] PoolAllocator: After 20932 get requests, put_count=21013 evicted_count=10000 eviction_rate=0.475896 and unsatisfied allocation rate=0.474967
2018-11-26 15:14:40.383037: I tensorflow/core/common_runtime/gpu/pool_allocator.cc:259] Raising pool_size_limit_ from 256 to 281
2018-11-26 15:14:41.055018: I tensorflow/core/common_runtime/gpu/pool_allocator.cc:247] PoolAllocator: After 20932 get requests, put_count=21055 evicted_count=10000 eviction_rate=0.474947 and unsatisfied allocation rate=0.473056
2018-11-26 15:14:41.055047: I tensorflow/core/common_runtime/gpu/pool_allocator.cc:259] Raising pool_size_limit_ from 281 to 309
2018-11-26 15:14:41.728648: I tensorflow/core/common_runtime/gpu/pool_allocator.cc:247] PoolAllocator: After 20934 get requests, put_count=21075 evicted_count=10000 eviction_rate=0.474496 and unsatisfied allocation rate=0.472294
2018-11-26 15:14:41.728680: I tensorflow/core/common_runtime/gpu/pool_allocator.cc:259] Raising pool_size_limit_ from 309 to 339
2018-11-26 15:14:42.408651: I tensorflow/core/common_runtime/gpu/pool_allocator.cc:247] PoolAllocator: After 20936 get requests, put_count=21157 evicted_count=10000 eviction_rate=0.472657 and unsatisfied allocation rate=0.468523
2018-11-26 15:14:42.408682: I tensorflow/core/common_runtime/gpu/pool_allocator.cc:259] Raising pool_size_limit_ from 339 to 372
2018-11-26 15:14:43.125665: I tensorflow/core/common_runtime/gpu/pool_allocator.cc:247] PoolAllocator: After 0 get requests, put_count=1037 evicted_count=1000 eviction_rate=0.96432 and unsatisfied allocation rate=0
2018-11-26 15:14:43.820754: I tensorflow/core/common_runtime/gpu/pool_allocator.cc:247] PoolAllocator: After 0 get requests, put_count=1040 evicted_count=1000 eviction_rate=0.961538 and unsatisfied allocation rate=0
2018-11-26 15:14:44.748174: I tensorflow/core/common_runtime/gpu/pool_allocator.cc:247] PoolAllocator: After 517 get requests, put_count=1561 evicted_count=1000 eviction_rate=0.640615 and unsatisfied allocation rate=0
2018-11-26 15:14:45.432783: I tensorflow/core/common_runtime/gpu/pool_allocator.cc:247] PoolAllocator: After 1584 get requests, put_count=3633 evicted_count=2000 eviction_rate=0.550509 and unsatisfied allocation rate=0
2018-11-26 15:14:46.115715: I tensorflow/core/common_runtime/gpu/pool_allocator.cc:247] PoolAllocator: After 2937 get requests, put_count=4991 evicted_count=2000 eviction_rate=0.400721 and unsatisfied allocation rate=0
2018-11-26 15:14:46.798476: I tensorflow/core/common_runtime/gpu/pool_allocator.cc:247] PoolAllocator: After 4323 get requests, put_count=6382 evicted_count=2000 eviction_rate=0.313381 and unsatisfied allocation rate=0
2018-11-26 15:14:47.484394: I tensorflow/core/common_runtime/gpu/pool_allocator.cc:247] PoolAllocator: After 5357 get requests, put_count=8422 evicted_count=3000 eviction_rate=0.35621 and unsatisfied allocation rate=0
2018-11-26 15:14:48.159301: I tensorflow/core/common_runtime/gpu/pool_allocator.cc:247] PoolAllocator: After 5577 get requests, put_count=9649 evicted_count=4000 eviction_rate=0.414551 and unsatisfied allocation rate=0
2018-11-26 15:14:48.833415: I tensorflow/core/common_runtime/gpu/pool_allocator.cc:247] PoolAllocator: After 5797 get requests, put_count=9876 evicted_count=4000 eviction_rate=0.405022 and unsatisfied allocation rate=0
2018-11-26 15:14:49.509076: I tensorflow/core/common_runtime/gpu/pool_allocator.cc:247] PoolAllocator: After 6039 get requests, put_count=11126 evicted_count=5000 eviction_rate=0.449398 and unsatisfied allocation rate=0
2018-11-26 15:14:50.188300: I tensorflow/core/common_runtime/gpu/pool_allocator.cc:247] PoolAllocator: After 6314 get requests, put_count=12409 evicted_count=6000 eviction_rate=0.48352 and unsatisfied allocation rate=0
2018-11-26 15:14:50.868161: I tensorflow/core/common_runtime/gpu/pool_allocator.cc:247] PoolAllocator: After 6622 get requests, put_count=13727 evicted_count=7000 eviction_rate=0.509944 and unsatisfied allocation rate=0
2018-11-26 15:14:51.547666: I tensorflow/core/common_runtime/gpu/pool_allocator.cc:247] PoolAllocator: After 6963 get requests, put_count=15078 evicted_count=8000 eviction_rate=0.530574 and unsatisfied allocation rate=0
2018-11-26 15:14:52.798087: I tensorflow/core/common_runtime/gpu/pool_allocator.cc:247] PoolAllocator: After 21781 get requests, put_count=22210 evicted_count=9000 eviction_rate=0.405223 and unsatisfied allocation rate=0.399339
2018-11-26 15:14:52.798121: I tensorflow/core/common_runtime/gpu/pool_allocator.cc:259] Raising pool_size_limit_ from 1400 to 1540
2018-11-26 15:14:53.530905: I tensorflow/core/common_runtime/gpu/pool_allocator.cc:247] PoolAllocator: After 5302 get requests, put_count=7456 evicted_count=2000 eviction_rate=0.26824 and unsatisfied allocation rate=0
2018-11-26 15:14:54.223719: I tensorflow/core/common_runtime/gpu/pool_allocator.cc:247] PoolAllocator: After 4257 get requests, put_count=7426 evicted_count=3000 eviction_rate=0.403986 and unsatisfied allocation rate=0
2018-11-26 15:14:54.915675: I tensorflow/core/common_runtime/gpu/pool_allocator.cc:247] PoolAllocator: After 5076 get requests, put_count=10262 evicted_count=5000 eviction_rate=0.487234 and unsatisfied allocation rate=0
2018-11-26 15:14:55.608717: I tensorflow/core/common_runtime/gpu/pool_allocator.cc:247] PoolAllocator: After 5423 get requests, put_count=12627 evicted_count=7000 eviction_rate=0.554368 and unsatisfied allocation rate=0
2018-11-26 15:14:56.905672: I tensorflow/core/common_runtime/gpu/pool_allocator.cc:247] PoolAllocator: After 3998 get requests, put_count=6245 evicted_count=2000 eviction_rate=0.320256 and unsatisfied allocation rate=0
2018-11-26 15:14:57.601980: I tensorflow/core/common_runtime/gpu/pool_allocator.cc:247] PoolAllocator: After 2530 get requests, put_count=6802 evicted_count=4000 eviction_rate=0.588062 and unsatisfied allocation rate=0
2018-11-26 15:14:58.909528: I tensorflow/core/common_runtime/gpu/pool_allocator.cc:247] PoolAllocator: After 21935 get requests, put_count=22408 evicted_count=7000 eviction_rate=0.312388 and unsatisfied allocation rate=0.311192
2018-11-26 15:14:58.909561: I tensorflow/core/common_runtime/gpu/pool_allocator.cc:259] Raising pool_size_limit_ from 3296 to 3625
2018-11-26 15:14:59.627592: I tensorflow/core/common_runtime/gpu/pool_allocator.cc:247] PoolAllocator: After 1309 get requests, put_count=5671 evicted_count=4000 eviction_rate=0.705343 and unsatisfied allocation rate=0
2018-11-26 15:15:00.963129: I tensorflow/core/common_runtime/gpu/pool_allocator.cc:247] PoolAllocator: After 715 get requests, put_count=3153 evicted_count=2000 eviction_rate=0.634317 and unsatisfied allocation rate=0
2018-11-26 15:15:02.316250: I tensorflow/core/common_runtime/gpu/pool_allocator.cc:247] PoolAllocator: After 748 get requests, put_count=3278 evicted_count=2000 eviction_rate=0.610128 and unsatisfied allocation rate=0
2018-11-26 15:15:04.348029: I tensorflow/core/common_runtime/gpu/pool_allocator.cc:247] PoolAllocator: After 495 get requests, put_count=2200 evicted_count=1000 eviction_rate=0.454545 and unsatisfied allocation rate=0
epoch=1 step: 1562 loss 0.37751317 processed: [0.099968]
epoch=1 step: 3124 loss 0.32843754 processed: [0.199936]
epoch=1 step: 4686 loss 0.40355486 processed: [0.299904]
epoch=1 step: 6248 loss 0.31675845 processed: [0.399872]
epoch=1 step: 7810 loss 0.30622765 processed: [0.49984]
epoch=1 step: 9372 loss 0.21245646 processed: [0.599808]
epoch=1 step: 10934 loss 0.20992011 processed: [0.699776]
epoch=1 step: 12496 loss 0.3829768 processed: [0.799744]
epoch=1 step: 14058 loss 0.2648267 processed: [0.899712]
epoch=1 step: 15620 loss 0.3976869 processed: [0.99968]
('R10_1', 0.7609456567394044)
('R10_2', 0.8692321539292358)
('R10_5', 0.967298037882273)
('R2_1', 0.9364361861711703)
save evaluate_step: 1
2018-11-26 19:08:27
starting shuffle train data
finish building train data
epoch=2 step: 17182 loss 0.27007264 processed: [1.099648]
epoch=2 step: 18744 loss 0.33979768 processed: [1.199616]
epoch=2 step: 20306 loss 0.30691877 processed: [1.299584]
epoch=2 step: 21868 loss 0.25025773 processed: [1.399552]
epoch=2 step: 23430 loss 0.233345 processed: [1.49952]
epoch=2 step: 24992 loss 0.17146716 processed: [1.599488]
epoch=2 step: 26554 loss 0.27927035 processed: [1.699456]
epoch=2 step: 28116 loss 0.2521438 processed: [1.799424]
epoch=2 step: 29678 loss 0.27212542 processed: [1.899392]
epoch=2 step: 31240 loss 0.25932997 processed: [1.99936]
('R10_1', 0.7718463107786467)
('R10_2', 0.8762525751545093)
('R10_5', 0.9685981158869532)
('R2_1', 0.939796387783267)
save evaluate_step: 2
2018-11-26 23:02:49
0.2600913
epoch=1 save model
learning rate 0.001
2018-11-26 23:03:01
starting shuffle train data
finish building train data
epoch=3 step: 32802 loss 0.24046066 processed: [2.099328]
epoch=3 step: 34364 loss 0.3559035 processed: [2.199296]
epoch=3 step: 35926 loss 0.21603742 processed: [2.299264]
epoch=3 step: 37488 loss 0.21883789 processed: [2.399232]
epoch=3 step: 39050 loss 0.20997545 processed: [2.4992]
epoch=3 step: 40612 loss 0.19827911 processed: [2.599168]
epoch=3 step: 42174 loss 0.2747011 processed: [2.699136]
epoch=3 step: 43736 loss 0.29591364 processed: [2.799104]
epoch=3 step: 45298 loss 0.18536745 processed: [2.899072]
epoch=3 step: 46860 loss 0.3506886 processed: [2.99904]
('R10_1', 0.7766465987959278)
('R10_2', 0.8791527491649499)
('R10_5', 0.9703782226933616)
('R2_1', 0.9412364741884514)
save evaluate_step: 3
2018-11-27 02:56:34
0.17614608
epoch=2 save model
learning rate 0.00075
2018-11-27 02:56:35
starting shuffle train data
finish building train data
2018-11-27 03:11:01.223966: I tensorflow/core/common_runtime/gpu/pool_allocator.cc:247] PoolAllocator: After 1147240466 get requests, put_count=1147240767 evicted_count=6000 eviction_rate=5.22994e-06 and unsatisfied allocation rate=5.78606e-06
epoch=4 step: 48422 loss 0.15620242 processed: [3.099008]
2018-11-27 03:22:23.543587: I tensorflow/core/common_runtime/gpu/pool_allocator.cc:247] PoolAllocator: After 1168157752 get requests, put_count=1168158052 evicted_count=16000 eviction_rate=1.36968e-05 and unsatisfied allocation rate=1.42438e-05
epoch=4 step: 49984 loss 0.26695395 processed: [3.198976]
2018-11-27 03:33:44.485032: I tensorflow/core/common_runtime/gpu/pool_allocator.cc:247] PoolAllocator: After 1189074785 get requests, put_count=1189075082 evicted_count=26000 eviction_rate=2.18657e-05 and unsatisfied allocation rate=2.24057e-05
2018-11-27 03:45:05.928159: I tensorflow/core/common_runtime/gpu/pool_allocator.cc:247] PoolAllocator: After 1210009849 get requests, put_count=1210010142 evicted_count=36000 eviction_rate=2.97518e-05 and unsatisfied allocation rate=3.02857e-05
epoch=4 step: 51546 loss 0.2643171 processed: [3.298944]
2018-11-27 03:56:25.738555: I tensorflow/core/common_runtime/gpu/pool_allocator.cc:247] PoolAllocator: After 1230927117 get requests, put_count=1230927410 evicted_count=46000 eviction_rate=3.73702e-05 and unsatisfied allocation rate=3.7895e-05
2018-11-27 04:07:44.944939: I tensorflow/core/common_runtime/gpu/pool_allocator.cc:247] PoolAllocator: After 1251841135 get requests, put_count=1251841431 evicted_count=56000 eviction_rate=4.47341e-05 and unsatisfied allocation rate=4.52478e-05
epoch=4 step: 53108 loss 0.19369514 processed: [3.398912]
2018-11-27 04:19:03.574452: I tensorflow/core/common_runtime/gpu/pool_allocator.cc:247] PoolAllocator: After 1272758257 get requests, put_count=1272758553 evicted_count=66000 eviction_rate=5.18559e-05 and unsatisfied allocation rate=5.23611e-05
epoch=4 step: 54670 loss 0.27867275 processed: [3.49888]
2018-11-27 04:30:19.980434: I tensorflow/core/common_runtime/gpu/pool_allocator.cc:247] PoolAllocator: After 1293675505 get requests, put_count=1293675801 evicted_count=76000 eviction_rate=5.87473e-05 and unsatisfied allocation rate=5.92444e-05
2018-11-27 04:41:35.226110: I tensorflow/core/common_runtime/gpu/pool_allocator.cc:247] PoolAllocator: After 1314589668 get requests, put_count=1314589968 evicted_count=86000 eviction_rate=6.54196e-05 and unsatisfied allocation rate=6.59057e-05
epoch=4 step: 56232 loss 0.1868253 processed: [3.598848]
2018-11-27 04:52:51.016898: I tensorflow/core/common_runtime/gpu/pool_allocator.cc:247] PoolAllocator: After 1335506989 get requests, put_count=1335507288 evicted_count=96000 eviction_rate=7.18828e-05 and unsatisfied allocation rate=7.2362e-05
epoch=4 step: 57794 loss 0.17432335 processed: [3.698816]
2018-11-27 05:04:07.037189: I tensorflow/core/common_runtime/gpu/pool_allocator.cc:247] PoolAllocator: After 1356424189 get requests, put_count=1356424484 evicted_count=106000 eviction_rate=7.81466e-05 and unsatisfied allocation rate=7.86214e-05
2018-11-27 05:15:24.726555: I tensorflow/core/common_runtime/gpu/pool_allocator.cc:247] PoolAllocator: After 1377359329 get requests, put_count=1377359621 evicted_count=116000 eviction_rate=8.42191e-05 and unsatisfied allocation rate=8.46889e-05
epoch=4 step: 59356 loss 0.1771189 processed: [3.798784]
2018-11-27 05:26:17.392615: I tensorflow/core/common_runtime/gpu/pool_allocator.cc:247] PoolAllocator: After 1397564646 get requests, put_count=1397564942 evicted_count=126000 eviction_rate=9.01568e-05 and unsatisfied allocation rate=9.06169e-05
2018-11-27 05:35:40.477536: I tensorflow/core/common_runtime/gpu/pool_allocator.cc:247] PoolAllocator: After 1415003619 get requests, put_count=1415003913 evicted_count=136000 eviction_rate=9.61128e-05 and unsatisfied allocation rate=9.65687e-05
epoch=4 step: 60918 loss 0.26379177 processed: [3.898752]
2018-11-27 05:45:04.078206: I tensorflow/core/common_runtime/gpu/pool_allocator.cc:247] PoolAllocator: After 1432424730 get requests, put_count=1432425030 evicted_count=146000 eviction_rate=0.000101925 and unsatisfied allocation rate=0.000102371
epoch=4 step: 62480 loss 0.35478637 processed: [3.99872]
('R10_1', 0.7770066203972238)
('R10_2', 0.8798927935676141)
('R10_5', 0.9709382562953778)
('R2_1', 0.9420165209912594)
save evaluate_step: 4
2018-11-27 06:46:59
0.1335033
epoch=3 save model
learning rate 0.00075
2018-11-27 06:47:01
starting shuffle train data
finish building train data
2018-11-27 06:48:06.222835: I tensorflow/core/common_runtime/gpu/pool_allocator.cc:247] PoolAllocator: After 1497102760 get requests, put_count=1497103055 evicted_count=156000 eviction_rate=0.000104201 and unsatisfied allocation rate=0.000104631
2018-11-27 06:57:30.838073: I tensorflow/core/common_runtime/gpu/pool_allocator.cc:247] PoolAllocator: After 1514541762 get requests, put_count=1514542054 evicted_count=166000 eviction_rate=0.000109604 and unsatisfied allocation rate=0.000110031
epoch=5 step: 64042 loss 0.12884225 processed: [4.098688]
2018-11-27 07:06:54.920171: I tensorflow/core/common_runtime/gpu/pool_allocator.cc:247] PoolAllocator: After 1531962932 get requests, put_count=1531963223 evicted_count=176000 eviction_rate=0.000114885 and unsatisfied allocation rate=0.000115308
2018-11-27 07:16:19.464692: I tensorflow/core/common_runtime/gpu/pool_allocator.cc:247] PoolAllocator: After 1549401856 get requests, put_count=1549402151 evicted_count=186000 eviction_rate=0.000120046 and unsatisfied allocation rate=0.000120462
epoch=5 step: 65604 loss 0.23059188 processed: [4.198656]
2018-11-27 07:25:43.830439: I tensorflow/core/common_runtime/gpu/pool_allocator.cc:247] PoolAllocator: After 1566822856 get requests, put_count=1566823156 evicted_count=196000 eviction_rate=0.000125094 and unsatisfied allocation rate=0.000125502
2018-11-27 07:35:08.162561: I tensorflow/core/common_runtime/gpu/pool_allocator.cc:247] PoolAllocator: After 1584261821 get requests, put_count=1584262121 evicted_count=206000 eviction_rate=0.000130029 and unsatisfied allocation rate=0.000130432
epoch=5 step: 67166 loss 0.2024017 processed: [4.298624]
2018-11-27 07:44:32.745934: I tensorflow/core/common_runtime/gpu/pool_allocator.cc:247] PoolAllocator: After 1601703916 get requests, put_count=1601704206 evicted_count=216000 eviction_rate=0.000134856 and unsatisfied allocation rate=0.000135262
2018-11-27 07:53:56.505624: I tensorflow/core/common_runtime/gpu/pool_allocator.cc:247] PoolAllocator: After 1619122048 get requests, put_count=1619122348 evicted_count=226000 eviction_rate=0.000139582 and unsatisfied allocation rate=0.000139976
epoch=5 step: 68728 loss 0.14037639 processed: [4.398592]
2018-11-27 08:03:19.881406: I tensorflow/core/common_runtime/gpu/pool_allocator.cc:247] PoolAllocator: After 1636564030 get requests, put_count=1636564324 evicted_count=236000 eviction_rate=0.000144205 and unsatisfied allocation rate=0.000144599
2018-11-27 08:12:43.294818: I tensorflow/core/common_runtime/gpu/pool_allocator.cc:247] PoolAllocator: After 1654003007 get requests, put_count=1654003305 evicted_count=246000 eviction_rate=0.00014873 and unsatisfied allocation rate=0.000149118
epoch=5 step: 70290 loss 0.25063917 processed: [4.49856]
2018-11-27 08:22:06.671234: I tensorflow/core/common_runtime/gpu/pool_allocator.cc:247] PoolAllocator: After 1671444876 get requests, put_count=1671445168 evicted_count=256000 eviction_rate=0.000153161 and unsatisfied allocation rate=0.000153548
2018-11-27 08:31:05.686508: I tensorflow/core/common_runtime/gpu/pool_allocator.cc:247] PoolAllocator: After 1688130193 get requests, put_count=1688130476 evicted_count=266000 eviction_rate=0.000157571 and unsatisfied allocation rate=0.000157959
epoch=5 step: 71852 loss 0.40839756 processed: [4.598528]
2018-11-27 08:35:47.311366: I tensorflow/core/common_runtime/gpu/pool_allocator.cc:247] PoolAllocator: After 1696842177 get requests, put_count=1696842462 evicted_count=276000 eviction_rate=0.000162655 and unsatisfied allocation rate=0.000163041
2018-11-27 08:40:28.356922: I tensorflow/core/common_runtime/gpu/pool_allocator.cc:247] PoolAllocator: After 1705551161 get requests, put_count=1705551462 evicted_count=286000 eviction_rate=0.000167688 and unsatisfied allocation rate=0.000168062
2018-11-27 08:45:10.505689: I tensorflow/core/common_runtime/gpu/pool_allocator.cc:247] PoolAllocator: After 1714281141 get requests, put_count=1714281434 evicted_count=296000 eviction_rate=0.000172667 and unsatisfied allocation rate=0.000173044
2018-11-27 08:49:52.821959: I tensorflow/core/common_runtime/gpu/pool_allocator.cc:247] PoolAllocator: After 1723011105 get requests, put_count=1723011388 evicted_count=306000 eviction_rate=0.000177596 and unsatisfied allocation rate=0.000177977
epoch=5 step: 73414 loss 0.09861951 processed: [4.698496]
2018-11-27 08:54:34.284455: I tensorflow/core/common_runtime/gpu/pool_allocator.cc:247] PoolAllocator: After 1731723153 get requests, put_count=1731723441 evicted_count=316000 eviction_rate=0.000182477 and unsatisfied allocation rate=0.000182853
2018-11-27 08:59:16.473203: I tensorflow/core/common_runtime/gpu/pool_allocator.cc:247] PoolAllocator: After 1740453175 get requests, put_count=1740453455 evicted_count=326000 eviction_rate=0.000187308 and unsatisfied allocation rate=0.000187686
2018-11-27 09:03:58.058861: I tensorflow/core/common_runtime/gpu/pool_allocator.cc:247] PoolAllocator: After 1749162217 get requests, put_count=1749162513 evicted_count=336000 eviction_rate=0.000192092 and unsatisfied allocation rate=0.00019246
epoch=5 step: 74976 loss 0.2375824 processed: [4.798464]
2018-11-27 09:08:41.167099: I tensorflow/core/common_runtime/gpu/pool_allocator.cc:247] PoolAllocator: After 1757895193 get requests, put_count=1757895471 evicted_count=346000 eviction_rate=0.000196826 and unsatisfied allocation rate=0.000197202
2018-11-27 09:13:23.207087: I tensorflow/core/common_runtime/gpu/pool_allocator.cc:247] PoolAllocator: After 1766604238 get requests, put_count=1766604532 evicted_count=356000 eviction_rate=0.000201517 and unsatisfied allocation rate=0.000201882
2018-11-27 09:18:05.818805: I tensorflow/core/common_runtime/gpu/pool_allocator.cc:247] PoolAllocator: After 1775334178 get requests, put_count=1775334459 evicted_count=366000 eviction_rate=0.000206158 and unsatisfied allocation rate=0.000206529
2018-11-27 09:22:47.779198: I tensorflow/core/common_runtime/gpu/pool_allocator.cc:247] PoolAllocator: After 1784043252 get requests, put_count=1784043548 evicted_count=376000 eviction_rate=0.000210757 and unsatisfied allocation rate=0.000211118
epoch=5 step: 76538 loss 0.15537287 processed: [4.898432]
2018-11-27 09:27:29.950417: I tensorflow/core/common_runtime/gpu/pool_allocator.cc:247] PoolAllocator: After 1792755372 get requests, put_count=1792755667 evicted_count=386000 eviction_rate=0.000215311 and unsatisfied allocation rate=0.00021567
2018-11-27 09:32:13.559340: I tensorflow/core/common_runtime/gpu/pool_allocator.cc:247] PoolAllocator: After 1801485413 get requests, put_count=1801485700 evicted_count=396000 eviction_rate=0.000219819 and unsatisfied allocation rate=0.000220181
2018-11-27 09:36:55.966345: I tensorflow/core/common_runtime/gpu/pool_allocator.cc:247] PoolAllocator: After 1810215446 get requests, put_count=1810215724 evicted_count=406000 eviction_rate=0.000224283 and unsatisfied allocation rate=0.000224648
2018-11-27 09:41:38.054682: I tensorflow/core/common_runtime/gpu/pool_allocator.cc:247] PoolAllocator: After 1818924526 get requests, put_count=1818924809 evicted_count=416000 eviction_rate=0.000228707 and unsatisfied allocation rate=0.000229067
epoch=5 step: 78100 loss 0.18665011 processed: [4.9984]
('R10_1', 0.7714062843770626)
('R10_2', 0.8772126327579655)
('R10_5', 0.9686381182870972)
('R2_1', 0.940196411784707)
save evaluate_step: 5
2018-11-27 10:37:07
0.117482
epoch=4 save model
learning rate 0.000375
2018-11-27 10:37:08
starting shuffle train data
finish building train data
2018-11-27 10:40:04.310047: I tensorflow/core/common_runtime/gpu/pool_allocator.cc:247] PoolAllocator: After 1874893106 get requests, put_count=1874893384 evicted_count=426000 eviction_rate=0.000227213 and unsatisfied allocation rate=0.000227566
2018-11-27 10:44:47.546943: I tensorflow/core/common_runtime/gpu/pool_allocator.cc:247] PoolAllocator: After 1883602082 get requests, put_count=1883602376 evicted_count=436000 eviction_rate=0.000231471 and unsatisfied allocation rate=0.000231814
2018-11-27 10:49:31.316329: I tensorflow/core/common_runtime/gpu/pool_allocator.cc:247] PoolAllocator: After 1892332090 get requests, put_count=1892332376 evicted_count=446000 eviction_rate=0.000235688 and unsatisfied allocation rate=0.000236033
2018-11-27 10:54:14.009198: I tensorflow/core/common_runtime/gpu/pool_allocator.cc:247] PoolAllocator: After 1901041174 get requests, put_count=1901041462 evicted_count=456000 eviction_rate=0.000239869 and unsatisfied allocation rate=0.000240211
epoch=6 step: 79662 loss 0.12826672 processed: [5.098368]
2018-11-27 10:58:57.013193: I tensorflow/core/common_runtime/gpu/pool_allocator.cc:247] PoolAllocator: After 1909753284 get requests, put_count=1909753569 evicted_count=466000 eviction_rate=0.000244011 and unsatisfied allocation rate=0.000244353
2018-11-27 11:03:39.825658: I tensorflow/core/common_runtime/gpu/pool_allocator.cc:247] PoolAllocator: After 1918462365 get requests, put_count=1918462666 evicted_count=476000 eviction_rate=0.000248115 and unsatisfied allocation rate=0.000248448
2018-11-27 11:08:23.732404: I tensorflow/core/common_runtime/gpu/pool_allocator.cc:247] PoolAllocator: After 1927192394 get requests, put_count=1927192687 evicted_count=486000 eviction_rate=0.00025218 and unsatisfied allocation rate=0.000252516
2018-11-27 11:13:07.370576: I tensorflow/core/common_runtime/gpu/pool_allocator.cc:247] PoolAllocator: After 1935922404 get requests, put_count=1935922689 evicted_count=496000 eviction_rate=0.000256209 and unsatisfied allocation rate=0.000256546
epoch=6 step: 81224 loss 0.17984095 processed: [5.198336]
2018-11-27 11:17:50.305538: I tensorflow/core/common_runtime/gpu/pool_allocator.cc:247] PoolAllocator: After 1944634463 get requests, put_count=1944634750 evicted_count=506000 eviction_rate=0.000260203 and unsatisfied allocation rate=0.000260538
2018-11-27 11:22:33.414301: I tensorflow/core/common_runtime/gpu/pool_allocator.cc:247] PoolAllocator: After 1953364390 get requests, put_count=1953364669 evicted_count=516000 eviction_rate=0.00026416 and unsatisfied allocation rate=0.000264498
2018-11-27 11:27:17.259279: I tensorflow/core/common_runtime/gpu/pool_allocator.cc:247] PoolAllocator: After 1962073391 get requests, put_count=1962073683 evicted_count=526000 eviction_rate=0.000268084 and unsatisfied allocation rate=0.000268414
epoch=6 step: 82786 loss 0.21379918 processed: [5.298304]
2018-11-27 11:32:00.663827: I tensorflow/core/common_runtime/gpu/pool_allocator.cc:247] PoolAllocator: After 1970785541 get requests, put_count=1970785838 evicted_count=536000 eviction_rate=0.000271973 and unsatisfied allocation rate=0.000272299
2018-11-27 11:36:44.664564: I tensorflow/core/common_runtime/gpu/pool_allocator.cc:247] PoolAllocator: After 1979515482 get requests, put_count=1979515770 evicted_count=546000 eviction_rate=0.000275825 and unsatisfied allocation rate=0.000276154
2018-11-27 11:41:28.888290: I tensorflow/core/common_runtime/gpu/pool_allocator.cc:247] PoolAllocator: After 1988245461 get requests, put_count=1988245741 evicted_count=556000 eviction_rate=0.000279644 and unsatisfied allocation rate=0.000279975
2018-11-27 11:46:12.407897: I tensorflow/core/common_runtime/gpu/pool_allocator.cc:247] PoolAllocator: After 1996954568 get requests, put_count=1996954864 evicted_count=566000 eviction_rate=0.000283432 and unsatisfied allocation rate=0.000283754
epoch=6 step: 84348 loss 0.21124266 processed: [5.398272]
2018-11-27 11:50:56.359104: I tensorflow/core/common_runtime/gpu/pool_allocator.cc:247] PoolAllocator: After 2005687580 get requests, put_count=2005687858 evicted_count=576000 eviction_rate=0.000287183 and unsatisfied allocation rate=0.000287513
2018-11-27 11:55:39.936761: I tensorflow/core/common_runtime/gpu/pool_allocator.cc:247] PoolAllocator: After 2014396692 get requests, put_count=2014396986 evicted_count=586000 eviction_rate=0.000290906 and unsatisfied allocation rate=0.000291226
2018-11-27 12:00:03.697539: I tensorflow/core/common_runtime/gpu/pool_allocator.cc:247] PoolAllocator: After 2022498702 get requests, put_count=2022498988 evicted_count=596000 eviction_rate=0.000294685 and unsatisfied allocation rate=0.000295008
2018-11-27 12:02:46.259674: I tensorflow/core/common_runtime/gpu/pool_allocator.cc:247] PoolAllocator: After 2027481294 get requests, put_count=2027481581 evicted_count=606000 eviction_rate=0.000298893 and unsatisfied allocation rate=0.000299215
2018-11-27 12:05:29.389703: I tensorflow/core/common_runtime/gpu/pool_allocator.cc:247] PoolAllocator: After 2032463916 get requests, put_count=2032464204 evicted_count=616000 eviction_rate=0.00030308 and unsatisfied allocation rate=0.000303401
epoch=6 step: 85910 loss 0.12803942 processed: [5.49824]
2018-11-27 12:08:12.198679: I tensorflow/core/common_runtime/gpu/pool_allocator.cc:247] PoolAllocator: After 2037449485 get requests, put_count=2037449767 evicted_count=626000 eviction_rate=0.000307247 and unsatisfied allocation rate=0.000307569
2018-11-27 12:10:54.740585: I tensorflow/core/common_runtime/gpu/pool_allocator.cc:247] PoolAllocator: After 2042432026 get requests, put_count=2042432312 evicted_count=636000 eviction_rate=0.000311393 and unsatisfied allocation rate=0.000311713
2018-11-27 12:13:37.617456: I tensorflow/core/common_runtime/gpu/pool_allocator.cc:247] PoolAllocator: After 2047414551 get requests, put_count=2047414841 evicted_count=646000 eviction_rate=0.00031552 and unsatisfied allocation rate=0.000315837
2018-11-27 12:16:20.061196: I tensorflow/core/common_runtime/gpu/pool_allocator.cc:247] PoolAllocator: After 2052397121 get requests, put_count=2052397415 evicted_count=656000 eviction_rate=0.000319626 and unsatisfied allocation rate=0.000319941
2018-11-27 12:19:02.525099: I tensorflow/core/common_runtime/gpu/pool_allocator.cc:247] PoolAllocator: After 2057379717 get requests, put_count=2057380015 evicted_count=666000 eviction_rate=0.000323713 and unsatisfied allocation rate=0.000324024
2018-11-27 12:21:46.185321: I tensorflow/core/common_runtime/gpu/pool_allocator.cc:247] PoolAllocator: After 2062383206 get requests, put_count=2062383466 evicted_count=676000 eviction_rate=0.000327776 and unsatisfied allocation rate=0.000328105
epoch=6 step: 87472 loss 0.18120709 processed: [5.598208]
2018-11-27 12:24:28.350572: I tensorflow/core/common_runtime/gpu/pool_allocator.cc:247] PoolAllocator: After 2067347914 get requests, put_count=2067348210 evicted_count=686000 eviction_rate=0.000331826 and unsatisfied allocation rate=0.000332137
2018-11-27 12:27:10.744314: I tensorflow/core/common_runtime/gpu/pool_allocator.cc:247] PoolAllocator: After 2072330501 get requests, put_count=2072330801 evicted_count=696000 eviction_rate=0.000335854 and unsatisfied allocation rate=0.000336162
2018-11-27 12:29:54.017390: I tensorflow/core/common_runtime/gpu/pool_allocator.cc:247] PoolAllocator: After 2077334017 get requests, put_count=2077334277 evicted_count=706000 eviction_rate=0.000339859 and unsatisfied allocation rate=0.000340186
2018-11-27 12:32:36.908575: I tensorflow/core/common_runtime/gpu/pool_allocator.cc:247] PoolAllocator: After 2082316621 get requests, put_count=2082316885 evicted_count=716000 eviction_rate=0.000343848 and unsatisfied allocation rate=0.000344172
2018-11-27 12:35:19.563646: I tensorflow/core/common_runtime/gpu/pool_allocator.cc:247] PoolAllocator: After 2087299224 get requests, put_count=2087299491 evicted_count=726000 eviction_rate=0.000347818 and unsatisfied allocation rate=0.00034814
2018-11-27 12:38:02.032341: I tensorflow/core/common_runtime/gpu/pool_allocator.cc:247] PoolAllocator: After 2092281817 get requests, put_count=2092282087 evicted_count=736000 eviction_rate=0.000351769 and unsatisfied allocation rate=0.000352089
2018-11-27 12:40:45.013595: I tensorflow/core/common_runtime/gpu/pool_allocator.cc:247] PoolAllocator: After 2097264354 get requests, put_count=2097264628 evicted_count=746000 eviction_rate=0.000355701 and unsatisfied allocation rate=0.000356019
epoch=6 step: 89034 loss 0.07439714 processed: [5.698176]
2018-11-27 12:43:28.157415: I tensorflow/core/common_runtime/gpu/pool_allocator.cc:247] PoolAllocator: After 2102250019 get requests, put_count=2102250287 evicted_count=756000 eviction_rate=0.000359615 and unsatisfied allocation rate=0.000359934
2018-11-27 12:46:10.803048: I tensorflow/core/common_runtime/gpu/pool_allocator.cc:247] PoolAllocator: After 2107232648 get requests, put_count=2107232920 evicted_count=766000 eviction_rate=0.00036351 and unsatisfied allocation rate=0.000363826
2018-11-27 12:48:53.422961: I tensorflow/core/common_runtime/gpu/pool_allocator.cc:247] PoolAllocator: After 2112215195 get requests, put_count=2112215469 evicted_count=776000 eviction_rate=0.000367387 and unsatisfied allocation rate=0.000367702
2018-11-27 12:51:36.361731: I tensorflow/core/common_runtime/gpu/pool_allocator.cc:247] PoolAllocator: After 2117197793 get requests, put_count=2117198069 evicted_count=786000 eviction_rate=0.000371245 and unsatisfied allocation rate=0.000371559
2018-11-27 12:54:19.031207: I tensorflow/core/common_runtime/gpu/pool_allocator.cc:247] PoolAllocator: After 2122180378 get requests, put_count=2122180657 evicted_count=796000 eviction_rate=0.000375086 and unsatisfied allocation rate=0.000375397
2018-11-27 12:57:01.645725: I tensorflow/core/common_runtime/gpu/pool_allocator.cc:247] PoolAllocator: After 2127163000 get requests, put_count=2127163283 evicted_count=806000 eviction_rate=0.000378908 and unsatisfied allocation rate=0.000379217
2018-11-27 12:59:44.167837: I tensorflow/core/common_runtime/gpu/pool_allocator.cc:247] PoolAllocator: After 2132145632 get requests, put_count=2132145919 evicted_count=816000 eviction_rate=0.000382713 and unsatisfied allocation rate=0.000383019
epoch=6 step: 90596 loss 0.18351428 processed: [5.798144]
2018-11-27 13:02:27.178449: I tensorflow/core/common_runtime/gpu/pool_allocator.cc:247] PoolAllocator: After 2137131190 get requests, put_count=2137131471 evicted_count=826000 eviction_rate=0.000386499 and unsatisfied allocation rate=0.000386807
2018-11-27 13:05:09.829054: I tensorflow/core/common_runtime/gpu/pool_allocator.cc:247] PoolAllocator: After 2142113791 get requests, put_count=2142114076 evicted_count=836000 eviction_rate=0.000390269 and unsatisfied allocation rate=0.000390574
2018-11-27 13:07:52.472986: I tensorflow/core/common_runtime/gpu/pool_allocator.cc:247] PoolAllocator: After 2147096313 get requests, put_count=2147096601 evicted_count=846000 eviction_rate=0.00039402 and unsatisfied allocation rate=0.000394324
2018-11-27 13:10:35.005021: I tensorflow/core/common_runtime/gpu/pool_allocator.cc:247] PoolAllocator: After 2152078863 get requests, put_count=2152079155 evicted_count=856000 eviction_rate=0.000397755 and unsatisfied allocation rate=0.000398056
2018-11-27 13:13:17.340010: I tensorflow/core/common_runtime/gpu/pool_allocator.cc:247] PoolAllocator: After 2157061436 get requests, put_count=2157061732 evicted_count=866000 eviction_rate=0.000401472 and unsatisfied allocation rate=0.00040177
2018-11-27 13:15:59.931061: I tensorflow/core/common_runtime/gpu/pool_allocator.cc:247] PoolAllocator: After 2162043931 get requests, put_count=2162044231 evicted_count=876000 eviction_rate=0.000405172 and unsatisfied allocation rate=0.000405468
epoch=6 step: 92158 loss 0.0842381 processed: [5.898112]
2018-11-27 13:18:42.669779: I tensorflow/core/common_runtime/gpu/pool_allocator.cc:247] PoolAllocator: After 2167029558 get requests, put_count=2167029852 evicted_count=886000 eviction_rate=0.000408855 and unsatisfied allocation rate=0.000409152
2018-11-27 13:21:26.073603: I tensorflow/core/common_runtime/gpu/pool_allocator.cc:247] PoolAllocator: After 2172012123 get requests, put_count=2172012421 evicted_count=896000 eviction_rate=0.000412521 and unsatisfied allocation rate=0.000412816
2018-11-27 13:24:09.202716: I tensorflow/core/common_runtime/gpu/pool_allocator.cc:247] PoolAllocator: After 2176994694 get requests, put_count=2176994995 evicted_count=906000 eviction_rate=0.00041617 and unsatisfied allocation rate=0.000416463
2018-11-27 13:26:52.637815: I tensorflow/core/common_runtime/gpu/pool_allocator.cc:247] PoolAllocator: After 2181998189 get requests, put_count=2181998452 evicted_count=916000 eviction_rate=0.000419799 and unsatisfied allocation rate=0.000420109
2018-11-27 13:29:35.183244: I tensorflow/core/common_runtime/gpu/pool_allocator.cc:247] PoolAllocator: After 2186980774 get requests, put_count=2186981040 evicted_count=926000 eviction_rate=0.000423415 and unsatisfied allocation rate=0.000423723
2018-11-27 13:32:18.133648: I tensorflow/core/common_runtime/gpu/pool_allocator.cc:247] PoolAllocator: After 2191963404 get requests, put_count=2191963673 evicted_count=936000 eviction_rate=0.000427014 and unsatisfied allocation rate=0.00042732
2018-11-27 13:35:00.593057: I tensorflow/core/common_runtime/gpu/pool_allocator.cc:247] PoolAllocator: After 2196945969 get requests, put_count=2196946242 evicted_count=946000 eviction_rate=0.000430598 and unsatisfied allocation rate=0.000430901
epoch=6 step: 93720 loss 0.18708004 processed: [5.99808]
('R10_1', 0.7599455967358042)
('R10_2', 0.8697521851311079)
('R10_5', 0.9669180150809048)
('R2_1', 0.9370562233734024)
save evaluate_step: 6
2018-11-27 14:29:00
0.15014225
epoch=5 save model
learning rate 0.000375
2018-11-27 14:29:02
starting shuffle train data
finish building train data
2018-11-27 14:31:53.800714: I tensorflow/core/common_runtime/gpu/pool_allocator.cc:247] PoolAllocator: After 2249168829 get requests, put_count=2249169128 evicted_count=956000 eviction_rate=0.000425046 and unsatisfied allocation rate=0.00042533
2018-11-27 14:34:37.906612: I tensorflow/core/common_runtime/gpu/pool_allocator.cc:247] PoolAllocator: After 2254172381 get requests, put_count=2254172642 evicted_count=966000 eviction_rate=0.000428539 and unsatisfied allocation rate=0.000428839
2018-11-27 14:37:21.184557: I tensorflow/core/common_runtime/gpu/pool_allocator.cc:247] PoolAllocator: After 2259154914 get requests, put_count=2259155179 evicted_count=976000 eviction_rate=0.00043202 and unsatisfied allocation rate=0.000432318
2018-11-27 14:40:04.734660: I tensorflow/core/common_runtime/gpu/pool_allocator.cc:247] PoolAllocator: After 2264137473 get requests, put_count=2264137742 evicted_count=986000 eviction_rate=0.000435486 and unsatisfied allocation rate=0.000435782
2018-11-27 14:42:47.861898: I tensorflow/core/common_runtime/gpu/pool_allocator.cc:247] PoolAllocator: After 2269120019 get requests, put_count=2269120292 evicted_count=996000 eviction_rate=0.000438937 and unsatisfied allocation rate=0.00043923
2018-11-27 14:45:30.777399: I tensorflow/core/common_runtime/gpu/pool_allocator.cc:247] PoolAllocator: After 2274102587 get requests, put_count=2274102864 evicted_count=1006000 eviction_rate=0.000442372 and unsatisfied allocation rate=0.000442663
epoch=7 step: 95282 loss 0.08294417 processed: [6.098048]
2018-11-27 14:48:14.127073: I tensorflow/core/common_runtime/gpu/pool_allocator.cc:247] PoolAllocator: After 2279088229 get requests, put_count=2279088500 evicted_count=1016000 eviction_rate=0.000445792 and unsatisfied allocation rate=0.000446085
2018-11-27 14:50:57.257991: I tensorflow/core/common_runtime/gpu/pool_allocator.cc:247] PoolAllocator: After 2284070823 get requests, put_count=2284071098 evicted_count=1026000 eviction_rate=0.000449198 and unsatisfied allocation rate=0.000449489
2018-11-27 14:53:40.135945: I tensorflow/core/common_runtime/gpu/pool_allocator.cc:247] PoolAllocator: After 2289053308 get requests, put_count=2289053582 evicted_count=1036000 eviction_rate=0.000452589 and unsatisfied allocation rate=0.000452879
2018-11-27 14:56:23.373431: I tensorflow/core/common_runtime/gpu/pool_allocator.cc:247] PoolAllocator: After 2294035940 get requests, put_count=2294036218 evicted_count=1046000 eviction_rate=0.000455965 and unsatisfied allocation rate=0.000456253
2018-11-27 14:59:06.702692: I tensorflow/core/common_runtime/gpu/pool_allocator.cc:247] PoolAllocator: After 2299018492 get requests, put_count=2299018774 evicted_count=1056000 eviction_rate=0.000459326 and unsatisfied allocation rate=0.000459612
2018-11-27 15:01:49.483764: I tensorflow/core/common_runtime/gpu/pool_allocator.cc:247] PoolAllocator: After 2304001111 get requests, put_count=2304001397 evicted_count=1066000 eviction_rate=0.000462673 and unsatisfied allocation rate=0.000462957
2018-11-27 15:04:32.284504: I tensorflow/core/common_runtime/gpu/pool_allocator.cc:247] PoolAllocator: After 2308983738 get requests, put_count=2308984028 evicted_count=1076000 eviction_rate=0.000466006 and unsatisfied allocation rate=0.000466287
epoch=7 step: 96844 loss 0.18644062 processed: [6.198016]
2018-11-27 15:07:15.605509: I tensorflow/core/common_runtime/gpu/pool_allocator.cc:247] PoolAllocator: After 2313969373 get requests, put_count=2313969657 evicted_count=1086000 eviction_rate=0.000469323 and unsatisfied allocation rate=0.000469606
2018-11-27 15:09:58.660137: I tensorflow/core/common_runtime/gpu/pool_allocator.cc:247] PoolAllocator: After 2318951964 get requests, put_count=2318952252 evicted_count=1096000 eviction_rate=0.000472627 and unsatisfied allocation rate=0.000472908
2018-11-27 15:12:41.733045: I tensorflow/core/common_runtime/gpu/pool_allocator.cc:247] PoolAllocator: After 2323934492 get requests, put_count=2323934784 evicted_count=1106000 eviction_rate=0.000475917 and unsatisfied allocation rate=0.000476195
2018-11-27 15:15:24.937208: I tensorflow/core/common_runtime/gpu/pool_allocator.cc:247] PoolAllocator: After 2328917072 get requests, put_count=2328917368 evicted_count=1116000 eviction_rate=0.000479193 and unsatisfied allocation rate=0.000479469
2018-11-27 15:18:08.942923: I tensorflow/core/common_runtime/gpu/pool_allocator.cc:247] PoolAllocator: After 2333899664 get requests, put_count=2333899964 evicted_count=1126000 eviction_rate=0.000482454 and unsatisfied allocation rate=0.000482728
2018-11-27 15:20:53.017934: I tensorflow/core/common_runtime/gpu/pool_allocator.cc:247] PoolAllocator: After 2338903188 get requests, put_count=2338903450 evicted_count=1136000 eviction_rate=0.000485698 and unsatisfied allocation rate=0.000485987
epoch=7 step: 98406 loss 0.11497213 processed: [6.297984]
2018-11-27 15:23:36.103635: I tensorflow/core/common_runtime/gpu/pool_allocator.cc:247] PoolAllocator: After 2343867767 get requests, put_count=2343868065 evicted_count=1146000 eviction_rate=0.000488935 and unsatisfied allocation rate=0.000489209
2018-11-27 15:26:20.249037: I tensorflow/core/common_runtime/gpu/pool_allocator.cc:247] PoolAllocator: After 2348871256 get requests, put_count=2348871516 evicted_count=1156000 eviction_rate=0.000492151 and unsatisfied allocation rate=0.00049244
2018-11-27 15:29:03.550939: I tensorflow/core/common_runtime/gpu/pool_allocator.cc:247] PoolAllocator: After 2353853847 get requests, put_count=2353854111 evicted_count=1166000 eviction_rate=0.000495358 and unsatisfied allocation rate=0.000495645
2018-11-27 15:31:46.628783: I tensorflow/core/common_runtime/gpu/pool_allocator.cc:247] PoolAllocator: After 2358836472 get requests, put_count=2358836740 evicted_count=1176000 eviction_rate=0.000498551 and unsatisfied allocation rate=0.000498835
2018-11-27 15:34:29.571690: I tensorflow/core/common_runtime/gpu/pool_allocator.cc:247] PoolAllocator: After 2363819035 get requests, put_count=2363819307 evicted_count=1186000 eviction_rate=0.00050173 and unsatisfied allocation rate=0.000502013
2018-11-27 15:37:12.909227: I tensorflow/core/common_runtime/gpu/pool_allocator.cc:247] PoolAllocator: After 2368801635 get requests, put_count=2368801910 evicted_count=1196000 eviction_rate=0.000504897 and unsatisfied allocation rate=0.000505177
2018-11-27 15:39:55.960693: I tensorflow/core/common_runtime/gpu/pool_allocator.cc:247] PoolAllocator: After 2373784214 get requests, put_count=2373784493 evicted_count=1206000 eviction_rate=0.000508049 and unsatisfied allocation rate=0.000508328
epoch=7 step: 99968 loss 0.08708814 processed: [6.397952]
2018-11-27 15:42:39.084832: I tensorflow/core/common_runtime/gpu/pool_allocator.cc:247] PoolAllocator: After 2378769874 get requests, put_count=2378770143 evicted_count=1216000 eviction_rate=0.000511189 and unsatisfied allocation rate=0.00051147
2018-11-27 15:45:22.273333: I tensorflow/core/common_runtime/gpu/pool_allocator.cc:247] PoolAllocator: After 2383752429 get requests, put_count=2383752699 evicted_count=1226000 eviction_rate=0.000514315 and unsatisfied allocation rate=0.000514596
2018-11-27 15:48:05.226005: I tensorflow/core/common_runtime/gpu/pool_allocator.cc:247] PoolAllocator: After 2388735039 get requests, put_count=2388735313 evicted_count=1236000 eviction_rate=0.000517429 and unsatisfied allocation rate=0.000517707
2018-11-27 15:50:48.015383: I tensorflow/core/common_runtime/gpu/pool_allocator.cc:247] PoolAllocator: After 2393717683 get requests, put_count=2393717961 evicted_count=1246000 eviction_rate=0.000520529 and unsatisfied allocation rate=0.000520805
2018-11-27 15:53:31.060796: I tensorflow/core/common_runtime/gpu/pool_allocator.cc:247] PoolAllocator: After 2398700280 get requests, put_count=2398700562 evicted_count=1256000 eviction_rate=0.000523617 and unsatisfied allocation rate=0.000523891
2018-11-27 15:56:14.864810: I tensorflow/core/common_runtime/gpu/pool_allocator.cc:247] PoolAllocator: After 2403682844 get requests, put_count=2403683130 evicted_count=1266000 eviction_rate=0.000526692 and unsatisfied allocation rate=0.000526963
epoch=7 step: 101530 loss 0.12614164 processed: [6.49792]
2018-11-27 15:58:58.523802: I tensorflow/core/common_runtime/gpu/pool_allocator.cc:247] PoolAllocator: After 2408668334 get requests, put_count=2408668614 evicted_count=1276000 eviction_rate=0.000529753 and unsatisfied allocation rate=0.000530027
2018-11-27 16:01:41.905991: I tensorflow/core/common_runtime/gpu/pool_allocator.cc:247] PoolAllocator: After 2413650965 get requests, put_count=2413651249 evicted_count=1286000 eviction_rate=0.000532803 and unsatisfied allocation rate=0.000533074
2018-11-27 16:04:24.814084: I tensorflow/core/common_runtime/gpu/pool_allocator.cc:247] PoolAllocator: After 2418633519 get requests, put_count=2418633805 evicted_count=1296000 eviction_rate=0.00053584 and unsatisfied allocation rate=0.00053611
2018-11-27 16:07:08.168452: I tensorflow/core/common_runtime/gpu/pool_allocator.cc:247] PoolAllocator: After 2423616060 get requests, put_count=2423616347 evicted_count=1306000 eviction_rate=0.000538864 and unsatisfied allocation rate=0.000539133
2018-11-27 16:09:51.112731: I tensorflow/core/common_runtime/gpu/pool_allocator.cc:247] PoolAllocator: After 2428598663 get requests, put_count=2428598954 evicted_count=1316000 eviction_rate=0.000541876 and unsatisfied allocation rate=0.000542143
2018-11-27 16:12:34.019797: I tensorflow/core/common_runtime/gpu/pool_allocator.cc:247] PoolAllocator: After 2433581226 get requests, put_count=2433581520 evicted_count=1326000 eviction_rate=0.000544876 and unsatisfied allocation rate=0.000545141
2018-11-27 16:15:17.443249: I tensorflow/core/common_runtime/gpu/pool_allocator.cc:247] PoolAllocator: After 2438563820 get requests, put_count=2438564118 evicted_count=1336000 eviction_rate=0.000547863 and unsatisfied allocation rate=0.000548126
epoch=7 step: 103092 loss 0.2177765 processed: [6.597888]
2018-11-27 16:18:00.644623: I tensorflow/core/common_runtime/gpu/pool_allocator.cc:247] PoolAllocator: After 2443549425 get requests, put_count=2443549717 evicted_count=1346000 eviction_rate=0.000550838 and unsatisfied allocation rate=0.000551103
2018-11-27 16:20:43.679529: I tensorflow/core/common_runtime/gpu/pool_allocator.cc:247] PoolAllocator: After 2448531987 get requests, put_count=2448532283 evicted_count=1356000 eviction_rate=0.000553801 and unsatisfied allocation rate=0.000554064
2018-11-27 16:23:26.834549: I tensorflow/core/common_runtime/gpu/pool_allocator.cc:247] PoolAllocator: After 2453514575 get requests, put_count=2453514875 evicted_count=1366000 eviction_rate=0.000556752 and unsatisfied allocation rate=0.000557013
2018-11-27 16:26:09.806334: I tensorflow/core/common_runtime/gpu/pool_allocator.cc:247] PoolAllocator: After 2458497177 get requests, put_count=2458497478 evicted_count=1376000 eviction_rate=0.000559691 and unsatisfied allocation rate=0.000559951
2018-11-27 16:28:53.365670: I tensorflow/core/common_runtime/gpu/pool_allocator.cc:247] PoolAllocator: After 2463500691 get requests, put_count=2463500954 evicted_count=1386000 eviction_rate=0.000562614 and unsatisfied allocation rate=0.000562888
2018-11-27 16:31:36.276464: I tensorflow/core/common_runtime/gpu/pool_allocator.cc:247] PoolAllocator: After 2468483305 get requests, put_count=2468483572 evicted_count=1396000 eviction_rate=0.000565529 and unsatisfied allocation rate=0.000565802
2018-11-27 16:34:20.159365: I tensorflow/core/common_runtime/gpu/pool_allocator.cc:247] PoolAllocator: After 2473465913 get requests, put_count=2473466184 evicted_count=1406000 eviction_rate=0.000568433 and unsatisfied allocation rate=0.000568703
epoch=7 step: 104654 loss 0.33624527 processed: [6.697856]
2018-11-27 16:37:03.623572: I tensorflow/core/common_runtime/gpu/pool_allocator.cc:247] PoolAllocator: After 2478451470 get requests, put_count=2478451735 evicted_count=1416000 eviction_rate=0.000571324 and unsatisfied allocation rate=0.000571596
2018-11-27 16:39:46.872313: I tensorflow/core/common_runtime/gpu/pool_allocator.cc:247] PoolAllocator: After 2483434024 get requests, put_count=2483434293 evicted_count=1426000 eviction_rate=0.000574205 and unsatisfied allocation rate=0.000574475
2018-11-27 16:42:30.341219: I tensorflow/core/common_runtime/gpu/pool_allocator.cc:247] PoolAllocator: After 2488416612 get requests, put_count=2488416880 evicted_count=1436000 eviction_rate=0.000577074 and unsatisfied allocation rate=0.000577343
2018-11-27 16:45:13.306992: I tensorflow/core/common_runtime/gpu/pool_allocator.cc:247] PoolAllocator: After 2493399205 get requests, put_count=2493399477 evicted_count=1446000 eviction_rate=0.000579931 and unsatisfied allocation rate=0.000580199
2018-11-27 16:47:56.075986: I tensorflow/core/common_runtime/gpu/pool_allocator.cc:247] PoolAllocator: After 2498381781 get requests, put_count=2498382055 evicted_count=1456000 eviction_rate=0.000582777 and unsatisfied allocation rate=0.000583043
2018-11-27 16:50:38.953220: I tensorflow/core/common_runtime/gpu/pool_allocator.cc:247] PoolAllocator: After 2503364363 get requests, put_count=2503364640 evicted_count=1466000 eviction_rate=0.000585612 and unsatisfied allocation rate=0.000585876
epoch=7 step: 106216 loss 0.16800898 processed: [6.797824]
2018-11-27 16:53:22.465188: I tensorflow/core/common_runtime/gpu/pool_allocator.cc:247] PoolAllocator: After 2508349997 get requests, put_count=2508350268 evicted_count=1476000 eviction_rate=0.000588435 and unsatisfied allocation rate=0.000588701
2018-11-27 16:56:05.333036: I tensorflow/core/common_runtime/gpu/pool_allocator.cc:247] PoolAllocator: After 2513332616 get requests, put_count=2513332891 evicted_count=1486000 eviction_rate=0.000591247 and unsatisfied allocation rate=0.000591511
2018-11-27 16:58:48.263934: I tensorflow/core/common_runtime/gpu/pool_allocator.cc:247] PoolAllocator: After 2518315186 get requests, put_count=2518315465 evicted_count=1496000 eviction_rate=0.000594048 and unsatisfied allocation rate=0.00059431
2018-11-27 17:01:31.348551: I tensorflow/core/common_runtime/gpu/pool_allocator.cc:247] PoolAllocator: After 2523297809 get requests, put_count=2523298086 evicted_count=1506000 eviction_rate=0.000596838 and unsatisfied allocation rate=0.0005971
2018-11-27 17:04:14.369223: I tensorflow/core/common_runtime/gpu/pool_allocator.cc:247] PoolAllocator: After 2528280358 get requests, put_count=2528280639 evicted_count=1516000 eviction_rate=0.000599617 and unsatisfied allocation rate=0.000599877
2018-11-27 17:06:57.177328: I tensorflow/core/common_runtime/gpu/pool_allocator.cc:247] PoolAllocator: After 2533263035 get requests, put_count=2533263320 evicted_count=1526000 eviction_rate=0.000602385 and unsatisfied allocation rate=0.000602643
2018-11-27 17:09:40.091762: I tensorflow/core/common_runtime/gpu/pool_allocator.cc:247] PoolAllocator: After 2538245625 get requests, put_count=2538245914 evicted_count=1536000 eviction_rate=0.000605142 and unsatisfied allocation rate=0.000605398
epoch=7 step: 107778 loss 0.20560832 processed: [6.897792]
2018-11-27 17:12:23.547644: I tensorflow/core/common_runtime/gpu/pool_allocator.cc:247] PoolAllocator: After 2543231211 get requests, put_count=2543231494 evicted_count=1546000 eviction_rate=0.000607888 and unsatisfied allocation rate=0.000608146
2018-11-27 17:15:06.341009: I tensorflow/core/common_runtime/gpu/pool_allocator.cc:247] PoolAllocator: After 2548213825 get requests, put_count=2548214109 evicted_count=1556000 eviction_rate=0.000610624 and unsatisfied allocation rate=0.000610881
2018-11-27 17:17:49.107389: I tensorflow/core/common_runtime/gpu/pool_allocator.cc:247] PoolAllocator: After 2553196388 get requests, put_count=2553196676 evicted_count=1566000 eviction_rate=0.000613349 and unsatisfied allocation rate=0.000613604
2018-11-27 17:20:31.561250: I tensorflow/core/common_runtime/gpu/pool_allocator.cc:247] PoolAllocator: After 2558178889 get requests, put_count=2558179181 evicted_count=1576000 eviction_rate=0.000616063 and unsatisfied allocation rate=0.000616316
2018-11-27 17:23:14.351838: I tensorflow/core/common_runtime/gpu/pool_allocator.cc:247] PoolAllocator: After 2563161460 get requests, put_count=2563161756 evicted_count=1586000 eviction_rate=0.000618767 and unsatisfied allocation rate=0.000619018
2018-11-27 17:25:56.993762: I tensorflow/core/common_runtime/gpu/pool_allocator.cc:247] PoolAllocator: After 2568144057 get requests, put_count=2568144357 evicted_count=1596000 eviction_rate=0.00062146 and unsatisfied allocation rate=0.000621709
epoch=7 step: 109340 loss 0.07683805 processed: [6.99776]
('R10_1', 0.7502650159009541)
('R10_2', 0.8644318659119548)
('R10_5', 0.9650579034742085)
('R2_1', 0.9334960097605857)
save evaluate_step: 7
2018-11-27 18:21:38
0.083681
epoch=6 save model
learning rate 0.0001875
2018-11-27 18:21:40
starting shuffle train data
finish building train data
2018-11-27 18:22:35.997333: I tensorflow/core/common_runtime/gpu/pool_allocator.cc:247] PoolAllocator: After 2620386331 get requests, put_count=2620386615 evicted_count=1606000 eviction_rate=0.000612887 and unsatisfied allocation rate=0.000613137
2018-11-27 18:25:15.949601: I tensorflow/core/common_runtime/gpu/pool_allocator.cc:247] PoolAllocator: After 2625368833 get requests, put_count=2625369121 evicted_count=1616000 eviction_rate=0.000615532 and unsatisfied allocation rate=0.000615781
2018-11-27 18:27:55.285755: I tensorflow/core/common_runtime/gpu/pool_allocator.cc:247] PoolAllocator: After 2630351407 get requests, put_count=2630351699 evicted_count=1626000 eviction_rate=0.000618168 and unsatisfied allocation rate=0.000618414
2018-11-27 18:30:34.409858: I tensorflow/core/common_runtime/gpu/pool_allocator.cc:247] PoolAllocator: After 2635333991 get requests, put_count=2635334287 evicted_count=1636000 eviction_rate=0.000620794 and unsatisfied allocation rate=0.000621038
2018-11-27 18:33:13.563583: I tensorflow/core/common_runtime/gpu/pool_allocator.cc:247] PoolAllocator: After 2640316629 get requests, put_count=2640316929 evicted_count=1646000 eviction_rate=0.00062341 and unsatisfied allocation rate=0.000623652
2018-11-27 18:35:53.925538: I tensorflow/core/common_runtime/gpu/pool_allocator.cc:247] PoolAllocator: After 2645320156 get requests, put_count=2645320418 evicted_count=1656000 eviction_rate=0.000626011 and unsatisfied allocation rate=0.000626267
2018-11-27 18:38:34.766652: I tensorflow/core/common_runtime/gpu/pool_allocator.cc:247] PoolAllocator: After 2650302740 get requests, put_count=2650303006 evicted_count=1666000 eviction_rate=0.000628607 and unsatisfied allocation rate=0.000628861
epoch=8 step: 110902 loss 0.08983604 processed: [7.097728]
2018-11-27 18:41:18.058725: I tensorflow/core/common_runtime/gpu/pool_allocator.cc:247] PoolAllocator: After 2655288355 get requests, put_count=2655288615 evicted_count=1676000 eviction_rate=0.000631193 and unsatisfied allocation rate=0.000631449
2018-11-27 18:44:00.868146: I tensorflow/core/common_runtime/gpu/pool_allocator.cc:247] PoolAllocator: After 2660270989 get requests, put_count=2660271253 evicted_count=1686000 eviction_rate=0.00063377 and unsatisfied allocation rate=0.000634024
2018-11-27 18:46:43.129718: I tensorflow/core/common_runtime/gpu/pool_allocator.cc:247] PoolAllocator: After 2665253665 get requests, put_count=2665253933 evicted_count=1696000 eviction_rate=0.000636337 and unsatisfied allocation rate=0.000636589
2018-11-27 18:49:25.135942: I tensorflow/core/common_runtime/gpu/pool_allocator.cc:247] PoolAllocator: After 2670236198 get requests, put_count=2670236470 evicted_count=1706000 eviction_rate=0.000638895 and unsatisfied allocation rate=0.000639145
2018-11-27 18:52:07.014399: I tensorflow/core/common_runtime/gpu/pool_allocator.cc:247] PoolAllocator: After 2675218772 get requests, put_count=2675219048 evicted_count=1716000 eviction_rate=0.000641443 and unsatisfied allocation rate=0.000641691
2018-11-27 18:54:49.011465: I tensorflow/core/common_runtime/gpu/pool_allocator.cc:247] PoolAllocator: After 2680201434 get requests, put_count=2680201714 evicted_count=1726000 eviction_rate=0.000643981 and unsatisfied allocation rate=0.000644227
epoch=8 step: 112464 loss 0.06459741 processed: [7.197696]
2018-11-27 18:57:31.366615: I tensorflow/core/common_runtime/gpu/pool_allocator.cc:247] PoolAllocator: After 2685187126 get requests, put_count=2685187399 evicted_count=1736000 eviction_rate=0.00064651 and unsatisfied allocation rate=0.000646758
2018-11-27 19:00:13.301284: I tensorflow/core/common_runtime/gpu/pool_allocator.cc:247] PoolAllocator: After 2690169668 get requests, put_count=2690169944 evicted_count=1746000 eviction_rate=0.00064903 and unsatisfied allocation rate=0.000649276
2018-11-27 19:02:55.274070: I tensorflow/core/common_runtime/gpu/pool_allocator.cc:247] PoolAllocator: After 2695152243 get requests, put_count=2695152523 evicted_count=1756000 eviction_rate=0.00065154 and unsatisfied allocation rate=0.000651785
2018-11-27 19:05:37.270591: I tensorflow/core/common_runtime/gpu/pool_allocator.cc:247] PoolAllocator: After 2700134856 get requests, put_count=2700135140 evicted_count=1766000 eviction_rate=0.000654041 and unsatisfied allocation rate=0.000654284
2018-11-27 19:08:19.123862: I tensorflow/core/common_runtime/gpu/pool_allocator.cc:247] PoolAllocator: After 2705117440 get requests, put_count=2705117728 evicted_count=1776000 eviction_rate=0.000656533 and unsatisfied allocation rate=0.000656774
2018-11-27 19:11:00.800856: I tensorflow/core/common_runtime/gpu/pool_allocator.cc:247] PoolAllocator: After 2710100058 get requests, put_count=2710100347 evicted_count=1786000 eviction_rate=0.000659016 and unsatisfied allocation rate=0.000659256
2018-11-27 19:13:42.580673: I tensorflow/core/common_runtime/gpu/pool_allocator.cc:247] PoolAllocator: After 2715082596 get requests, put_count=2715082888 evicted_count=1796000 eviction_rate=0.00066149 and unsatisfied allocation rate=0.000661728
epoch=8 step: 114026 loss 0.075133026 processed: [7.297664]
2018-11-27 19:16:24.378032: I tensorflow/core/common_runtime/gpu/pool_allocator.cc:247] PoolAllocator: After 2720068141 get requests, put_count=2720068427 evicted_count=1806000 eviction_rate=0.000663954 and unsatisfied allocation rate=0.000664194
2018-11-27 19:19:06.237587: I tensorflow/core/common_runtime/gpu/pool_allocator.cc:247] PoolAllocator: After 2725050809 get requests, put_count=2725051099 evicted_count=1816000 eviction_rate=0.00066641 and unsatisfied allocation rate=0.000666648
2018-11-27 19:21:47.789479: I tensorflow/core/common_runtime/gpu/pool_allocator.cc:247] PoolAllocator: After 2730033420 get requests, put_count=2730033714 evicted_count=1826000 eviction_rate=0.000668856 and unsatisfied allocation rate=0.000669093
2018-11-27 19:24:29.350276: I tensorflow/core/common_runtime/gpu/pool_allocator.cc:247] PoolAllocator: After 2735016046 get requests, put_count=2735016344 evicted_count=1836000 eviction_rate=0.000671294 and unsatisfied allocation rate=0.000671528
2018-11-27 19:27:11.546913: I tensorflow/core/common_runtime/gpu/pool_allocator.cc:247] PoolAllocator: After 2740019548 get requests, put_count=2740019808 evicted_count=1846000 eviction_rate=0.000673718 and unsatisfied allocation rate=0.000673966
2018-11-27 19:29:53.292377: I tensorflow/core/common_runtime/gpu/pool_allocator.cc:247] PoolAllocator: After 2745002125 get requests, put_count=2745002389 evicted_count=1856000 eviction_rate=0.000676138 and unsatisfied allocation rate=0.000676384
epoch=8 step: 115588 loss 0.15060109 processed: [7.397632]
2018-11-27 19:32:34.217162: I tensorflow/core/common_runtime/gpu/pool_allocator.cc:247] PoolAllocator: After 2749966831 get requests, put_count=2749967131 evicted_count=1866000 eviction_rate=0.000678554 and unsatisfied allocation rate=0.000678786
2018-11-27 19:35:16.253725: I tensorflow/core/common_runtime/gpu/pool_allocator.cc:247] PoolAllocator: After 2754970325 get requests, put_count=2754970587 evicted_count=1876000 eviction_rate=0.000680951 and unsatisfied allocation rate=0.000681197
2018-11-27 19:37:57.881268: I tensorflow/core/common_runtime/gpu/pool_allocator.cc:247] PoolAllocator: After 2759952938 get requests, put_count=2759953201 evicted_count=1886000 eviction_rate=0.000683345 and unsatisfied allocation rate=0.00068359
2018-11-27 19:40:39.577840: I tensorflow/core/common_runtime/gpu/pool_allocator.cc:247] PoolAllocator: After 2764935505 get requests, put_count=2764935772 evicted_count=1896000 eviction_rate=0.00068573 and unsatisfied allocation rate=0.000685973
2018-11-27 19:43:21.213501: I tensorflow/core/common_runtime/gpu/pool_allocator.cc:247] PoolAllocator: After 2769918077 get requests, put_count=2769918348 evicted_count=1906000 eviction_rate=0.000688107 and unsatisfied allocation rate=0.000688348
2018-11-27 19:46:02.950678: I tensorflow/core/common_runtime/gpu/pool_allocator.cc:247] PoolAllocator: After 2774900650 get requests, put_count=2774900925 evicted_count=1916000 eviction_rate=0.000690475 and unsatisfied allocation rate=0.000690714
2018-11-27 19:48:44.653400: I tensorflow/core/common_runtime/gpu/pool_allocator.cc:247] PoolAllocator: After 2779883265 get requests, put_count=2779883543 evicted_count=1926000 eviction_rate=0.000692835 and unsatisfied allocation rate=0.000693073
epoch=8 step: 117150 loss 0.07236422 processed: [7.4976]
2018-11-27 19:51:26.549377: I tensorflow/core/common_runtime/gpu/pool_allocator.cc:247] PoolAllocator: After 2784868819 get requests, put_count=2784869091 evicted_count=1936000 eviction_rate=0.000695185 and unsatisfied allocation rate=0.000695425
2018-11-27 19:54:08.003151: I tensorflow/core/common_runtime/gpu/pool_allocator.cc:247] PoolAllocator: After 2789851326 get requests, put_count=2789851602 evicted_count=1946000 eviction_rate=0.000697528 and unsatisfied allocation rate=0.000697766
2018-11-27 19:56:49.545676: I tensorflow/core/common_runtime/gpu/pool_allocator.cc:247] PoolAllocator: After 2794833902 get requests, put_count=2794834182 evicted_count=1956000 eviction_rate=0.000699863 and unsatisfied allocation rate=0.000700098
2018-11-27 19:59:31.196575: I tensorflow/core/common_runtime/gpu/pool_allocator.cc:247] PoolAllocator: After 2799816425 get requests, put_count=2799816709 evicted_count=1966000 eviction_rate=0.000702189 and unsatisfied allocation rate=0.000702423
2018-11-27 20:02:12.550095: I tensorflow/core/common_runtime/gpu/pool_allocator.cc:247] PoolAllocator: After 2804798953 get requests, put_count=2804799241 evicted_count=1976000 eviction_rate=0.000704507 and unsatisfied allocation rate=0.000704739
2018-11-27 20:04:54.049177: I tensorflow/core/common_runtime/gpu/pool_allocator.cc:247] PoolAllocator: After 2809781525 get requests, put_count=2809781817 evicted_count=1986000 eviction_rate=0.000706816 and unsatisfied allocation rate=0.000707047
2018-11-27 20:07:35.446039: I tensorflow/core/common_runtime/gpu/pool_allocator.cc:247] PoolAllocator: After 2814764062 get requests, put_count=2814764358 evicted_count=1996000 eviction_rate=0.000709118 and unsatisfied allocation rate=0.000709346
epoch=8 step: 118712 loss 0.10519297 processed: [7.597568]
2018-11-27 20:10:16.953443: I tensorflow/core/common_runtime/gpu/pool_allocator.cc:247] PoolAllocator: After 2819749650 get requests, put_count=2819749940 evicted_count=2006000 eviction_rate=0.000711411 and unsatisfied allocation rate=0.000711641
2018-11-27 20:12:58.283457: I tensorflow/core/common_runtime/gpu/pool_allocator.cc:247] PoolAllocator: After 2824732234 get requests, put_count=2824732528 evicted_count=2016000 eviction_rate=0.000713696 and unsatisfied allocation rate=0.000713924
2018-11-27 20:15:39.602854: I tensorflow/core/common_runtime/gpu/pool_allocator.cc:247] PoolAllocator: After 2829714773 get requests, put_count=2829715071 evicted_count=2026000 eviction_rate=0.000715973 and unsatisfied allocation rate=0.0007162
2018-11-27 20:18:21.956557: I tensorflow/core/common_runtime/gpu/pool_allocator.cc:247] PoolAllocator: After 2834718275 get requests, put_count=2834718535 evicted_count=2036000 eviction_rate=0.000718237 and unsatisfied allocation rate=0.000718477
2018-11-27 20:21:03.167775: I tensorflow/core/common_runtime/gpu/pool_allocator.cc:247] PoolAllocator: After 2839700855 get requests, put_count=2839701119 evicted_count=2046000 eviction_rate=0.000720498 and unsatisfied allocation rate=0.000720736
2018-11-27 20:23:44.540424: I tensorflow/core/common_runtime/gpu/pool_allocator.cc:247] PoolAllocator: After 2844683419 get requests, put_count=2844683687 evicted_count=2056000 eviction_rate=0.000722752 and unsatisfied allocation rate=0.000722988
epoch=8 step: 120274 loss 0.1645289 processed: [7.697536]
2018-11-27 20:26:25.960222: I tensorflow/core/common_runtime/gpu/pool_allocator.cc:247] PoolAllocator: After 2849669035 get requests, put_count=2849669297 evicted_count=2066000 eviction_rate=0.000724996 and unsatisfied allocation rate=0.000725234
2018-11-27 20:29:07.105037: I tensorflow/core/common_runtime/gpu/pool_allocator.cc:247] PoolAllocator: After 2854651569 get requests, put_count=2854651835 evicted_count=2076000 eviction_rate=0.000727234 and unsatisfied allocation rate=0.00072747
2018-11-27 20:31:48.628425: I tensorflow/core/common_runtime/gpu/pool_allocator.cc:247] PoolAllocator: After 2859634134 get requests, put_count=2859634404 evicted_count=2086000 eviction_rate=0.000729464 and unsatisfied allocation rate=0.000729698
2018-11-27 20:34:30.101774: I tensorflow/core/common_runtime/gpu/pool_allocator.cc:247] PoolAllocator: After 2864616660 get requests, put_count=2864616934 evicted_count=2096000 eviction_rate=0.000731686 and unsatisfied allocation rate=0.000731918
2018-11-27 20:37:11.404959: I tensorflow/core/common_runtime/gpu/pool_allocator.cc:247] PoolAllocator: After 2869599231 get requests, put_count=2869599509 evicted_count=2106000 eviction_rate=0.0007339 and unsatisfied allocation rate=0.000734131
2018-11-27 20:39:52.765571: I tensorflow/core/common_runtime/gpu/pool_allocator.cc:247] PoolAllocator: After 2874581796 get requests, put_count=2874582075 evicted_count=2116000 eviction_rate=0.000736107 and unsatisfied allocation rate=0.000736337
2018-11-27 20:42:34.107255: I tensorflow/core/common_runtime/gpu/pool_allocator.cc:247] PoolAllocator: After 2879564352 get requests, put_count=2879564635 evicted_count=2126000 eviction_rate=0.000738306 and unsatisfied allocation rate=0.000738534
epoch=8 step: 121836 loss 0.08829884 processed: [7.797504]
2018-11-27 20:45:14.351932: I tensorflow/core/common_runtime/gpu/pool_allocator.cc:247] PoolAllocator: After 2884508093 get requests, put_count=2884508378 evicted_count=2136000 eviction_rate=0.000740507 and unsatisfied allocation rate=0.000740734
2018-11-27 20:47:52.267883: I tensorflow/core/common_runtime/gpu/pool_allocator.cc:247] PoolAllocator: After 2889386025 get requests, put_count=2889386291 evicted_count=2146000 eviction_rate=0.000742718 and unsatisfied allocation rate=0.000742951
2018-11-27 20:50:29.539919: I tensorflow/core/common_runtime/gpu/pool_allocator.cc:247] PoolAllocator: After 2894243059 get requests, put_count=2894243349 evicted_count=2156000 eviction_rate=0.000744927 and unsatisfied allocation rate=0.000745151
2018-11-27 20:53:07.597121: I tensorflow/core/common_runtime/gpu/pool_allocator.cc:247] PoolAllocator: After 2899120961 get requests, put_count=2899121232 evicted_count=2166000 eviction_rate=0.000747123 and unsatisfied allocation rate=0.000747353
2018-11-27 20:55:44.693082: I tensorflow/core/common_runtime/gpu/pool_allocator.cc:247] PoolAllocator: After 2903977856 get requests, put_count=2903978151 evicted_count=2176000 eviction_rate=0.000749317 and unsatisfied allocation rate=0.000749539
2018-11-27 20:58:22.329633: I tensorflow/core/common_runtime/gpu/pool_allocator.cc:247] PoolAllocator: After 2908855754 get requests, put_count=2908856030 evicted_count=2186000 eviction_rate=0.000751498 and unsatisfied allocation rate=0.000751726
epoch=8 step: 123398 loss 0.07398334 processed: [7.897472]
2018-11-27 21:00:59.678815: I tensorflow/core/common_runtime/gpu/pool_allocator.cc:247] PoolAllocator: After 2913715736 get requests, put_count=2913716022 evicted_count=2196000 eviction_rate=0.000753677 and unsatisfied allocation rate=0.000753901
2018-11-27 21:03:37.455128: I tensorflow/core/common_runtime/gpu/pool_allocator.cc:247] PoolAllocator: After 2918593656 get requests, put_count=2918593923 evicted_count=2206000 eviction_rate=0.000755843 and unsatisfied allocation rate=0.000756074
2018-11-27 21:06:14.641079: I tensorflow/core/common_runtime/gpu/pool_allocator.cc:247] PoolAllocator: After 2923450636 get requests, put_count=2923450926 evicted_count=2216000 eviction_rate=0.000758008 and unsatisfied allocation rate=0.00075823
2018-11-27 21:08:52.410000: I tensorflow/core/common_runtime/gpu/pool_allocator.cc:247] PoolAllocator: After 2928328581 get requests, put_count=2928328849 evicted_count=2226000 eviction_rate=0.000760161 and unsatisfied allocation rate=0.00076039
2018-11-27 21:11:29.535263: I tensorflow/core/common_runtime/gpu/pool_allocator.cc:247] PoolAllocator: After 2933185558 get requests, put_count=2933185850 evicted_count=2236000 eviction_rate=0.000762311 and unsatisfied allocation rate=0.000762532
2018-11-27 21:14:07.091880: I tensorflow/core/common_runtime/gpu/pool_allocator.cc:247] PoolAllocator: After 2938063438 get requests, put_count=2938063711 evicted_count=2246000 eviction_rate=0.000764449 and unsatisfied allocation rate=0.000764676
2018-11-27 21:16:44.162986: I tensorflow/core/common_runtime/gpu/pool_allocator.cc:247] PoolAllocator: After 2942920370 get requests, put_count=2942920667 evicted_count=2256000 eviction_rate=0.000766585 and unsatisfied allocation rate=0.000766804
epoch=8 step: 124960 loss 0.13412839 processed: [7.99744]
('R10_1', 0.7423845430725844)
('R10_2', 0.8579514770886253)
('R10_5', 0.9607576454587275)
('R2_1', 0.9292957577454647)
save evaluate_step: 8
2018-11-27 22:12:16
0.061629906
epoch=7 save model
learning rate 0.0001875
2018-11-27 22:12:17
train time:31.0877 h
