nohup: 忽略输入
starting loading data
2018-12-02 18:11:18
finish loading data
2018-12-02 18:17:02
batch_num 25000
configurations {'keep_prob': 0.7, 'data_path': '../../data/ubuntu/data.pkl', 'word_layers_itg': 2, 'evaluate_step': 25000, 'filter_size': 3, 'filter_h': 3, 'hidden_embedding_dim': 200, 'emb_train': False, 'embedding_file': '../../data/ubuntu/word_embedding.pkl', 'CPU': '/cpu:0', 'epoch': 4, 'lr': 0.001, 'save_path': 'Gcnn_v3_test/version4/', 'word_layers_enc': 2, 'print_step': 2500, '_EOS_': 28270, 'word_embedding_dim': 200, 'batch_size': 40, 'max_turn_num': 10, 'final_n_class': 1, 'word_layers_agg': 2, 'max_turn_len': 50, 'train_steps': 100000, 'output_path': 'Gcnn_v3_output/version4/', 'init_model': 'Gcnn_v3_model/version4/'}
2018-12-02 18:17:30.211477: W tensorflow/core/platform/cpu_feature_guard.cc:45] The TensorFlow library wasn't compiled to use SSE4.1 instructions, but these are available on your machine and could speed up CPU computations.
2018-12-02 18:17:30.211494: W tensorflow/core/platform/cpu_feature_guard.cc:45] The TensorFlow library wasn't compiled to use SSE4.2 instructions, but these are available on your machine and could speed up CPU computations.
2018-12-02 18:17:30.211498: W tensorflow/core/platform/cpu_feature_guard.cc:45] The TensorFlow library wasn't compiled to use AVX instructions, but these are available on your machine and could speed up CPU computations.
2018-12-02 18:17:30.211501: W tensorflow/core/platform/cpu_feature_guard.cc:45] The TensorFlow library wasn't compiled to use AVX2 instructions, but these are available on your machine and could speed up CPU computations.
2018-12-02 18:17:30.211504: W tensorflow/core/platform/cpu_feature_guard.cc:45] The TensorFlow library wasn't compiled to use FMA instructions, but these are available on your machine and could speed up CPU computations.
2018-12-02 18:17:30.327909: I tensorflow/stream_executor/cuda/cuda_gpu_executor.cc:893] successful NUMA node read from SysFS had negative value (-1), but there must be at least one NUMA node, so returning NUMA node zero
2018-12-02 18:17:30.328349: I tensorflow/core/common_runtime/gpu/gpu_device.cc:940] Found device 0 with properties: 
name: GeForce GTX 1070
major: 6 minor: 1 memoryClockRate (GHz) 1.683
pciBusID 0000:02:00.0
Total memory: 7.92GiB
Free memory: 7.83GiB
2018-12-02 18:17:30.328360: I tensorflow/core/common_runtime/gpu/gpu_device.cc:961] DMA: 0 
2018-12-02 18:17:30.328364: I tensorflow/core/common_runtime/gpu/gpu_device.cc:971] 0:   Y 
2018-12-02 18:17:30.328370: I tensorflow/core/common_runtime/gpu/gpu_device.cc:1030] Creating TensorFlow device (/gpu:0) -> (device: 0, name: GeForce GTX 1070, pci bus id: 0000:02:00.0)
starting shuffle train data
finish building train data
2018-12-02 18:18:53.473881: I tensorflow/core/common_runtime/gpu/pool_allocator.cc:247] PoolAllocator: After 2001 get requests, put_count=1247 evicted_count=1000 eviction_rate=0.801925 and unsatisfied allocation rate=0.926537
2018-12-02 18:18:53.473909: I tensorflow/core/common_runtime/gpu/pool_allocator.cc:259] Raising pool_size_limit_ from 100 to 110
2018-12-02 18:18:56.477326: I tensorflow/core/common_runtime/gpu/pool_allocator.cc:247] PoolAllocator: After 2004 get requests, put_count=2340 evicted_count=2000 eviction_rate=0.854701 and unsatisfied allocation rate=0.838323
2018-12-02 18:18:56.477360: I tensorflow/core/common_runtime/gpu/pool_allocator.cc:259] Raising pool_size_limit_ from 176 to 193
2018-12-02 18:18:59.593058: I tensorflow/core/common_runtime/gpu/pool_allocator.cc:247] PoolAllocator: After 0 get requests, put_count=1030 evicted_count=1000 eviction_rate=0.970874 and unsatisfied allocation rate=0
2018-12-02 18:19:03.614725: I tensorflow/core/common_runtime/gpu/pool_allocator.cc:247] PoolAllocator: After 2004 get requests, put_count=1860 evicted_count=1000 eviction_rate=0.537634 and unsatisfied allocation rate=0.600299
2018-12-02 18:19:03.614757: I tensorflow/core/common_runtime/gpu/pool_allocator.cc:259] Raising pool_size_limit_ from 655 to 720
2018-12-02 18:19:11.451669: I tensorflow/core/common_runtime/gpu/pool_allocator.cc:247] PoolAllocator: After 6007 get requests, put_count=6203 evicted_count=1000 eviction_rate=0.161212 and unsatisfied allocation rate=0.15715
2018-12-02 18:19:11.451708: I tensorflow/core/common_runtime/gpu/pool_allocator.cc:259] Raising pool_size_limit_ from 1540 to 1694
epoch=1 step: 2500 loss nan processed: [0.1]
