nohup: 忽略输入
starting loading data
2018-11-29 17:24:10
finish loading data
2018-11-29 17:26:45
batch_num 15625
configurations {'data_path': '../../data/douban/data.pkl', 'word_layers_itg': 2, 'evaluate_step': 15625, 'filter_size': 3, 'filter_h': 3, 'train_steps': 125000, 'emb_train': False, 'CPU': '/cpu:0', 'embedding_file': '../../data/douban/word_embedding.pkl', 'hidden_embedding_dim': 200, 'epoch': 8, 'lr': 0.001, 'save_path': 'Gcnn_v11_test/version_2/', 'word_layers_enc': 2, 'print_step': 1562, '_EOS_': 1, 'word_embedding_dim': 200, 'batch_size': 64, 'max_turn_num': 10, 'final_n_class': 1, 'word_layers_agg': 2, 'max_turn_len': 50, 'output_path': 'Gcnn_v11_output/version_2/', 'init_model': 'Gcnn_v11_model/version_2/'}
2018-11-29 17:26:45.801104: W tensorflow/core/platform/cpu_feature_guard.cc:45] The TensorFlow library wasn't compiled to use SSE4.1 instructions, but these are available on your machine and could speed up CPU computations.
2018-11-29 17:26:45.801122: W tensorflow/core/platform/cpu_feature_guard.cc:45] The TensorFlow library wasn't compiled to use SSE4.2 instructions, but these are available on your machine and could speed up CPU computations.
2018-11-29 17:26:45.801126: W tensorflow/core/platform/cpu_feature_guard.cc:45] The TensorFlow library wasn't compiled to use AVX instructions, but these are available on your machine and could speed up CPU computations.
2018-11-29 17:26:45.801129: W tensorflow/core/platform/cpu_feature_guard.cc:45] The TensorFlow library wasn't compiled to use AVX2 instructions, but these are available on your machine and could speed up CPU computations.
2018-11-29 17:26:45.801132: W tensorflow/core/platform/cpu_feature_guard.cc:45] The TensorFlow library wasn't compiled to use FMA instructions, but these are available on your machine and could speed up CPU computations.
2018-11-29 17:26:45.916682: I tensorflow/stream_executor/cuda/cuda_gpu_executor.cc:893] successful NUMA node read from SysFS had negative value (-1), but there must be at least one NUMA node, so returning NUMA node zero
2018-11-29 17:26:45.917142: I tensorflow/core/common_runtime/gpu/gpu_device.cc:940] Found device 0 with properties: 
name: GeForce GTX 1070
major: 6 minor: 1 memoryClockRate (GHz) 1.683
pciBusID 0000:01:00.0
Total memory: 7.92GiB
Free memory: 7.79GiB
2018-11-29 17:26:45.917153: I tensorflow/core/common_runtime/gpu/gpu_device.cc:961] DMA: 0 
2018-11-29 17:26:45.917157: I tensorflow/core/common_runtime/gpu/gpu_device.cc:971] 0:   Y 
2018-11-29 17:26:45.917163: I tensorflow/core/common_runtime/gpu/gpu_device.cc:1030] Creating TensorFlow device (/gpu:0) -> (device: 0, name: GeForce GTX 1070, pci bus id: 0000:01:00.0)
starting shuffle train data
finish building train data
2018-11-29 17:28:13.233770: I tensorflow/core/common_runtime/gpu/pool_allocator.cc:247] PoolAllocator: After 30711 get requests, put_count=10388 evicted_count=1000 eviction_rate=0.0962649 and unsatisfied allocation rate=0.697568
2018-11-29 17:28:13.233807: I tensorflow/core/common_runtime/gpu/pool_allocator.cc:259] Raising pool_size_limit_ from 100 to 110
2018-11-29 17:28:13.435190: I tensorflow/core/common_runtime/gpu/pool_allocator.cc:247] PoolAllocator: After 1240 get requests, put_count=5257 evicted_count=4000 eviction_rate=0.76089 and unsatisfied allocation rate=0
2018-11-29 17:28:13.750003: I tensorflow/core/common_runtime/gpu/pool_allocator.cc:247] PoolAllocator: After 1958 get requests, put_count=2881 evicted_count=1000 eviction_rate=0.347102 and unsatisfied allocation rate=0.0490296
2018-11-29 17:28:13.750035: I tensorflow/core/common_runtime/gpu/pool_allocator.cc:259] Raising pool_size_limit_ from 212 to 233
2018-11-29 17:28:14.211470: I tensorflow/core/common_runtime/gpu/pool_allocator.cc:247] PoolAllocator: After 2585 get requests, put_count=3493 evicted_count=1000 eviction_rate=0.286287 and unsatisfied allocation rate=0.0464217
2018-11-29 17:28:14.211502: I tensorflow/core/common_runtime/gpu/pool_allocator.cc:259] Raising pool_size_limit_ from 309 to 339
2018-11-29 17:28:14.350148: I tensorflow/core/common_runtime/gpu/pool_allocator.cc:247] PoolAllocator: After 2860 get requests, put_count=11893 evicted_count=9000 eviction_rate=0.756748 and unsatisfied allocation rate=0
2018-11-29 17:28:14.642688: I tensorflow/core/common_runtime/gpu/pool_allocator.cc:247] PoolAllocator: After 10412 get requests, put_count=29444 evicted_count=19000 eviction_rate=0.645293 and unsatisfied allocation rate=9.6043e-05
2018-11-29 17:28:15.155177: I tensorflow/core/common_runtime/gpu/pool_allocator.cc:247] PoolAllocator: After 9680 get requests, put_count=16711 evicted_count=7000 eviction_rate=0.418886 and unsatisfied allocation rate=0.000929752
2018-11-29 17:28:15.471546: I tensorflow/core/common_runtime/gpu/pool_allocator.cc:247] PoolAllocator: After 17324 get requests, put_count=34354 evicted_count=17000 eviction_rate=0.494848 and unsatisfied allocation rate=0.000577234
2018-11-29 17:28:15.960170: I tensorflow/core/common_runtime/gpu/pool_allocator.cc:247] PoolAllocator: After 10440 get requests, put_count=13477 evicted_count=3000 eviction_rate=0.222601 and unsatisfied allocation rate=0.000670498
2018-11-29 17:28:16.084999: I tensorflow/core/common_runtime/gpu/pool_allocator.cc:247] PoolAllocator: After 13680 get requests, put_count=26717 evicted_count=13000 eviction_rate=0.486582 and unsatisfied allocation rate=0.000511696
2018-11-29 17:28:16.392223: I tensorflow/core/common_runtime/gpu/pool_allocator.cc:247] PoolAllocator: After 21195 get requests, put_count=44231 evicted_count=23000 eviction_rate=0.519997 and unsatisfied allocation rate=0.000377448
2018-11-29 17:28:16.900088: I tensorflow/core/common_runtime/gpu/pool_allocator.cc:247] PoolAllocator: After 11300 get requests, put_count=19341 evicted_count=8000 eviction_rate=0.413629 and unsatisfied allocation rate=0.000707965
2018-11-29 17:28:17.217406: I tensorflow/core/common_runtime/gpu/pool_allocator.cc:247] PoolAllocator: After 18913 get requests, put_count=36953 evicted_count=18000 eviction_rate=0.487105 and unsatisfied allocation rate=0.000475863
2018-11-29 17:28:17.719801: I tensorflow/core/common_runtime/gpu/pool_allocator.cc:247] PoolAllocator: After 10884 get requests, put_count=14938 evicted_count=4000 eviction_rate=0.267773 and unsatisfied allocation rate=0
2018-11-29 17:28:17.847649: I tensorflow/core/common_runtime/gpu/pool_allocator.cc:247] PoolAllocator: After 14024 get requests, put_count=28078 evicted_count=14000 eviction_rate=0.498611 and unsatisfied allocation rate=0
2018-11-29 17:28:18.133794: I tensorflow/core/common_runtime/gpu/pool_allocator.cc:247] PoolAllocator: After 21411 get requests, put_count=45464 evicted_count=24000 eviction_rate=0.52789 and unsatisfied allocation rate=4.6705e-05
2018-11-29 17:28:18.652107: I tensorflow/core/common_runtime/gpu/pool_allocator.cc:247] PoolAllocator: After 11000 get requests, put_count=20059 evicted_count=9000 eviction_rate=0.448676 and unsatisfied allocation rate=0
2018-11-29 17:28:18.958166: I tensorflow/core/common_runtime/gpu/pool_allocator.cc:247] PoolAllocator: After 18623 get requests, put_count=37681 evicted_count=19000 eviction_rate=0.504233 and unsatisfied allocation rate=5.3697e-05
2018-11-29 17:28:19.453806: I tensorflow/core/common_runtime/gpu/pool_allocator.cc:247] PoolAllocator: After 11000 get requests, put_count=16065 evicted_count=5000 eviction_rate=0.311236 and unsatisfied allocation rate=0
2018-11-29 17:28:19.584407: I tensorflow/core/common_runtime/gpu/pool_allocator.cc:247] PoolAllocator: After 14140 get requests, put_count=29204 evicted_count=15000 eviction_rate=0.513628 and unsatisfied allocation rate=7.07214e-05
2018-11-29 17:28:20.222499: I tensorflow/core/common_runtime/gpu/pool_allocator.cc:247] PoolAllocator: After 62010 get requests, put_count=62777 evicted_count=25000 eviction_rate=0.398235 and unsatisfied allocation rate=0.39184
2018-11-29 17:28:20.222530: I tensorflow/core/common_runtime/gpu/pool_allocator.cc:259] Raising pool_size_limit_ from 720 to 792
2018-11-29 17:28:20.396687: I tensorflow/core/common_runtime/gpu/pool_allocator.cc:247] PoolAllocator: After 9415 get requests, put_count=19487 evicted_count=10000 eviction_rate=0.513163 and unsatisfied allocation rate=0
2018-11-29 17:28:20.697933: I tensorflow/core/common_runtime/gpu/pool_allocator.cc:247] PoolAllocator: After 17007 get requests, put_count=37078 evicted_count=20000 eviction_rate=0.539403 and unsatisfied allocation rate=5.87993e-05
2018-11-29 17:28:21.203280: I tensorflow/core/common_runtime/gpu/pool_allocator.cc:247] PoolAllocator: After 8760 get requests, put_count=14839 evicted_count=6000 eviction_rate=0.40434 and unsatisfied allocation rate=0
2018-11-29 17:28:21.508669: I tensorflow/core/common_runtime/gpu/pool_allocator.cc:247] PoolAllocator: After 14768 get requests, put_count=30846 evicted_count=16000 eviction_rate=0.518706 and unsatisfied allocation rate=6.7714e-05
2018-11-29 17:28:22.011288: I tensorflow/core/common_runtime/gpu/pool_allocator.cc:247] PoolAllocator: After 7260 get requests, put_count=9347 evicted_count=2000 eviction_rate=0.213972 and unsatisfied allocation rate=0
2018-11-29 17:28:22.146656: I tensorflow/core/common_runtime/gpu/pool_allocator.cc:247] PoolAllocator: After 11260 get requests, put_count=23347 evicted_count=12000 eviction_rate=0.513985 and unsatisfied allocation rate=0
2018-11-29 17:28:22.438705: I tensorflow/core/common_runtime/gpu/pool_allocator.cc:247] PoolAllocator: After 18820 get requests, put_count=40906 evicted_count=22000 eviction_rate=0.537818 and unsatisfied allocation rate=5.3135e-05
2018-11-29 17:28:22.952817: I tensorflow/core/common_runtime/gpu/pool_allocator.cc:247] PoolAllocator: After 9420 get requests, put_count=17515 evicted_count=8000 eviction_rate=0.456751 and unsatisfied allocation rate=0
2018-11-29 17:28:23.268708: I tensorflow/core/common_runtime/gpu/pool_allocator.cc:247] PoolAllocator: After 17045 get requests, put_count=35139 evicted_count=18000 eviction_rate=0.512251 and unsatisfied allocation rate=5.86682e-05
2018-11-29 17:28:23.770987: I tensorflow/core/common_runtime/gpu/pool_allocator.cc:247] PoolAllocator: After 7559 get requests, put_count=11664 evicted_count=4000 eviction_rate=0.342936 and unsatisfied allocation rate=0
2018-11-29 17:28:23.900130: I tensorflow/core/common_runtime/gpu/pool_allocator.cc:247] PoolAllocator: After 10719 get requests, put_count=24823 evicted_count=14000 eviction_rate=0.563993 and unsatisfied allocation rate=9.32923e-05
2018-11-29 17:28:24.543602: I tensorflow/core/common_runtime/gpu/pool_allocator.cc:247] PoolAllocator: After 59404 get requests, put_count=59677 evicted_count=24000 eviction_rate=0.402165 and unsatisfied allocation rate=0.401185
2018-11-29 17:28:24.543636: I tensorflow/core/common_runtime/gpu/pool_allocator.cc:259] Raising pool_size_limit_ from 1158 to 1273
2018-11-29 17:28:24.714802: I tensorflow/core/common_runtime/gpu/pool_allocator.cc:247] PoolAllocator: After 8680 get requests, put_count=18795 evicted_count=10000 eviction_rate=0.532056 and unsatisfied allocation rate=0
2018-11-29 17:28:25.014930: I tensorflow/core/common_runtime/gpu/pool_allocator.cc:247] PoolAllocator: After 16280 get requests, put_count=36394 evicted_count=20000 eviction_rate=0.549541 and unsatisfied allocation rate=6.14251e-05
2018-11-29 17:28:25.534110: I tensorflow/core/common_runtime/gpu/pool_allocator.cc:247] PoolAllocator: After 5900 get requests, put_count=12027 evicted_count=6000 eviction_rate=0.498878 and unsatisfied allocation rate=0
2018-11-29 17:28:25.856506: I tensorflow/core/common_runtime/gpu/pool_allocator.cc:247] PoolAllocator: After 13522 get requests, put_count=29648 evicted_count=16000 eviction_rate=0.539665 and unsatisfied allocation rate=7.39536e-05
2018-11-29 17:28:26.365614: I tensorflow/core/common_runtime/gpu/pool_allocator.cc:247] PoolAllocator: After 6660 get requests, put_count=9800 evicted_count=3000 eviction_rate=0.306122 and unsatisfied allocation rate=0
2018-11-29 17:28:26.493997: I tensorflow/core/common_runtime/gpu/pool_allocator.cc:247] PoolAllocator: After 9840 get requests, put_count=22980 evicted_count=13000 eviction_rate=0.565709 and unsatisfied allocation rate=0
2018-11-29 17:28:26.779967: I tensorflow/core/common_runtime/gpu/pool_allocator.cc:247] PoolAllocator: After 17127 get requests, put_count=40266 evicted_count=23000 eviction_rate=0.571202 and unsatisfied allocation rate=5.83873e-05
2018-11-29 17:28:27.311797: I tensorflow/core/common_runtime/gpu/pool_allocator.cc:247] PoolAllocator: After 6380 get requests, put_count=15534 evicted_count=9000 eviction_rate=0.579374 and unsatisfied allocation rate=0
2018-11-29 17:28:27.624533: I tensorflow/core/common_runtime/gpu/pool_allocator.cc:247] PoolAllocator: After 13977 get requests, put_count=33130 evicted_count=19000 eviction_rate=0.573498 and unsatisfied allocation rate=7.15461e-05
2018-11-29 17:28:28.146387: I tensorflow/core/common_runtime/gpu/pool_allocator.cc:247] PoolAllocator: After 5900 get requests, put_count=12069 evicted_count=6000 eviction_rate=0.497141 and unsatisfied allocation rate=0
2018-11-29 17:28:28.467566: I tensorflow/core/common_runtime/gpu/pool_allocator.cc:247] PoolAllocator: After 13533 get requests, put_count=29701 evicted_count=16000 eviction_rate=0.538702 and unsatisfied allocation rate=7.38934e-05
2018-11-29 17:28:28.980257: I tensorflow/core/common_runtime/gpu/pool_allocator.cc:247] PoolAllocator: After 5380 get requests, put_count=8566 evicted_count=3000 eviction_rate=0.350222 and unsatisfied allocation rate=0
2018-11-29 17:28:29.108397: I tensorflow/core/common_runtime/gpu/pool_allocator.cc:247] PoolAllocator: After 8520 get requests, put_count=21706 evicted_count=13000 eviction_rate=0.598913 and unsatisfied allocation rate=0
2018-11-29 17:28:29.780457: I tensorflow/core/common_runtime/gpu/pool_allocator.cc:247] PoolAllocator: After 60005 get requests, put_count=60407 evicted_count=23000 eviction_rate=0.380751 and unsatisfied allocation rate=0.379702
2018-11-29 17:28:29.780486: I tensorflow/core/common_runtime/gpu/pool_allocator.cc:259] Raising pool_size_limit_ from 2049 to 2253
2018-11-29 17:28:29.933271: I tensorflow/core/common_runtime/gpu/pool_allocator.cc:247] PoolAllocator: After 6300 get requests, put_count=16504 evicted_count=10000 eviction_rate=0.605914 and unsatisfied allocation rate=0
2018-11-29 17:28:30.233289: I tensorflow/core/common_runtime/gpu/pool_allocator.cc:247] PoolAllocator: After 13862 get requests, put_count=34065 evicted_count=20000 eviction_rate=0.587113 and unsatisfied allocation rate=7.21397e-05
2018-11-29 17:28:30.767166: I tensorflow/core/common_runtime/gpu/pool_allocator.cc:247] PoolAllocator: After 4060 get requests, put_count=11285 evicted_count=7000 eviction_rate=0.620292 and unsatisfied allocation rate=0
2018-11-29 17:28:31.078043: I tensorflow/core/common_runtime/gpu/pool_allocator.cc:247] PoolAllocator: After 11683 get requests, put_count=28907 evicted_count=17000 eviction_rate=0.588093 and unsatisfied allocation rate=8.55945e-05
2018-11-29 17:28:31.600874: I tensorflow/core/common_runtime/gpu/pool_allocator.cc:247] PoolAllocator: After 4720 get requests, put_count=9967 evicted_count=5000 eviction_rate=0.501655 and unsatisfied allocation rate=0
2018-11-29 17:28:31.912384: I tensorflow/core/common_runtime/gpu/pool_allocator.cc:247] PoolAllocator: After 11543 get requests, put_count=26789 evicted_count=15000 eviction_rate=0.559931 and unsatisfied allocation rate=8.66326e-05
2018-11-29 17:28:32.444979: I tensorflow/core/common_runtime/gpu/pool_allocator.cc:247] PoolAllocator: After 1220 get requests, put_count=3492 evicted_count=2000 eviction_rate=0.572738 and unsatisfied allocation rate=0
2018-11-29 17:28:32.575580: I tensorflow/core/common_runtime/gpu/pool_allocator.cc:247] PoolAllocator: After 4360 get requests, put_count=16631 evicted_count=12000 eviction_rate=0.721544 and unsatisfied allocation rate=0.000229358
2018-11-29 17:28:33.253580: I tensorflow/core/common_runtime/gpu/pool_allocator.cc:247] PoolAllocator: After 58605 get requests, put_count=58648 evicted_count=22000 eviction_rate=0.375119 and unsatisfied allocation rate=0.379302
2018-11-29 17:28:33.253618: I tensorflow/core/common_runtime/gpu/pool_allocator.cc:259] Raising pool_size_limit_ from 2997 to 3296
2018-11-29 17:28:33.387917: I tensorflow/core/common_runtime/gpu/pool_allocator.cc:247] PoolAllocator: After 3740 get requests, put_count=14039 evicted_count=10000 eviction_rate=0.712301 and unsatisfied allocation rate=0
2018-11-29 17:28:33.682035: I tensorflow/core/common_runtime/gpu/pool_allocator.cc:247] PoolAllocator: After 11292 get requests, put_count=31590 evicted_count=20000 eviction_rate=0.633112 and unsatisfied allocation rate=8.85583e-05
2018-11-29 17:28:34.241149: I tensorflow/core/common_runtime/gpu/pool_allocator.cc:247] PoolAllocator: After 2600 get requests, put_count=10929 evicted_count=8000 eviction_rate=0.731997 and unsatisfied allocation rate=0
2018-11-29 17:28:34.540319: I tensorflow/core/common_runtime/gpu/pool_allocator.cc:247] PoolAllocator: After 10174 get requests, put_count=28502 evicted_count=18000 eviction_rate=0.631535 and unsatisfied allocation rate=9.82898e-05
2018-11-29 17:28:35.086796: I tensorflow/core/common_runtime/gpu/pool_allocator.cc:247] PoolAllocator: After 2320 get requests, put_count=9682 evicted_count=7000 eviction_rate=0.722991 and unsatisfied allocation rate=0
2018-11-29 17:28:35.391937: I tensorflow/core/common_runtime/gpu/pool_allocator.cc:247] PoolAllocator: After 9917 get requests, put_count=27278 evicted_count=17000 eviction_rate=0.623213 and unsatisfied allocation rate=0.000100837
2018-11-29 17:28:35.939981: I tensorflow/core/common_runtime/gpu/pool_allocator.cc:247] PoolAllocator: After 2020 get requests, put_count=8418 evicted_count=6000 eviction_rate=0.712758 and unsatisfied allocation rate=0
2018-11-29 17:28:36.246132: I tensorflow/core/common_runtime/gpu/pool_allocator.cc:247] PoolAllocator: After 9630 get requests, put_count=26027 evicted_count=16000 eviction_rate=0.614746 and unsatisfied allocation rate=0.000103842
2018-11-29 17:28:36.806858: I tensorflow/core/common_runtime/gpu/pool_allocator.cc:247] PoolAllocator: After 1740 get requests, put_count=7178 evicted_count=5000 eviction_rate=0.696573 and unsatisfied allocation rate=0
2018-11-29 17:28:37.117889: I tensorflow/core/common_runtime/gpu/pool_allocator.cc:247] PoolAllocator: After 9335 get requests, put_count=24772 evicted_count=15000 eviction_rate=0.605522 and unsatisfied allocation rate=0.000107124
2018-11-29 17:28:37.695709: I tensorflow/core/common_runtime/gpu/pool_allocator.cc:247] PoolAllocator: After 1720 get requests, put_count=7202 evicted_count=5000 eviction_rate=0.694252 and unsatisfied allocation rate=0
2018-11-29 17:28:38.003235: I tensorflow/core/common_runtime/gpu/pool_allocator.cc:247] PoolAllocator: After 9332 get requests, put_count=24813 evicted_count=15000 eviction_rate=0.604522 and unsatisfied allocation rate=0.000107158
2018-11-29 17:28:38.576104: I tensorflow/core/common_runtime/gpu/pool_allocator.cc:247] PoolAllocator: After 1740 get requests, put_count=7270 evicted_count=5000 eviction_rate=0.687758 and unsatisfied allocation rate=0
2018-11-29 17:28:38.881083: I tensorflow/core/common_runtime/gpu/pool_allocator.cc:247] PoolAllocator: After 9332 get requests, put_count=24861 evicted_count=15000 eviction_rate=0.603355 and unsatisfied allocation rate=0.000107158
2018-11-29 17:28:39.471034: I tensorflow/core/common_runtime/gpu/pool_allocator.cc:247] PoolAllocator: After 2060 get requests, put_count=8643 evicted_count=6000 eviction_rate=0.694203 and unsatisfied allocation rate=0
2018-11-29 17:28:39.768199: I tensorflow/core/common_runtime/gpu/pool_allocator.cc:247] PoolAllocator: After 9619 get requests, put_count=26201 evicted_count=16000 eviction_rate=0.610664 and unsatisfied allocation rate=0.000103961
2018-11-29 17:28:40.371175: I tensorflow/core/common_runtime/gpu/pool_allocator.cc:247] PoolAllocator: After 2720 get requests, put_count=11361 evicted_count=8000 eviction_rate=0.704163 and unsatisfied allocation rate=0
2018-11-29 17:28:41.145111: I tensorflow/core/common_runtime/gpu/pool_allocator.cc:247] PoolAllocator: After 58825 get requests, put_count=59503 evicted_count=18000 eviction_rate=0.302506 and unsatisfied allocation rate=0.305363
2018-11-29 17:28:41.145143: I tensorflow/core/common_runtime/gpu/pool_allocator.cc:259] Raising pool_size_limit_ from 7059 to 7764
2018-11-29 17:28:41.466320: I tensorflow/core/common_runtime/gpu/pool_allocator.cc:247] PoolAllocator: After 7003 get requests, put_count=17707 evicted_count=10000 eviction_rate=0.564748 and unsatisfied allocation rate=0.000142796
2018-11-29 17:28:42.067220: I tensorflow/core/common_runtime/gpu/pool_allocator.cc:247] PoolAllocator: After 900 get requests, put_count=3676 evicted_count=2000 eviction_rate=0.54407 and unsatisfied allocation rate=0
2018-11-29 17:28:42.373894: I tensorflow/core/common_runtime/gpu/pool_allocator.cc:247] PoolAllocator: After 8475 get requests, put_count=21250 evicted_count=12000 eviction_rate=0.564706 and unsatisfied allocation rate=0.000117994
2018-11-29 17:28:43.015054: I tensorflow/core/common_runtime/gpu/pool_allocator.cc:247] PoolAllocator: After 2160 get requests, put_count=9013 evicted_count=6000 eviction_rate=0.665705 and unsatisfied allocation rate=0.000462963
2018-11-29 17:28:43.814728: I tensorflow/core/common_runtime/gpu/pool_allocator.cc:247] PoolAllocator: After 58965 get requests, put_count=60174 evicted_count=16000 eviction_rate=0.265896 and unsatisfied allocation rate=0.265327
2018-11-29 17:28:43.814765: I tensorflow/core/common_runtime/gpu/pool_allocator.cc:259] Raising pool_size_limit_ from 9394 to 10333
2018-11-29 17:28:44.135399: I tensorflow/core/common_runtime/gpu/pool_allocator.cc:247] PoolAllocator: After 7907 get requests, put_count=18845 evicted_count=10000 eviction_rate=0.530645 and unsatisfied allocation rate=0.00012647
2018-11-29 17:28:44.970974: I tensorflow/core/common_runtime/gpu/pool_allocator.cc:247] PoolAllocator: After 4857 get requests, put_count=11889 evicted_count=6000 eviction_rate=0.504668 and unsatisfied allocation rate=0.000205888
2018-11-29 17:28:45.640691: I tensorflow/core/common_runtime/gpu/pool_allocator.cc:247] PoolAllocator: After 1000 get requests, put_count=4136 evicted_count=2000 eviction_rate=0.483559 and unsatisfied allocation rate=0
2018-11-29 17:28:45.926484: I tensorflow/core/common_runtime/gpu/pool_allocator.cc:247] PoolAllocator: After 8287 get requests, put_count=21422 evicted_count=12000 eviction_rate=0.560172 and unsatisfied allocation rate=0.000120671
2018-11-29 17:28:46.798115: I tensorflow/core/common_runtime/gpu/pool_allocator.cc:247] PoolAllocator: After 7642 get requests, put_count=17892 evicted_count=9000 eviction_rate=0.503018 and unsatisfied allocation rate=0
2018-11-29 17:28:47.673728: I tensorflow/core/common_runtime/gpu/pool_allocator.cc:247] PoolAllocator: After 7353 get requests, put_count=16728 evicted_count=8000 eviction_rate=0.47824 and unsatisfied allocation rate=0
2018-11-29 17:28:49.364104: I tensorflow/core/common_runtime/gpu/pool_allocator.cc:247] PoolAllocator: After 59814 get requests, put_count=60911 evicted_count=8000 eviction_rate=0.131339 and unsatisfied allocation rate=0.140686
2018-11-29 17:28:49.364136: I tensorflow/core/common_runtime/gpu/pool_allocator.cc:259] Raising pool_size_limit_ from 16639 to 18302
2018-11-29 17:28:50.334563: I tensorflow/core/common_runtime/gpu/pool_allocator.cc:247] PoolAllocator: After 1408 get requests, put_count=6238 evicted_count=3000 eviction_rate=0.480923 and unsatisfied allocation rate=0
epoch=1 step: 1562 loss 0.39016277 processed: [0.099968]
epoch=1 step: 3124 loss 0.37875518 processed: [0.199936]
epoch=1 step: 4686 loss 0.3808835 processed: [0.299904]
epoch=1 step: 6248 loss 0.37093627 processed: [0.399872]
epoch=1 step: 7810 loss 0.4068044 processed: [0.49984]
epoch=1 step: 9372 loss 0.31932187 processed: [0.599808]
epoch=1 step: 10934 loss 0.3308723 processed: [0.699776]
epoch=1 step: 12496 loss 0.36068094 processed: [0.799744]
epoch=1 step: 14058 loss 0.3338157 processed: [0.899712]
epoch=1 step: 15620 loss 0.28916958 processed: [0.99968]
total num: 665
MAP: 0.542176663077
MRR: 0.583515932689
P@1: 0.4
('R10_1:', 0.24259100131280573)
('R10_2', 0.4060949994032699)
('R10_5', 0.7670969089390146)
('ave:', 0.4902459175701282)
save evaluate_step: 1
2018-11-29 21:18:17
0.33978665
epoch=0 save model
learning rate 0.001
2018-11-29 21:18:18
starting shuffle train data
finish building train data
epoch=2 step: 17182 loss 0.26004001 processed: [1.099648]
epoch=2 step: 18744 loss 0.47060704 processed: [1.199616]
epoch=2 step: 20306 loss 0.21206382 processed: [1.299584]
epoch=2 step: 21868 loss 0.3296298 processed: [1.399552]
epoch=2 step: 23430 loss 0.3452531 processed: [1.49952]
epoch=2 step: 24992 loss 0.25262898 processed: [1.599488]
epoch=2 step: 26554 loss 0.2875812 processed: [1.699456]
epoch=2 step: 28116 loss 0.25175178 processed: [1.799424]
epoch=2 step: 29678 loss 0.32377803 processed: [1.899392]
epoch=2 step: 31240 loss 0.38698837 processed: [1.99936]
total num: 665
MAP: 0.53354461527
MRR: 0.575458885309
P@1: 0.389473684211
('R10_1:', 0.22789354338226514)
('R10_2', 0.4074770258980782)
('R10_5', 0.7534520825874214)
('ave:', 0.4812166394428372)
save evaluate_step: 2
2018-11-30 01:09:37
0.2876562
epoch=1 save model
learning rate 0.001
2018-11-30 01:09:39
starting shuffle train data
finish building train data
epoch=3 step: 32802 loss 0.34922695 processed: [2.099328]
epoch=3 step: 34364 loss 0.32271427 processed: [2.199296]
epoch=3 step: 35926 loss 0.21740955 processed: [2.299264]
epoch=3 step: 37488 loss 0.24227701 processed: [2.399232]
epoch=3 step: 39050 loss 0.24983542 processed: [2.4992]
epoch=3 step: 40612 loss 0.21428521 processed: [2.599168]
epoch=3 step: 42174 loss 0.23183635 processed: [2.699136]
epoch=3 step: 43736 loss 0.19076519 processed: [2.799104]
epoch=3 step: 45298 loss 0.30733228 processed: [2.899072]
epoch=3 step: 46860 loss 0.30209312 processed: [2.99904]
total num: 665
MAP: 0.538183599352
MRR: 0.57895512591
P@1: 0.389473684211
('R10_1:', 0.2293579186060388)
('R10_2', 0.4103198472371402)
('R10_5', 0.7638888888888892)
('ave:', 0.48502984403405813)
save evaluate_step: 3
2018-11-30 05:00:52
0.27121976
epoch=2 save model
learning rate 0.00075
2018-11-30 05:00:54
starting shuffle train data
finish building train data
epoch=4 step: 48422 loss 0.23510996 processed: [3.099008]
epoch=4 step: 49984 loss 0.2942395 processed: [3.198976]
epoch=4 step: 51546 loss 0.14343193 processed: [3.298944]
epoch=4 step: 53108 loss 0.19841027 processed: [3.398912]
epoch=4 step: 54670 loss 0.29653227 processed: [3.49888]
epoch=4 step: 56232 loss 0.3327422 processed: [3.598848]
epoch=4 step: 57794 loss 0.21783602 processed: [3.698816]
epoch=4 step: 59356 loss 0.27949724 processed: [3.798784]
epoch=4 step: 60918 loss 0.26345313 processed: [3.898752]
epoch=4 step: 62480 loss 0.17082562 processed: [3.99872]
total num: 665
MAP: 0.547492207465
MRR: 0.588690774555
P@1: 0.403007518797
('R10_1:', 0.24151330707721674)
('R10_2', 0.414329872299797)
('R10_5', 0.7851545530492902)
('ave:', 0.49669803887395475)
save evaluate_step: 4
2018-11-30 08:51:23
0.1608286
epoch=3 save model
learning rate 0.00075
2018-11-30 08:51:25
starting shuffle train data
finish building train data
epoch=5 step: 64042 loss 0.25282896 processed: [4.098688]
epoch=5 step: 65604 loss 0.24712238 processed: [4.198656]
epoch=5 step: 67166 loss 0.1388728 processed: [4.298624]
epoch=5 step: 68728 loss 0.31868112 processed: [4.398592]
epoch=5 step: 70290 loss 0.2378318 processed: [4.49856]
epoch=5 step: 71852 loss 0.22845045 processed: [4.598528]
epoch=5 step: 73414 loss 0.15911394 processed: [4.698496]
epoch=5 step: 74976 loss 0.2837393 processed: [4.798464]
epoch=5 step: 76538 loss 0.2606839 processed: [4.898432]
epoch=5 step: 78100 loss 0.33094838 processed: [4.9984]
total num: 665
MAP: 0.535112923086
MRR: 0.577147630982
P@1: 0.390977443609
('R10_1:', 0.232705573457453)
('R10_2', 0.3986048454469507)
('R10_5', 0.7626482873851297)
('ave:', 0.48286611732783696)
save evaluate_step: 5
2018-11-30 12:41:30
0.3118127
epoch=4 save model
learning rate 0.000375
2018-11-30 12:41:32
starting shuffle train data
finish building train data
epoch=6 step: 79662 loss 0.21548961 processed: [5.098368]
epoch=6 step: 81224 loss 0.15924713 processed: [5.198336]
