nohup: 忽略输入
alphas: [None, 200, 200]
betas: [None, 200, 200]
premise_attns: [None, 200, 200]
hypothesis_attns: [None, 200, 200]
starting loading data
2018-12-19 15:24:43
finish loading data
2018-12-19 15:33:34
batch_num 25000
configurations {'keep_prob': 0.7, 'data_path': '../../data/ubuntu/data.pkl', 'word_layers_itg': 2, 'evaluate_step': 25000, 'filter_size': 3, 'filter_h': 3, 'train_steps': 125000, 'emb_train': False, 'CPU': '/cpu:0', 'embedding_file': '../../data/ubuntu/word_embedding.pkl', 'hidden_embedding_dim': 200, 'epoch': 5, 'lr': 0.001, 'save_path': 'Gcnn_v3_single_test/version/', 'word_layers_enc': 2, 'print_step': 2500, '_EOS_': 28270, 'word_embedding_dim': 200, 'batch_size': 40, 'final_n_class': 1, 'word_layers_agg': 2, 'max_turn_len': 200, 'output_path': 'Gcnn_v3_single_output/version/', 'init_model': 'Gcnn_v3_single_model/version/'}
2018-12-19 15:33:54.582978: W tensorflow/core/platform/cpu_feature_guard.cc:45] The TensorFlow library wasn't compiled to use SSE4.1 instructions, but these are available on your machine and could speed up CPU computations.
2018-12-19 15:33:54.583015: W tensorflow/core/platform/cpu_feature_guard.cc:45] The TensorFlow library wasn't compiled to use SSE4.2 instructions, but these are available on your machine and could speed up CPU computations.
2018-12-19 15:33:54.583022: W tensorflow/core/platform/cpu_feature_guard.cc:45] The TensorFlow library wasn't compiled to use AVX instructions, but these are available on your machine and could speed up CPU computations.
2018-12-19 15:33:54.583027: W tensorflow/core/platform/cpu_feature_guard.cc:45] The TensorFlow library wasn't compiled to use AVX2 instructions, but these are available on your machine and could speed up CPU computations.
2018-12-19 15:33:54.583032: W tensorflow/core/platform/cpu_feature_guard.cc:45] The TensorFlow library wasn't compiled to use FMA instructions, but these are available on your machine and could speed up CPU computations.
2018-12-19 15:33:55.980464: I tensorflow/stream_executor/cuda/cuda_gpu_executor.cc:893] successful NUMA node read from SysFS had negative value (-1), but there must be at least one NUMA node, so returning NUMA node zero
2018-12-19 15:33:55.981044: I tensorflow/core/common_runtime/gpu/gpu_device.cc:940] Found device 0 with properties: 
name: GeForce GTX 1070
major: 6 minor: 1 memoryClockRate (GHz) 1.683
pciBusID 0000:02:00.0
Total memory: 7.92GiB
Free memory: 7.83GiB
2018-12-19 15:33:55.981075: I tensorflow/core/common_runtime/gpu/gpu_device.cc:961] DMA: 0 
2018-12-19 15:33:55.981082: I tensorflow/core/common_runtime/gpu/gpu_device.cc:971] 0:   Y 
2018-12-19 15:33:55.981096: I tensorflow/core/common_runtime/gpu/gpu_device.cc:1030] Creating TensorFlow device (/gpu:0) -> (device: 0, name: GeForce GTX 1070, pci bus id: 0000:02:00.0)
starting shuffle train data
finish building train data
2018-12-19 15:35:09.543197: I tensorflow/core/common_runtime/gpu/pool_allocator.cc:247] PoolAllocator: After 2261 get requests, put_count=2169 evicted_count=1000 eviction_rate=0.461042 and unsatisfied allocation rate=0.5272
2018-12-19 15:35:09.543283: I tensorflow/core/common_runtime/gpu/pool_allocator.cc:259] Raising pool_size_limit_ from 100 to 110
epoch=1 step: 2500 loss 0.3043036 processed: [0.1]
epoch=1 step: 5000 loss 0.38159525 processed: [0.2]
epoch=1 step: 7500 loss 0.20350176 processed: [0.3]
epoch=1 step: 10000 loss 0.45088518 processed: [0.4]
epoch=1 step: 12500 loss 0.33120844 processed: [0.5]
epoch=1 step: 15000 loss 0.43194598 processed: [0.6]
epoch=1 step: 17500 loss 0.39693087 processed: [0.7]
epoch=1 step: 20000 loss 0.33618048 processed: [0.8]
epoch=1 step: 22500 loss 0.3954415 processed: [0.9]
epoch=1 step: 25000 loss 0.32617715 processed: [1.0]
('R10_1', 0.7646)
('R10_2', 0.86732)
('R10_5', 0.96526)
('R2_1', 0.93394)
save evaluate_step: 1
2018-12-19 18:21:21
starting shuffle train data
finish building train data
epoch=2 step: 27500 loss 0.32270342 processed: [1.1]
epoch=2 step: 30000 loss 0.24108021 processed: [1.2]
epoch=2 step: 32500 loss 0.14298129 processed: [1.3]
epoch=2 step: 35000 loss 0.26585487 processed: [1.4]
epoch=2 step: 37500 loss 0.19817975 processed: [1.5]
epoch=2 step: 40000 loss 0.35924524 processed: [1.6]
epoch=2 step: 42500 loss 0.26162195 processed: [1.7]
epoch=2 step: 45000 loss 0.29462183 processed: [1.8]
epoch=2 step: 47500 loss 0.2736942 processed: [1.9]
epoch=2 step: 50000 loss 0.2845034 processed: [2.0]
('R10_1', 0.76958)
('R10_2', 0.87396)
('R10_5', 0.96794)
('R2_1', 0.93658)
save evaluate_step: 2
2018-12-19 21:09:17
0.2845034
epoch=2 save model
learning rate 0.001
2018-12-19 21:09:18
starting shuffle train data
finish building train data
epoch=3 step: 52500 loss 0.25350666 processed: [2.1]
epoch=3 step: 55000 loss 0.20812595 processed: [2.2]
epoch=3 step: 57500 loss 0.3453409 processed: [2.3]
epoch=3 step: 60000 loss 0.29763088 processed: [2.4]
epoch=3 step: 62500 loss 0.25375748 processed: [2.5]
epoch=3 step: 65000 loss 0.23752768 processed: [2.6]
epoch=3 step: 67500 loss 0.31128293 processed: [2.7]
epoch=3 step: 70000 loss 0.16520335 processed: [2.8]
epoch=3 step: 72500 loss 0.21950185 processed: [2.9]
epoch=3 step: 75000 loss 0.2247612 processed: [3.0]
('R10_1', 0.77494)
('R10_2', 0.8757)
('R10_5', 0.96926)
('R2_1', 0.93876)
save evaluate_step: 3
2018-12-19 23:56:30
0.2247612
epoch=3 save model
learning rate 0.00075
2018-12-19 23:56:31
starting shuffle train data
finish building train data
epoch=4 step: 77500 loss 0.12149591 processed: [3.1]
epoch=4 step: 80000 loss 0.1730592 processed: [3.2]
epoch=4 step: 82500 loss 0.23701862 processed: [3.3]
epoch=4 step: 85000 loss 0.2140989 processed: [3.4]
epoch=4 step: 87500 loss 0.2793432 processed: [3.5]
epoch=4 step: 90000 loss 0.14552768 processed: [3.6]
epoch=4 step: 92500 loss 0.30092567 processed: [3.7]
epoch=4 step: 95000 loss 0.13365695 processed: [3.8]
epoch=4 step: 97500 loss 0.15915263 processed: [3.9]
epoch=4 step: 100000 loss 0.14413565 processed: [4.0]
('R10_1', 0.76746)
('R10_2', 0.87324)
('R10_5', 0.96756)
('R2_1', 0.93726)
save evaluate_step: 4
2018-12-20 02:43:24
0.14413565
epoch=4 save model
learning rate 0.00075
2018-12-20 02:43:25
starting shuffle train data
finish building train data
epoch=5 step: 102500 loss 0.4058564 processed: [4.1]
epoch=5 step: 105000 loss 0.1226418 processed: [4.2]
epoch=5 step: 107500 loss 0.12397133 processed: [4.3]
epoch=5 step: 110000 loss 0.19815695 processed: [4.4]
epoch=5 step: 112500 loss 0.14336261 processed: [4.5]
epoch=5 step: 115000 loss 0.19975378 processed: [4.6]
epoch=5 step: 117500 loss 0.08768205 processed: [4.7]
epoch=5 step: 120000 loss 0.27973658 processed: [4.8]
epoch=5 step: 122500 loss 0.2549814 processed: [4.9]
epoch=5 step: 125000 loss 0.3159503 processed: [5.0]
('R10_1', 0.75984)
('R10_2', 0.86776)
('R10_5', 0.9668)
('R2_1', 0.93522)
save evaluate_step: 5
2018-12-20 05:29:14
0.3159503
epoch=5 save model
learning rate 0.000375
2018-12-20 05:29:14
train time:14.0753 h
