nohup: 忽略输入
self.rnn_units 100
v [None, 500]
v [None, 500]
v [None, 500]
v [None, 500]
v [None, 500]
v [None, 500]
v [None, 500]
v [None, 500]
v [None, 500]
v [None, 500]
starting loading data
2019-01-12 23:02:49
finish loading data
2019-01-12 23:08:18
batch_num 15625
configurations {'data_path': '../../data/ubuntu/data.pkl', 'word_layers_itg': 2, 'evaluate_step': 15625, 'filter_size': 8, 'filter_h': 3, 'train_steps': 78125, 'emb_train': False, 'CPU': '/cpu:0', 'embedding_file': '../../data/ubuntu/word_embedding.pkl', 'hidden_embedding_dim': 200, 'epoch': 5, 'lr': 0.001, 'save_path': 'Gcnn_v14_test/version/', 'word_layers_enc': 2, 'print_step': 1562, '_EOS_': 28270, 'word_embedding_dim': 200, 'batch_size': 64, 'max_turn_num': 10, 'final_n_class': 1, 'word_layers_agg': 2, 'max_turn_len': 50, 'output_path': 'Gcnn_v14_output/version/', 'init_model': 'Gcnn_v14_model/version/'}
2019-01-12 23:08:46.390373: W tensorflow/core/platform/cpu_feature_guard.cc:45] The TensorFlow library wasn't compiled to use SSE4.1 instructions, but these are available on your machine and could speed up CPU computations.
2019-01-12 23:08:46.390389: W tensorflow/core/platform/cpu_feature_guard.cc:45] The TensorFlow library wasn't compiled to use SSE4.2 instructions, but these are available on your machine and could speed up CPU computations.
2019-01-12 23:08:46.390393: W tensorflow/core/platform/cpu_feature_guard.cc:45] The TensorFlow library wasn't compiled to use AVX instructions, but these are available on your machine and could speed up CPU computations.
2019-01-12 23:08:46.390396: W tensorflow/core/platform/cpu_feature_guard.cc:45] The TensorFlow library wasn't compiled to use AVX2 instructions, but these are available on your machine and could speed up CPU computations.
2019-01-12 23:08:46.390399: W tensorflow/core/platform/cpu_feature_guard.cc:45] The TensorFlow library wasn't compiled to use FMA instructions, but these are available on your machine and could speed up CPU computations.
2019-01-12 23:08:46.495483: I tensorflow/stream_executor/cuda/cuda_gpu_executor.cc:893] successful NUMA node read from SysFS had negative value (-1), but there must be at least one NUMA node, so returning NUMA node zero
2019-01-12 23:08:46.495909: I tensorflow/core/common_runtime/gpu/gpu_device.cc:940] Found device 0 with properties: 
name: GeForce GTX 1070
major: 6 minor: 1 memoryClockRate (GHz) 1.683
pciBusID 0000:01:00.0
Total memory: 7.92GiB
Free memory: 7.80GiB
2019-01-12 23:08:46.495920: I tensorflow/core/common_runtime/gpu/gpu_device.cc:961] DMA: 0 
2019-01-12 23:08:46.495924: I tensorflow/core/common_runtime/gpu/gpu_device.cc:971] 0:   Y 
2019-01-12 23:08:46.495930: I tensorflow/core/common_runtime/gpu/gpu_device.cc:1030] Creating TensorFlow device (/gpu:0) -> (device: 0, name: GeForce GTX 1070, pci bus id: 0000:01:00.0)
starting shuffle train data
finish building train data
2019-01-12 23:09:59.308840: I tensorflow/core/common_runtime/gpu/pool_allocator.cc:247] PoolAllocator: After 2446 get requests, put_count=1456 evicted_count=1000 eviction_rate=0.686813 and unsatisfied allocation rate=0.854456
2019-01-12 23:09:59.308872: I tensorflow/core/common_runtime/gpu/pool_allocator.cc:259] Raising pool_size_limit_ from 100 to 110
2019-01-12 23:10:01.947534: I tensorflow/core/common_runtime/gpu/pool_allocator.cc:247] PoolAllocator: After 0 get requests, put_count=1019 evicted_count=1000 eviction_rate=0.981354 and unsatisfied allocation rate=0
2019-01-12 23:10:04.953434: I tensorflow/core/common_runtime/gpu/pool_allocator.cc:247] PoolAllocator: After 2445 get requests, put_count=2725 evicted_count=2000 eviction_rate=0.733945 and unsatisfied allocation rate=0.715746
2019-01-12 23:10:04.953467: I tensorflow/core/common_runtime/gpu/pool_allocator.cc:259] Raising pool_size_limit_ from 339 to 372
2019-01-12 23:10:08.037210: I tensorflow/core/common_runtime/gpu/pool_allocator.cc:247] PoolAllocator: After 2444 get requests, put_count=3006 evicted_count=2000 eviction_rate=0.665336 and unsatisfied allocation rate=0.610475
2019-01-12 23:10:08.037240: I tensorflow/core/common_runtime/gpu/pool_allocator.cc:259] Raising pool_size_limit_ from 596 to 655
2019-01-12 23:10:13.102946: I tensorflow/core/common_runtime/gpu/pool_allocator.cc:247] PoolAllocator: After 4894 get requests, put_count=4643 evicted_count=1000 eviction_rate=0.215378 and unsatisfied allocation rate=0.281569
2019-01-12 23:10:13.102980: I tensorflow/core/common_runtime/gpu/pool_allocator.cc:259] Raising pool_size_limit_ from 1400 to 1540
epoch=1 step: 1562 loss 0.33519432 processed: [0.099968] gs 1562 learning_rate 0.00096000003
epoch=1 step: 3124 loss 0.30947942 processed: [0.199936] gs 3124 learning_rate 0.0008847359
epoch=1 step: 4686 loss 0.24175534 processed: [0.299904] gs 4686 learning_rate 0.0008153726
epoch=1 step: 6248 loss 0.3713172 processed: [0.399872] gs 6248 learning_rate 0.00075144734
epoch=1 step: 7810 loss 0.31582025 processed: [0.49984] gs 7810 learning_rate 0.0006925339
epoch=1 step: 9372 loss 0.38664287 processed: [0.599808] gs 9372 learning_rate 0.00063823926
epoch=1 step: 10934 loss 0.2535202 processed: [0.699776] gs 10934 learning_rate 0.0005882013
epoch=1 step: 12496 loss 0.24684483 processed: [0.799744] gs 12496 learning_rate 0.0005420862
epoch=1 step: 14058 loss 0.26460207 processed: [0.899712] gs 14058 learning_rate 0.00049958663
epoch=1 step: 15620 loss 0.26647353 processed: [0.99968] gs 15620 learning_rate 0.00046041902
('R10_1', 0.7717263035782147)
('R10_2', 0.874672480348821)
('R10_5', 0.9689781386883213)
('R2_1', 0.9402764165849951)
save evaluate_step: 1
2019-01-13 02:05:42
starting shuffle train data
finish building train data
epoch=2 step: 17182 loss 0.44189602 processed: [1.099648] gs 17182 learning_rate 0.00042432215
epoch=2 step: 18744 loss 0.2917636 processed: [1.199616] gs 18744 learning_rate 0.00039105528
epoch=2 step: 20306 loss 0.36878902 processed: [1.299584] gs 20306 learning_rate 0.00036039655
epoch=2 step: 21868 loss 0.20350683 processed: [1.399552] gs 21868 learning_rate 0.0003321414
epoch=2 step: 23430 loss 0.33290464 processed: [1.49952] gs 23430 learning_rate 0.00030610152
epoch=2 step: 24992 loss 0.32820094 processed: [1.599488] gs 24992 learning_rate 0.00028210317
epoch=2 step: 26554 loss 0.4513479 processed: [1.699456] gs 26554 learning_rate 0.00025998626
epoch=2 step: 28116 loss 0.25816515 processed: [1.799424] gs 28116 learning_rate 0.00023960331
epoch=2 step: 29678 loss 0.24345647 processed: [1.899392] gs 29678 learning_rate 0.00022081842
epoch=2 step: 31240 loss 0.2705761 processed: [1.99936] gs 31240 learning_rate 0.00020350624
('R10_1', 0.7832669960197611)
('R10_2', 0.8818329099745985)
('R10_5', 0.9710782646958818)
('R2_1', 0.9437366241974519)
save evaluate_step: 2
2019-01-13 05:02:00
0.28154773
epoch=1 save model
2019-01-13 05:02:02
starting shuffle train data
finish building train data
epoch=3 step: 32802 loss 0.1672779 processed: [2.099328] gs 32802 learning_rate 0.00018755133
epoch=3 step: 34364 loss 0.17674986 processed: [2.199296] gs 34364 learning_rate 0.00018004929
epoch=3 step: 35926 loss 0.3414412 processed: [2.299264] gs 35926 learning_rate 0.00016593341
epoch=3 step: 37488 loss 0.3114571 processed: [2.399232] gs 37488 learning_rate 0.00015292423
epoch=3 step: 39050 loss 0.34461707 processed: [2.4992] gs 39050 learning_rate 0.00014093496
epoch=3 step: 40612 loss 0.23237617 processed: [2.599168] gs 40612 learning_rate 0.00012988565
epoch=3 step: 42174 loss 0.17507489 processed: [2.699136] gs 42174 learning_rate 0.00011970262
epoch=3 step: 43736 loss 0.22947544 processed: [2.799104] gs 43736 learning_rate 0.000110317924
epoch=3 step: 45298 loss 0.22447541 processed: [2.899072] gs 45298 learning_rate 0.000101669
epoch=3 step: 46860 loss 0.15229803 processed: [2.99904] gs 46860 learning_rate 9.369814e-05
('R10_1', 0.7850071004260256)
('R10_2', 0.8835730143808629)
('R10_5', 0.9712782766966018)
('R2_1', 0.9437366241974519)
save evaluate_step: 3
2019-01-13 07:58:05
0.22134046
epoch=2 save model
2019-01-13 07:58:07
starting shuffle train data
finish building train data
epoch=4 step: 48422 loss 0.22595039 processed: [3.099008] gs 48422 learning_rate 8.63522e-05
epoch=4 step: 49984 loss 0.2121231 processed: [3.198976] gs 49984 learning_rate 7.958218e-05
epoch=4 step: 51546 loss 0.14547345 processed: [3.298944] gs 51546 learning_rate 7.334295e-05
epoch=4 step: 53108 loss 0.18530315 processed: [3.398912] gs 53108 learning_rate 6.759285e-05
epoch=4 step: 54670 loss 0.1558493 processed: [3.49888] gs 54670 learning_rate 6.229357e-05
epoch=4 step: 56232 loss 0.29455537 processed: [3.598848] gs 56232 learning_rate 5.7409747e-05
epoch=4 step: 57794 loss 0.18314368 processed: [3.698816] gs 57794 learning_rate 5.2908825e-05
epoch=4 step: 59356 loss 0.24353947 processed: [3.798784] gs 59356 learning_rate 4.8760765e-05
epoch=4 step: 60918 loss 0.16457029 processed: [3.898752] gs 60918 learning_rate 4.4937926e-05
epoch=4 step: 62480 loss 0.27807176 processed: [3.99872] gs 62480 learning_rate 4.1414787e-05
('R10_1', 0.7806668400104007)
('R10_2', 0.8812328739724383)
('R10_5', 0.9704582274936496)
('R2_1', 0.9432765965957958)
save evaluate_step: 4
2019-01-13 10:55:07
0.21497288
epoch=3 save model
2019-01-13 10:55:08
starting shuffle train data
finish building train data
epoch=5 step: 64042 loss 0.2765428 processed: [4.098688] gs 64042 learning_rate 3.8167866e-05
